{
  "stats": {
    "suites": 39,
    "tests": 39,
    "passes": 38,
    "pending": 0,
    "failures": 1,
    "testsRegistered": 39,
    "passPercent": 97.43589743589743,
    "pendingPercent": 0,
    "other": 0,
    "hasOther": false,
    "skipped": 0,
    "hasSkipped": false,
    "start": "2025-11-24T10:32:56.542Z",
    "end": "2025-11-24T10:40:07.231Z",
    "duration": 430689
  },
  "results": [
    {
      "uuid": "d8f156de-4b9f-4098-9d82-496073e18ec9",
      "title": "",
      "fullFile": "cypress/e2e/account/TC18_view_category_products.cy.js",
      "file": "cypress/e2e/account/TC18_view_category_products.cy.js",
      "beforeHooks": [],
      "afterHooks": [],
      "tests": [],
      "suites": [
        {
          "uuid": "48896f96-512d-4488-9fbc-c5a86494474e",
          "title": "Test Case 18: View Category Products",
          "fullFile": "",
          "file": "",
          "beforeHooks": [],
          "afterHooks": [],
          "tests": [
            {
              "title": "doit afficher les produits des catégories sélectionnées",
              "fullTitle": "Test Case 18: View Category Products doit afficher les produits des catégories sélectionnées",
              "timedOut": null,
              "duration": 6214,
              "state": "passed",
              "speed": "medium",
              "pass": true,
              "fail": false,
              "pending": false,
              "context": null,
              "code": "cy.afficherProduitsParCategorie();",
              "err": {},
              "uuid": "5cf0a212-fe88-49d9-b8a1-dac55779980f",
              "parentUUID": "48896f96-512d-4488-9fbc-c5a86494474e",
              "isHook": false,
              "skipped": false
            }
          ],
          "suites": [],
          "passes": [
            "5cf0a212-fe88-49d9-b8a1-dac55779980f"
          ],
          "failures": [],
          "pending": [],
          "skipped": [],
          "duration": 6214,
          "root": false,
          "rootEmpty": false,
          "_timeout": 2000
        }
      ],
      "passes": [],
      "failures": [],
      "pending": [],
      "skipped": [],
      "duration": 0,
      "root": true,
      "rootEmpty": true,
      "_timeout": 2000
    },
    {
      "uuid": "6a8aef2d-5a15-4f80-bf8a-9dbafc12b34f",
      "title": "",
      "fullFile": "cypress/e2e/account/TC19_view_cart_brand_products.cy.js",
      "file": "cypress/e2e/account/TC19_view_cart_brand_products.cy.js",
      "beforeHooks": [],
      "afterHooks": [],
      "tests": [],
      "suites": [
        {
          "uuid": "26ff4cb3-1aca-489e-be28-969a8e8f61ea",
          "title": "Test Case 19  ",
          "fullFile": "",
          "file": "",
          "beforeHooks": [],
          "afterHooks": [],
          "tests": [
            {
              "title": "doit afficher les marques sur la page Produits",
              "fullTitle": "Test Case 19   doit afficher les marques sur la page Produits",
              "timedOut": null,
              "duration": 7457,
              "state": "passed",
              "speed": "medium",
              "pass": true,
              "fail": false,
              "pending": false,
              "context": null,
              "code": "cy.ouvrirProduitsEtVerifierMarques('Polo');",
              "err": {},
              "uuid": "71da6678-3635-4631-bf28-aa81c0b9ff6c",
              "parentUUID": "26ff4cb3-1aca-489e-be28-969a8e8f61ea",
              "isHook": false,
              "skipped": false
            }
          ],
          "suites": [],
          "passes": [
            "71da6678-3635-4631-bf28-aa81c0b9ff6c"
          ],
          "failures": [],
          "pending": [],
          "skipped": [],
          "duration": 7457,
          "root": false,
          "rootEmpty": false,
          "_timeout": 2000
        }
      ],
      "passes": [],
      "failures": [],
      "pending": [],
      "skipped": [],
      "duration": 0,
      "root": true,
      "rootEmpty": true,
      "_timeout": 2000
    },
    {
      "uuid": "c2ecec73-e89a-4d01-9598-9d7a25fe205e",
      "title": "",
      "fullFile": "cypress/e2e/account/TC20_search_products_and_verify_cart.cy.js",
      "file": "cypress/e2e/account/TC20_search_products_and_verify_cart.cy.js",
      "beforeHooks": [],
      "afterHooks": [],
      "tests": [],
      "suites": [
        {
          "uuid": "3be191d6-36ff-4d75-a0d2-d67e3c7e336c",
          "title": "Test Case 20: Search Products and Verify Cart After Login",
          "fullFile": "",
          "file": "",
          "beforeHooks": [],
          "afterHooks": [],
          "tests": [
            {
              "title": "doit rechercher un produit, l’ajouter au panier, se connecter et vérifier que le panier est conservé",
              "fullTitle": "Test Case 20: Search Products and Verify Cart After Login doit rechercher un produit, l’ajouter au panier, se connecter et vérifier que le panier est conservé",
              "timedOut": null,
              "duration": 27708,
              "state": "passed",
              "speed": "slow",
              "pass": true,
              "fail": false,
              "pending": false,
              "context": null,
              "code": "const user = (0, _utils.creerUserUnique)();\n// Étapes 1 à 7 : Recherche et ajout au panier\ncy.rechercherProduit('Top');\ncy.enregistrerUtilisateur(user);\ncy.wait(1000); // Attendre que l'utilisateur soit enregistré\n_selecteurs.selecteurs.boutonLogout().should('be.visible').click();\ncy.verifierPanierAvantEtApresConnexion();",
              "err": {},
              "uuid": "de4d8e54-cf9d-41ba-bfa0-82d748fcfc87",
              "parentUUID": "3be191d6-36ff-4d75-a0d2-d67e3c7e336c",
              "isHook": false,
              "skipped": false
            }
          ],
          "suites": [],
          "passes": [
            "de4d8e54-cf9d-41ba-bfa0-82d748fcfc87"
          ],
          "failures": [],
          "pending": [],
          "skipped": [],
          "duration": 27708,
          "root": false,
          "rootEmpty": false,
          "_timeout": 2000
        }
      ],
      "passes": [],
      "failures": [],
      "pending": [],
      "skipped": [],
      "duration": 0,
      "root": true,
      "rootEmpty": true,
      "_timeout": 2000
    },
    {
      "uuid": "c0bace7a-cf71-4f98-aea6-c07e25c3f393",
      "title": "",
      "fullFile": "cypress/e2e/account/TC21_add_review_product.cy.js",
      "file": "cypress/e2e/account/TC21_add_review_product.cy.js",
      "beforeHooks": [],
      "afterHooks": [],
      "tests": [],
      "suites": [
        {
          "uuid": "a18702c4-d3d1-40e2-9226-bd151426d1ae",
          "title": "Test Case 21: Add review on product",
          "fullFile": "",
          "file": "",
          "beforeHooks": [],
          "afterHooks": [],
          "tests": [
            {
              "title": "doit permettre d’ajouter un avis sur un produit avec succès",
              "fullTitle": "Test Case 21: Add review on product doit permettre d’ajouter un avis sur un produit avec succès",
              "timedOut": null,
              "duration": 5057,
              "state": "passed",
              "speed": "medium",
              "pass": true,
              "fail": false,
              "pending": false,
              "context": null,
              "code": "cy.ajouterAvisProduit('Nassim Kahlaoui', 'nassim11kahlaoui@gmail.com', 'Excellent produit, je recommande vivement !');",
              "err": {},
              "uuid": "f939ce96-35a9-49e9-8b9b-fa5b64c31f69",
              "parentUUID": "a18702c4-d3d1-40e2-9226-bd151426d1ae",
              "isHook": false,
              "skipped": false
            }
          ],
          "suites": [],
          "passes": [
            "f939ce96-35a9-49e9-8b9b-fa5b64c31f69"
          ],
          "failures": [],
          "pending": [],
          "skipped": [],
          "duration": 5057,
          "root": false,
          "rootEmpty": false,
          "_timeout": 2000
        }
      ],
      "passes": [],
      "failures": [],
      "pending": [],
      "skipped": [],
      "duration": 0,
      "root": true,
      "rootEmpty": true,
      "_timeout": 2000
    },
    {
      "uuid": "da2173ff-aaf6-4123-ae42-4341f3e6b686",
      "title": "",
      "fullFile": "cypress/e2e/account/TC22_add_to_cart_recommended_items.cy.js",
      "file": "cypress/e2e/account/TC22_add_to_cart_recommended_items.cy.js",
      "beforeHooks": [],
      "afterHooks": [],
      "tests": [],
      "suites": [
        {
          "uuid": "a96c0f70-09b3-4595-b78e-fce68c57d1c6",
          "title": "Test Case 22: Add to cart from Recommended items",
          "fullFile": "",
          "file": "",
          "beforeHooks": [],
          "afterHooks": [],
          "tests": [
            {
              "title": "doit ajouter un produit recommandé au panier avec succès",
              "fullTitle": "Test Case 22: Add to cart from Recommended items doit ajouter un produit recommandé au panier avec succès",
              "timedOut": null,
              "duration": 3780,
              "state": "passed",
              "speed": "fast",
              "pass": true,
              "fail": false,
              "pending": false,
              "context": null,
              "code": "// Étape 3 : Scroller vers le bas jusqu’à la section Recommended Items\ncy.ajouterProduitDepuisRecommandes();",
              "err": {},
              "uuid": "a0a67e5a-1d0a-4ec3-a922-1df7ed75089d",
              "parentUUID": "a96c0f70-09b3-4595-b78e-fce68c57d1c6",
              "isHook": false,
              "skipped": false
            }
          ],
          "suites": [],
          "passes": [
            "a0a67e5a-1d0a-4ec3-a922-1df7ed75089d"
          ],
          "failures": [],
          "pending": [],
          "skipped": [],
          "duration": 3780,
          "root": false,
          "rootEmpty": false,
          "_timeout": 2000
        }
      ],
      "passes": [],
      "failures": [],
      "pending": [],
      "skipped": [],
      "duration": 0,
      "root": true,
      "rootEmpty": true,
      "_timeout": 2000
    },
    {
      "uuid": "ecc2ba5e-7e1f-4989-9e07-21b0d2991d1b",
      "title": "",
      "fullFile": "cypress/e2e/account/TC23_verify_address_details_review_order.cy.js",
      "file": "cypress/e2e/account/TC23_verify_address_details_review_order.cy.js",
      "beforeHooks": [],
      "afterHooks": [],
      "tests": [],
      "suites": [
        {
          "uuid": "9787a8f5-7f1c-4547-9e4c-ad73ffc9a3b2",
          "title": "Test Case 23: Verify address details in checkout page",
          "fullFile": "",
          "file": "",
          "beforeHooks": [],
          "afterHooks": [],
          "tests": [
            {
              "title": "doit vérifier que les détails d’adresse sont corrects dans le checkout",
              "fullTitle": "Test Case 23: Verify address details in checkout page doit vérifier que les détails d’adresse sont corrects dans le checkout",
              "timedOut": null,
              "duration": 23310,
              "state": "passed",
              "speed": "slow",
              "pass": true,
              "fail": false,
              "pending": false,
              "context": null,
              "code": "cy.verifierDetailsAdresseCheckout();",
              "err": {},
              "uuid": "a1140153-7b87-40bd-aa06-037ed4bf922c",
              "parentUUID": "9787a8f5-7f1c-4547-9e4c-ad73ffc9a3b2",
              "isHook": false,
              "skipped": false
            }
          ],
          "suites": [],
          "passes": [
            "a1140153-7b87-40bd-aa06-037ed4bf922c"
          ],
          "failures": [],
          "pending": [],
          "skipped": [],
          "duration": 23310,
          "root": false,
          "rootEmpty": false,
          "_timeout": 2000
        }
      ],
      "passes": [],
      "failures": [],
      "pending": [],
      "skipped": [],
      "duration": 0,
      "root": true,
      "rootEmpty": true,
      "_timeout": 2000
    },
    {
      "uuid": "9c8b7de7-1a65-4532-918e-e27b734218fb",
      "title": "",
      "fullFile": "cypress/e2e/cart/TC11_verify_subscription_cart.cy.js",
      "file": "cypress/e2e/cart/TC11_verify_subscription_cart.cy.js",
      "beforeHooks": [],
      "afterHooks": [],
      "tests": [],
      "suites": [
        {
          "uuid": "b600ceda-f025-4a9b-a6fe-594b27d2cafa",
          "title": "Test Case 11: Verify Subscription in Cart page",
          "fullFile": "",
          "file": "",
          "beforeHooks": [],
          "afterHooks": [],
          "tests": [
            {
              "title": "doit s’abonner avec succès via le footer de la page Cart",
              "fullTitle": "Test Case 11: Verify Subscription in Cart page doit s’abonner avec succès via le footer de la page Cart",
              "timedOut": null,
              "duration": 3957,
              "state": "passed",
              "speed": "fast",
              "pass": true,
              "fail": false,
              "pending": false,
              "context": null,
              "code": "// Ouvre la page d’accueil, clique sur Cart, scroll jusqu’au footer et fait l’abonnement\ncy.subscribeFromCartPage('nassim13kahlaoui@gmail.com');",
              "err": {},
              "uuid": "b7c9d1d3-b71b-428e-8aaa-112fa750d696",
              "parentUUID": "b600ceda-f025-4a9b-a6fe-594b27d2cafa",
              "isHook": false,
              "skipped": false
            }
          ],
          "suites": [],
          "passes": [
            "b7c9d1d3-b71b-428e-8aaa-112fa750d696"
          ],
          "failures": [],
          "pending": [],
          "skipped": [],
          "duration": 3957,
          "root": false,
          "rootEmpty": false,
          "_timeout": 2000
        }
      ],
      "passes": [],
      "failures": [],
      "pending": [],
      "skipped": [],
      "duration": 0,
      "root": true,
      "rootEmpty": true,
      "_timeout": 2000
    },
    {
      "uuid": "d5af92d0-6124-48f8-becd-50796d766a00",
      "title": "",
      "fullFile": "cypress/e2e/cart/TC12_add_products_cart.cy.js",
      "file": "cypress/e2e/cart/TC12_add_products_cart.cy.js",
      "beforeHooks": [],
      "afterHooks": [],
      "tests": [],
      "suites": [
        {
          "uuid": "5623c5ff-f075-4782-8b3f-cbc25ef6611e",
          "title": "Test Case 12: Add Products in Cart",
          "fullFile": "",
          "file": "",
          "beforeHooks": [],
          "afterHooks": [],
          "tests": [
            {
              "title": "ajoute 2 produits et vérifie le panier",
              "fullTitle": "Test Case 12: Add Products in Cart ajoute 2 produits et vérifie le panier",
              "timedOut": null,
              "duration": 6435,
              "state": "passed",
              "speed": "medium",
              "pass": true,
              "fail": false,
              "pending": false,
              "context": null,
              "code": "cy.ajouterDeuxProduitsEtVerifierPanier();",
              "err": {},
              "uuid": "57048b60-0945-482b-b304-8ec2178d991d",
              "parentUUID": "5623c5ff-f075-4782-8b3f-cbc25ef6611e",
              "isHook": false,
              "skipped": false
            }
          ],
          "suites": [],
          "passes": [
            "57048b60-0945-482b-b304-8ec2178d991d"
          ],
          "failures": [],
          "pending": [],
          "skipped": [],
          "duration": 6435,
          "root": false,
          "rootEmpty": false,
          "_timeout": 2000
        }
      ],
      "passes": [],
      "failures": [],
      "pending": [],
      "skipped": [],
      "duration": 0,
      "root": true,
      "rootEmpty": true,
      "_timeout": 2000
    },
    {
      "uuid": "1676bd33-5baf-4b63-9bfe-c3041f41b14b",
      "title": "",
      "fullFile": "cypress/e2e/cart/TC13_verify_cart_after_login.cy.js",
      "file": "cypress/e2e/cart/TC13_verify_cart_after_login.cy.js",
      "beforeHooks": [],
      "afterHooks": [],
      "tests": [],
      "suites": [
        {
          "uuid": "bc307a7e-3b91-472c-b0b4-da3afcad5645",
          "title": "Test Case 13: Vérifier quantité produit dans le panier",
          "fullFile": "",
          "file": "",
          "beforeHooks": [],
          "afterHooks": [],
          "tests": [
            {
              "title": "doit afficher la bonne quantité après ajout",
              "fullTitle": "Test Case 13: Vérifier quantité produit dans le panier doit afficher la bonne quantité après ajout",
              "timedOut": null,
              "duration": 4907,
              "state": "passed",
              "speed": "fast",
              "pass": true,
              "fail": false,
              "pending": false,
              "context": null,
              "code": "cy.ajouterProduitAvecQuantite(4, 4); // Produit 0, quantité 4",
              "err": {},
              "uuid": "b52b3c5e-733a-4d53-a8be-bb083cf144bd",
              "parentUUID": "bc307a7e-3b91-472c-b0b4-da3afcad5645",
              "isHook": false,
              "skipped": false
            }
          ],
          "suites": [],
          "passes": [
            "b52b3c5e-733a-4d53-a8be-bb083cf144bd"
          ],
          "failures": [],
          "pending": [],
          "skipped": [],
          "duration": 4907,
          "root": false,
          "rootEmpty": false,
          "_timeout": 2000
        }
      ],
      "passes": [],
      "failures": [],
      "pending": [],
      "skipped": [],
      "duration": 0,
      "root": true,
      "rootEmpty": true,
      "_timeout": 2000
    },
    {
      "uuid": "e6746e3e-3084-44fc-9cf2-8a2529156898",
      "title": "",
      "fullFile": "cypress/e2e/authentication/TC01_register_user.cy.js",
      "file": "cypress/e2e/authentication/TC01_register_user.cy.js",
      "beforeHooks": [],
      "afterHooks": [],
      "tests": [],
      "suites": [
        {
          "uuid": "4d5b15e7-b8e5-4013-91c6-db9e6986f7f6",
          "title": "Test d’enregistrement seul",
          "fullFile": "",
          "file": "",
          "beforeHooks": [],
          "afterHooks": [],
          "tests": [
            {
              "title": "Inscrire un utilisateur et stopper le test ici",
              "fullTitle": "Test d’enregistrement seul Inscrire un utilisateur et stopper le test ici",
              "timedOut": null,
              "duration": 12679,
              "state": "passed",
              "speed": "slow",
              "pass": true,
              "fail": false,
              "pending": false,
              "context": null,
              "code": "const user = (0, _utils.creerUserUnique)();\ncy.enregistrerUtilisateur(user);\n// ✅ On stoppe volontairement ici\ncy.log('✅ Fin du test ici');\nreturn; // <--- C’est ce qui empêche Cypress d’aller plus loin",
              "err": {},
              "uuid": "49b2e21c-dc0d-42b7-89fd-5bf7664bf4f5",
              "parentUUID": "4d5b15e7-b8e5-4013-91c6-db9e6986f7f6",
              "isHook": false,
              "skipped": false
            }
          ],
          "suites": [],
          "passes": [
            "49b2e21c-dc0d-42b7-89fd-5bf7664bf4f5"
          ],
          "failures": [],
          "pending": [],
          "skipped": [],
          "duration": 12679,
          "root": false,
          "rootEmpty": false,
          "_timeout": 2000
        }
      ],
      "passes": [],
      "failures": [],
      "pending": [],
      "skipped": [],
      "duration": 0,
      "root": true,
      "rootEmpty": true,
      "_timeout": 2000
    },
    {
      "uuid": "baff95e3-95b8-48cf-b106-522237834283",
      "title": "",
      "fullFile": "cypress/e2e/authentication/TC02_login_user_correct.cy.js",
      "file": "cypress/e2e/authentication/TC02_login_user_correct.cy.js",
      "beforeHooks": [],
      "afterHooks": [],
      "tests": [],
      "suites": [
        {
          "uuid": "a16bdbf1-d3d7-4cb6-af96-2dada31032f1",
          "title": "Test Case 2: Login and Delete Account",
          "fullFile": "",
          "file": "",
          "beforeHooks": [],
          "afterHooks": [],
          "tests": [
            {
              "title": "doit se connecter et supprimer le compte avec succès",
              "fullTitle": "Test Case 2: Login and Delete Account doit se connecter et supprimer le compte avec succès",
              "timedOut": null,
              "duration": 7156,
              "state": "passed",
              "speed": "medium",
              "pass": true,
              "fail": false,
              "pending": false,
              "context": null,
              "code": "cy.loginEtSupprimerCompte();",
              "err": {},
              "uuid": "a5e39abe-1480-408c-85f0-5a67491e1131",
              "parentUUID": "a16bdbf1-d3d7-4cb6-af96-2dada31032f1",
              "isHook": false,
              "skipped": false
            }
          ],
          "suites": [],
          "passes": [
            "a5e39abe-1480-408c-85f0-5a67491e1131"
          ],
          "failures": [],
          "pending": [],
          "skipped": [],
          "duration": 7156,
          "root": false,
          "rootEmpty": false,
          "_timeout": 2000
        }
      ],
      "passes": [],
      "failures": [],
      "pending": [],
      "skipped": [],
      "duration": 0,
      "root": true,
      "rootEmpty": true,
      "_timeout": 2000
    },
    {
      "uuid": "df883e77-6b75-4051-b682-c1c311e7e8c2",
      "title": "",
      "fullFile": "cypress/e2e/authentication/TC03_login_user_incorrect.cy.js",
      "file": "cypress/e2e/authentication/TC03_login_user_incorrect.cy.js",
      "beforeHooks": [],
      "afterHooks": [],
      "tests": [],
      "suites": [
        {
          "uuid": "c8c6f7f4-3d14-4e2d-868a-8ce317506cb1",
          "title": "Test Case: Login with incorrect email and password",
          "fullFile": "",
          "file": "",
          "beforeHooks": [],
          "afterHooks": [],
          "tests": [
            {
              "title": "doit afficher un message d'erreur pour email ou mot de passe incorrect",
              "fullTitle": "Test Case: Login with incorrect email and password doit afficher un message d'erreur pour email ou mot de passe incorrect",
              "timedOut": null,
              "duration": 4503,
              "state": "passed",
              "speed": "fast",
              "pass": true,
              "fail": false,
              "pending": false,
              "context": null,
              "code": "// 1 & 2. Ouvrir le navigateur et naviguer vers l'url\ncy.visit(_baseUrl.default.baseUrl);\n// 3. Vérifier que la page d'accueil est visible (exemple avec titre)\ncy.title().should('include', 'Automation Exercise');\n// 4. Cliquer sur \"Signup / Login\"\n_selecteurs.selecteurs.lienConnexionInscription().should('be.visible').click();\n// 5. Vérifier que \"Login to your account\" est visible\ncy.contains('Login to your account').should('be.visible');\n// 6. Saisir un email et mot de passe incorrects\n_selecteurs.selecteurs.champEmailConnexion().should('be.visible').type(_userData.default.email);\n_selecteurs.selecteurs.champMotDePasseConnexion().should('be.visible').type(_userData.default.password);\n// 7. Cliquer sur le bouton login\n_selecteurs.selecteurs.boutonConnexion().should('be.visible').click();\n// 8. Vérifier que le message d'erreur est visible\ncy.contains('Your email or password is incorrect!').should('be.visible');",
              "err": {},
              "uuid": "8b09ecb2-6e5f-449d-afb3-cc6d22033fc4",
              "parentUUID": "c8c6f7f4-3d14-4e2d-868a-8ce317506cb1",
              "isHook": false,
              "skipped": false
            }
          ],
          "suites": [],
          "passes": [
            "8b09ecb2-6e5f-449d-afb3-cc6d22033fc4"
          ],
          "failures": [],
          "pending": [],
          "skipped": [],
          "duration": 4503,
          "root": false,
          "rootEmpty": false,
          "_timeout": 2000
        }
      ],
      "passes": [],
      "failures": [],
      "pending": [],
      "skipped": [],
      "duration": 0,
      "root": true,
      "rootEmpty": true,
      "_timeout": 2000
    },
    {
      "uuid": "601ac8d1-3f34-4599-87e4-7946ddf3322a",
      "title": "",
      "fullFile": "cypress/e2e/authentication/TC04_logout_user.cy.js",
      "file": "cypress/e2e/authentication/TC04_logout_user.cy.js",
      "beforeHooks": [],
      "afterHooks": [],
      "tests": [],
      "suites": [
        {
          "uuid": "4fd06bf7-cd27-4282-afe5-9d91eda19da8",
          "title": "Test Case 4: Logout User",
          "fullFile": "",
          "file": "",
          "beforeHooks": [],
          "afterHooks": [],
          "tests": [
            {
              "title": "doit se connecter puis se déconnecter avec succès",
              "fullTitle": "Test Case 4: Logout User doit se connecter puis se déconnecter avec succès",
              "timedOut": null,
              "duration": 26400,
              "state": "passed",
              "speed": "slow",
              "pass": true,
              "fail": false,
              "pending": false,
              "context": null,
              "code": "const user = (0, _utils.creerUserUnique)();\ncy.enregistrerUtilisateur();\ncy.wait(5000); // Attendre que l'utilisateur soit enregistré\n_selecteurs.selecteurs.boutonLogout().should('be.visible').click();\ncy.wait(2000); // Attendre que la déconnexion soit effectuée\ncy.seConnecter(user); // Assurez-vous que l'utilisateur est connecté",
              "err": {},
              "uuid": "986f5bf1-0ccd-4b9a-9faa-cfa42bdcc429",
              "parentUUID": "4fd06bf7-cd27-4282-afe5-9d91eda19da8",
              "isHook": false,
              "skipped": false
            }
          ],
          "suites": [],
          "passes": [
            "986f5bf1-0ccd-4b9a-9faa-cfa42bdcc429"
          ],
          "failures": [],
          "pending": [],
          "skipped": [],
          "duration": 26400,
          "root": false,
          "rootEmpty": false,
          "_timeout": 2000
        }
      ],
      "passes": [],
      "failures": [],
      "pending": [],
      "skipped": [],
      "duration": 0,
      "root": true,
      "rootEmpty": true,
      "_timeout": 2000
    },
    {
      "uuid": "8ac64723-0b2c-46ad-92b4-eed87925e780",
      "title": "",
      "fullFile": "cypress/e2e/authentication/TC05_register_existing_email.cy.js",
      "file": "cypress/e2e/authentication/TC05_register_existing_email.cy.js",
      "beforeHooks": [],
      "afterHooks": [],
      "tests": [],
      "suites": [
        {
          "uuid": "f8fbc0b9-ea1c-46bd-9116-c45f6bb0fdaf",
          "title": "Test Case 5: Register avec un email déjà existant",
          "fullFile": "",
          "file": "",
          "beforeHooks": [],
          "afterHooks": [],
          "tests": [
            {
              "title": "doit afficher une erreur si email déjà utilisé",
              "fullTitle": "Test Case 5: Register avec un email déjà existant doit afficher une erreur si email déjà utilisé",
              "timedOut": null,
              "duration": 4269,
              "state": "passed",
              "speed": "fast",
              "pass": true,
              "fail": false,
              "pending": false,
              "context": null,
              "code": "cy.registerAvecEmailExistant();",
              "err": {},
              "uuid": "837b8f26-7dc1-47a9-91ff-a1f3bcade651",
              "parentUUID": "f8fbc0b9-ea1c-46bd-9116-c45f6bb0fdaf",
              "isHook": false,
              "skipped": false
            }
          ],
          "suites": [],
          "passes": [
            "837b8f26-7dc1-47a9-91ff-a1f3bcade651"
          ],
          "failures": [],
          "pending": [],
          "skipped": [],
          "duration": 4269,
          "root": false,
          "rootEmpty": false,
          "_timeout": 2000
        }
      ],
      "passes": [],
      "failures": [],
      "pending": [],
      "skipped": [],
      "duration": 0,
      "root": true,
      "rootEmpty": true,
      "_timeout": 2000
    },
    {
      "uuid": "abc23d6f-deb8-4276-8a89-d4f4cd7497da",
      "title": "",
      "fullFile": "cypress/e2e/orders/TC14_place_order_register_checkout.cy.js",
      "file": "cypress/e2e/orders/TC14_place_order_register_checkout.cy.js",
      "beforeHooks": [],
      "afterHooks": [],
      "tests": [],
      "suites": [
        {
          "uuid": "16122c53-6e9e-425f-a84d-54d3ddf7cad4",
          "title": "Test Case 14: Place Order - Register while Checkout",
          "fullFile": "",
          "file": "",
          "beforeHooks": [],
          "afterHooks": [],
          "tests": [
            {
              "title": "doit permettre à un utilisateur de s’inscrire pendant le checkout et de passer commande avec succès",
              "fullTitle": "Test Case 14: Place Order - Register while Checkout doit permettre à un utilisateur de s’inscrire pendant le checkout et de passer commande avec succès",
              "timedOut": null,
              "duration": 28924,
              "state": "passed",
              "speed": "slow",
              "pass": true,
              "fail": false,
              "pending": false,
              "context": null,
              "code": "cy.ajouterProduitAvecQuantite(4, 4);\ncy.contains('Proceed To Checkout').click();\ncy.contains('Register / Login').click();\ncy.enregistrerUtilisateur();\n// 👉 Finalisation + suppression\ncy.finaliserCommandeEtSupprimerCompte();",
              "err": {},
              "uuid": "29b00691-0eec-4418-8a08-3ee76e7c67fd",
              "parentUUID": "16122c53-6e9e-425f-a84d-54d3ddf7cad4",
              "isHook": false,
              "skipped": false
            }
          ],
          "suites": [],
          "passes": [
            "29b00691-0eec-4418-8a08-3ee76e7c67fd"
          ],
          "failures": [],
          "pending": [],
          "skipped": [],
          "duration": 28924,
          "root": false,
          "rootEmpty": false,
          "_timeout": 2000
        }
      ],
      "passes": [],
      "failures": [],
      "pending": [],
      "skipped": [],
      "duration": 0,
      "root": true,
      "rootEmpty": true,
      "_timeout": 2000
    },
    {
      "uuid": "65f7c3ea-d3b2-4a4d-92fd-898cab4a7265",
      "title": "",
      "fullFile": "cypress/e2e/orders/TC15_register_before_checkout.cy.js",
      "file": "cypress/e2e/orders/TC15_register_before_checkout.cy.js",
      "beforeHooks": [],
      "afterHooks": [],
      "tests": [],
      "suites": [
        {
          "uuid": "729e02c5-15f8-438f-be6d-606345f268f2",
          "title": "Test Case 15: Place Order - Register before Checkout",
          "fullFile": "",
          "file": "",
          "beforeHooks": [],
          "afterHooks": [],
          "tests": [
            {
              "title": "doit inscrire un utilisateur avant le checkout puis finaliser la commande",
              "fullTitle": "Test Case 15: Place Order - Register before Checkout doit inscrire un utilisateur avant le checkout puis finaliser la commande",
              "timedOut": null,
              "duration": 29553,
              "state": "passed",
              "speed": "slow",
              "pass": true,
              "fail": false,
              "pending": false,
              "context": null,
              "code": "// Étapes 1 à 3 : Lancer et vérifier la home page\ncy.visit(_baseUrl.baseUrl);\n_selecteurs.selecteurs.logoHomePage().should('be.visible');\n// Étape 4 : Cliquer sur 'Signup / Login'\n_selecteurs.selecteurs.lienConnexionInscription().click();\n// Étapes 5 à 6 : Créer un compte\ncy.enregistrerUtilisateur(); // ta commande existante gère déjà toute l’inscription\n// Étape 7 : Vérifier qu’on est connecté\n_selecteurs.selecteurs.texteLoggedIn().should('contain.text', 'Logged in as');\n// Étape 8 : Ajouter produit au panier\ncy.ajouterProduitAvecQuantite(1, 1); // tu choisis l’index et la quantité que tu veux\n// Étape 9 : Aller au panier\n_selecteurs.selecteurs.boutonCart().click();\n// Étape 10 : Vérifier que la page du panier est affichée\ncy.url().should('include', '/view_cart');\n// Étapes 11 à 18 → on utilise ta commande existante\ncy.finaliserCommandeEtSupprimerCompte();",
              "err": {},
              "uuid": "644f09c0-c40d-4d9e-bb8b-02cf881619cc",
              "parentUUID": "729e02c5-15f8-438f-be6d-606345f268f2",
              "isHook": false,
              "skipped": false
            }
          ],
          "suites": [],
          "passes": [
            "644f09c0-c40d-4d9e-bb8b-02cf881619cc"
          ],
          "failures": [],
          "pending": [],
          "skipped": [],
          "duration": 29553,
          "root": false,
          "rootEmpty": false,
          "_timeout": 2000
        }
      ],
      "passes": [],
      "failures": [],
      "pending": [],
      "skipped": [],
      "duration": 0,
      "root": true,
      "rootEmpty": true,
      "_timeout": 2000
    },
    {
      "uuid": "03c8658b-1c40-4b7e-b821-e1f443be211d",
      "title": "",
      "fullFile": "cypress/e2e/orders/TC16_place_order_login_before_checkout.cy.js",
      "file": "cypress/e2e/orders/TC16_place_order_login_before_checkout.cy.js",
      "beforeHooks": [],
      "afterHooks": [],
      "tests": [],
      "suites": [
        {
          "uuid": "b5ff16b0-6a5f-4f6c-9806-f113c78bca72",
          "title": "Test Case 16: Place Order - Login before Checkout",
          "fullFile": "",
          "file": "",
          "beforeHooks": [],
          "afterHooks": [],
          "tests": [
            {
              "title": "doit permettre à un utilisateur connecté de passer une commande avec succès",
              "fullTitle": "Test Case 16: Place Order - Login before Checkout doit permettre à un utilisateur connecté de passer une commande avec succès",
              "timedOut": null,
              "duration": 35889,
              "state": "passed",
              "speed": "slow",
              "pass": true,
              "fail": false,
              "pending": false,
              "context": null,
              "code": "cy.visit(_baseUrl.baseUrl);\n_selecteurs.selecteurs.logoHomePage().should('be.visible');\n// Utiliser ta commande personnalisée pour se connecter\nconst user = (0, _utils.creerUserUnique)();\ncy.enregistrerUtilisateur(user);\n_selecteurs.selecteurs.boutonLogout().should('be.visible').click();\ncy.seConnecter();\n// Ajouter produits au panier\ncy.ajouterProduitAvecQuantite(1, 1);\n// Aller au panier\n_selecteurs.selecteurs.boutonCart().click();\ncy.url().should('include', '/view_cart');\n// Finaliser commande & supprimer compte\ncy.finaliserCommandeEtSupprimerCompte();",
              "err": {},
              "uuid": "e3751792-6a35-4ddf-86de-4786da705798",
              "parentUUID": "b5ff16b0-6a5f-4f6c-9806-f113c78bca72",
              "isHook": false,
              "skipped": false
            }
          ],
          "suites": [],
          "passes": [
            "e3751792-6a35-4ddf-86de-4786da705798"
          ],
          "failures": [],
          "pending": [],
          "skipped": [],
          "duration": 35889,
          "root": false,
          "rootEmpty": false,
          "_timeout": 2000
        }
      ],
      "passes": [],
      "failures": [],
      "pending": [],
      "skipped": [],
      "duration": 0,
      "root": true,
      "rootEmpty": true,
      "_timeout": 2000
    },
    {
      "uuid": "ce1b5461-9cf9-4be6-89b8-b7b200a59641",
      "title": "",
      "fullFile": "cypress/e2e/orders/TC17_remove_products_from_cart.cy.js",
      "file": "cypress/e2e/orders/TC17_remove_products_from_cart.cy.js",
      "beforeHooks": [],
      "afterHooks": [],
      "tests": [],
      "suites": [
        {
          "uuid": "be374639-1844-4a09-a03e-5856dee8c754",
          "title": "Test Case 17: Remove Products From Cart",
          "fullFile": "",
          "file": "",
          "beforeHooks": [],
          "afterHooks": [],
          "tests": [
            {
              "title": "doit ajouter des produits puis supprimer un produit du panier",
              "fullTitle": "Test Case 17: Remove Products From Cart doit ajouter des produits puis supprimer un produit du panier",
              "timedOut": null,
              "duration": 12335,
              "state": "passed",
              "speed": "slow",
              "pass": true,
              "fail": false,
              "pending": false,
              "context": null,
              "code": "// Étapes 1 à 3 : Ouvrir la page et vérifier accueil\ncy.visit(_baseUrl.baseUrl);\n_selecteurs.selecteurs.logoHomePage().should('be.visible');\n// Étape 4 : Ajouter 2 produits au panier\ncy.ajouterProduitAvecQuantite(0, 1);\ncy.ajouterProduitAvecQuantite(1, 4);\n// Étape 5 : Cliquer sur le bouton \"Cart\"\n_selecteurs.selecteurs.boutonCart().click();\n// Étape 6 : Vérifier que la page panier est affichée avec au moins 2 produits\n_selecteurs.selecteurs.lignesPanier().should('have.length.at.least', 0);\n// Étape 7 : Cliquer sur le bouton \"X\" du 1er produit pour le supprimer par  id :\n_selecteurs.selecteurs.boutonSupprimerProduitParId(1).should('be.visible').click();\n// Étape 8 : Vérifier que le produit a bien été supprimé (nombre réduit d’un)\n_selecteurs.selecteurs.lignesPanier().should('not.exist');",
              "err": {},
              "uuid": "46c59e5d-11d3-4d0e-b7b5-31b79a744061",
              "parentUUID": "be374639-1844-4a09-a03e-5856dee8c754",
              "isHook": false,
              "skipped": false
            }
          ],
          "suites": [],
          "passes": [
            "46c59e5d-11d3-4d0e-b7b5-31b79a744061"
          ],
          "failures": [],
          "pending": [],
          "skipped": [],
          "duration": 12335,
          "root": false,
          "rootEmpty": false,
          "_timeout": 2000
        }
      ],
      "passes": [],
      "failures": [],
      "pending": [],
      "skipped": [],
      "duration": 0,
      "root": true,
      "rootEmpty": true,
      "_timeout": 2000
    },
    {
      "uuid": "38738578-6b39-4ad6-91d8-1af5e650a08b",
      "title": "",
      "fullFile": "cypress/e2e/download/TC24_download_invoice.cy.js",
      "file": "cypress/e2e/download/TC24_download_invoice.cy.js",
      "beforeHooks": [],
      "afterHooks": [],
      "tests": [],
      "suites": [
        {
          "uuid": "cc984997-21fb-4199-b825-6b4a17394275",
          "title": "Test Case 24: Download Invoice after purchase order",
          "fullFile": "",
          "file": "",
          "beforeHooks": [],
          "afterHooks": [],
          "tests": [
            {
              "title": "doit permettre de télécharger la facture après la commande",
              "fullTitle": "Test Case 24: Download Invoice after purchase order doit permettre de télécharger la facture après la commande",
              "timedOut": null,
              "duration": 25584,
              "state": "failed",
              "speed": null,
              "pass": false,
              "fail": true,
              "pending": false,
              "context": null,
              "code": "cy.telechargerFactureCommande();",
              "err": {
                "message": "AssertionError: Timed out retrying after 4000ms: Expected to find element: `:nth-child(7) > .btn`, but never found it.",
                "estack": "AssertionError: Timed out retrying after 4000ms: Expected to find element: `:nth-child(7) > .btn`, but never found it.\n    at Object.boutonPlaceOrder (webpack://cypress-ecomerce/./cypress/fixtures/selecteurs.js:120:27)\n    at Context.eval (webpack://cypress-ecomerce/./cypress/support/commands.js:397:13)",
                "diff": null
              },
              "uuid": "9c0332ed-044a-45e8-a214-ddf541cdde94",
              "parentUUID": "cc984997-21fb-4199-b825-6b4a17394275",
              "isHook": false,
              "skipped": false
            }
          ],
          "suites": [],
          "passes": [],
          "failures": [
            "9c0332ed-044a-45e8-a214-ddf541cdde94"
          ],
          "pending": [],
          "skipped": [],
          "duration": 25584,
          "root": false,
          "rootEmpty": false,
          "_timeout": 2000
        }
      ],
      "passes": [],
      "failures": [],
      "pending": [],
      "skipped": [],
      "duration": 0,
      "root": true,
      "rootEmpty": true,
      "_timeout": 2000
    },
    {
      "uuid": "7408651f-f903-422c-93e5-f555a45d8132",
      "title": "",
      "fullFile": "cypress/e2e/download/TC25_scroll_up_down.cy.js",
      "file": "cypress/e2e/download/TC25_scroll_up_down.cy.js",
      "beforeHooks": [],
      "afterHooks": [],
      "tests": [],
      "suites": [
        {
          "uuid": "04e32f11-bc70-4f37-b9d4-87fa6915695f",
          "title": "Test Case 25: Verify Scroll Up using Arrow button and Scroll Down functionality",
          "fullFile": "",
          "file": "",
          "beforeHooks": [],
          "afterHooks": [],
          "tests": [
            {
              "title": "doit scroller vers le bas, puis revenir en haut avec la flèche",
              "fullTitle": "Test Case 25: Verify Scroll Up using Arrow button and Scroll Down functionality doit scroller vers le bas, puis revenir en haut avec la flèche",
              "timedOut": null,
              "duration": 3196,
              "state": "passed",
              "speed": "fast",
              "pass": true,
              "fail": false,
              "pending": false,
              "context": null,
              "code": "cy.verifierScroll();",
              "err": {},
              "uuid": "5bc9d3a8-244a-4621-b7d6-cbd9c4d6f41f",
              "parentUUID": "04e32f11-bc70-4f37-b9d4-87fa6915695f",
              "isHook": false,
              "skipped": false
            }
          ],
          "suites": [],
          "passes": [
            "5bc9d3a8-244a-4621-b7d6-cbd9c4d6f41f"
          ],
          "failures": [],
          "pending": [],
          "skipped": [],
          "duration": 3196,
          "root": false,
          "rootEmpty": false,
          "_timeout": 2000
        }
      ],
      "passes": [],
      "failures": [],
      "pending": [],
      "skipped": [],
      "duration": 0,
      "root": true,
      "rootEmpty": true,
      "_timeout": 2000
    },
    {
      "uuid": "791e372b-969b-493c-82aa-42f8fe58aea0",
      "title": "",
      "fullFile": "cypress/e2e/products/TC06_contact_us.cy.js",
      "file": "cypress/e2e/products/TC06_contact_us.cy.js",
      "beforeHooks": [],
      "afterHooks": [],
      "tests": [],
      "suites": [
        {
          "uuid": "28e736dd-d203-456f-ac27-0815dc3e6951",
          "title": "Test Case 6: Contact Us Form",
          "fullFile": "",
          "file": "",
          "beforeHooks": [],
          "afterHooks": [],
          "tests": [
            {
              "title": "devrait envoyer le formulaire Contact avec succès",
              "fullTitle": "Test Case 6: Contact Us Form devrait envoyer le formulaire Contact avec succès",
              "timedOut": null,
              "duration": 7641,
              "state": "passed",
              "speed": "medium",
              "pass": true,
              "fail": false,
              "pending": false,
              "context": null,
              "code": "cy.remplirFormulaireContact();",
              "err": {},
              "uuid": "4c090f36-6d0f-42d3-83e9-84d4110357ad",
              "parentUUID": "28e736dd-d203-456f-ac27-0815dc3e6951",
              "isHook": false,
              "skipped": false
            }
          ],
          "suites": [],
          "passes": [
            "4c090f36-6d0f-42d3-83e9-84d4110357ad"
          ],
          "failures": [],
          "pending": [],
          "skipped": [],
          "duration": 7641,
          "root": false,
          "rootEmpty": false,
          "_timeout": 2000
        }
      ],
      "passes": [],
      "failures": [],
      "pending": [],
      "skipped": [],
      "duration": 0,
      "root": true,
      "rootEmpty": true,
      "_timeout": 2000
    },
    {
      "uuid": "ffa9c86a-4860-4840-8231-dcfba57f0cbe",
      "title": "",
      "fullFile": "cypress/e2e/products/TC07_test_cases_page.cy.js",
      "file": "cypress/e2e/products/TC07_test_cases_page.cy.js",
      "beforeHooks": [],
      "afterHooks": [],
      "tests": [],
      "suites": [
        {
          "uuid": "d1b4dd50-f7ea-4e20-8631-d55f6a050dd6",
          "title": "Navigation vers la page Test Cases",
          "fullFile": "",
          "file": "",
          "beforeHooks": [],
          "afterHooks": [],
          "tests": [
            {
              "title": "devrait lancer le navigateur, accéder à la page d'accueil, cliquer sur Test Cases et vérifier la navigation",
              "fullTitle": "Navigation vers la page Test Cases devrait lancer le navigateur, accéder à la page d'accueil, cliquer sur Test Cases et vérifier la navigation",
              "timedOut": null,
              "duration": 2916,
              "state": "passed",
              "speed": "fast",
              "pass": true,
              "fail": false,
              "pending": false,
              "context": null,
              "code": "// 1 et 2. Lancer le navigateur et aller sur la page d’accueil\ncy.visit(_baseUrl.default.baseUrl);\n// 3. Vérifier que la page d’accueil est visible (exemple : vérifier logo ou un élément clé visible)\ncy.get('header').should('be.visible'); // ou un autre sélecteur représentatif de la home page\n// 4. Cliquer sur le bouton 'Test Cases'\ncy.contains('Test Cases').should('be.visible').click();\n// 5. Vérifier que l’URL contient '/test_cases' (ou ce qui correspond à la page Test Cases)\ncy.url().should('include', '/test_cases');\n// Et aussi vérifier un élément spécifique de la page Test Cases\ncy.get('h2.title.text-center').should('contain.text', 'Test Cases');",
              "err": {},
              "uuid": "c3820ef5-af4e-4f22-a469-70b050bde71b",
              "parentUUID": "d1b4dd50-f7ea-4e20-8631-d55f6a050dd6",
              "isHook": false,
              "skipped": false
            }
          ],
          "suites": [],
          "passes": [
            "c3820ef5-af4e-4f22-a469-70b050bde71b"
          ],
          "failures": [],
          "pending": [],
          "skipped": [],
          "duration": 2916,
          "root": false,
          "rootEmpty": false,
          "_timeout": 2000
        }
      ],
      "passes": [],
      "failures": [],
      "pending": [],
      "skipped": [],
      "duration": 0,
      "root": true,
      "rootEmpty": true,
      "_timeout": 2000
    },
    {
      "uuid": "6ba72a32-947d-4a29-a04c-81871813747f",
      "title": "",
      "fullFile": "cypress/e2e/products/TC08_all_products_and_details.cy.js",
      "file": "cypress/e2e/products/TC08_all_products_and_details.cy.js",
      "beforeHooks": [],
      "afterHooks": [],
      "tests": [],
      "suites": [
        {
          "uuid": "bcab8b6f-fb29-41e6-8aad-58a2d847b577",
          "title": "Test Case 8 - Produits et détails",
          "fullFile": "",
          "file": "",
          "beforeHooks": [],
          "afterHooks": [],
          "tests": [
            {
              "title": "vérifie la page produits et la page détail produit",
              "fullTitle": "Test Case 8 - Produits et détails vérifie la page produits et la page détail produit",
              "timedOut": null,
              "duration": 5603,
              "state": "passed",
              "speed": "medium",
              "pass": true,
              "fail": false,
              "pending": false,
              "context": null,
              "code": "cy.verifierProduitsEtDetails();",
              "err": {},
              "uuid": "b0377dae-aa95-4d43-a7f4-e160ad2022a2",
              "parentUUID": "bcab8b6f-fb29-41e6-8aad-58a2d847b577",
              "isHook": false,
              "skipped": false
            }
          ],
          "suites": [],
          "passes": [
            "b0377dae-aa95-4d43-a7f4-e160ad2022a2"
          ],
          "failures": [],
          "pending": [],
          "skipped": [],
          "duration": 5603,
          "root": false,
          "rootEmpty": false,
          "_timeout": 2000
        }
      ],
      "passes": [],
      "failures": [],
      "pending": [],
      "skipped": [],
      "duration": 0,
      "root": true,
      "rootEmpty": true,
      "_timeout": 2000
    },
    {
      "uuid": "a4cd882b-8aef-494f-9e89-4bd285c51d3e",
      "title": "",
      "fullFile": "cypress/e2e/products/TC09_search_product.cy.js",
      "file": "cypress/e2e/products/TC09_search_product.cy.js",
      "beforeHooks": [],
      "afterHooks": [],
      "tests": [],
      "suites": [
        {
          "uuid": "3627adb5-f03e-48fa-a329-0befb920b068",
          "title": "Recherche produit",
          "fullFile": "",
          "file": "",
          "beforeHooks": [],
          "afterHooks": [],
          "tests": [
            {
              "title": "doit afficher les résultats pour un produit recherché",
              "fullTitle": "Recherche produit doit afficher les résultats pour un produit recherché",
              "timedOut": null,
              "duration": 6448,
              "state": "passed",
              "speed": "medium",
              "pass": true,
              "fail": false,
              "pending": false,
              "context": null,
              "code": "cy.rechercherProduit('Top');",
              "err": {},
              "uuid": "31bf0d49-4dcf-4c8f-b863-2f307cde9951",
              "parentUUID": "3627adb5-f03e-48fa-a329-0befb920b068",
              "isHook": false,
              "skipped": false
            }
          ],
          "suites": [],
          "passes": [
            "31bf0d49-4dcf-4c8f-b863-2f307cde9951"
          ],
          "failures": [],
          "pending": [],
          "skipped": [],
          "duration": 6448,
          "root": false,
          "rootEmpty": false,
          "_timeout": 2000
        }
      ],
      "passes": [],
      "failures": [],
      "pending": [],
      "skipped": [],
      "duration": 0,
      "root": true,
      "rootEmpty": true,
      "_timeout": 2000
    },
    {
      "uuid": "324b9780-f8cc-437a-a082-01ea7fe32655",
      "title": "",
      "fullFile": "cypress/e2e/products/TC10_verify_subscription_home.cy.js",
      "file": "cypress/e2e/products/TC10_verify_subscription_home.cy.js",
      "beforeHooks": [],
      "afterHooks": [],
      "tests": [],
      "suites": [
        {
          "uuid": "b9dcc57e-95cf-4294-a10e-4cb393e75ca6",
          "title": "Test Case 10: Verify Subscription in home page",
          "fullFile": "",
          "file": "",
          "beforeHooks": [],
          "afterHooks": [],
          "tests": [
            {
              "title": "doit s’abonner avec succès via le footer",
              "fullTitle": "Test Case 10: Verify Subscription in home page doit s’abonner avec succès via le footer",
              "timedOut": null,
              "duration": 2875,
              "state": "passed",
              "speed": "fast",
              "pass": true,
              "fail": false,
              "pending": false,
              "context": null,
              "code": "cy.subscribeNewsletter('nassim11kahloui@gmail.com');",
              "err": {},
              "uuid": "ae850b52-f2da-433e-87f8-efd2179a4433",
              "parentUUID": "b9dcc57e-95cf-4294-a10e-4cb393e75ca6",
              "isHook": false,
              "skipped": false
            }
          ],
          "suites": [],
          "passes": [
            "ae850b52-f2da-433e-87f8-efd2179a4433"
          ],
          "failures": [],
          "pending": [],
          "skipped": [],
          "duration": 2875,
          "root": false,
          "rootEmpty": false,
          "_timeout": 2000
        }
      ],
      "passes": [],
      "failures": [],
      "pending": [],
      "skipped": [],
      "duration": 0,
      "root": true,
      "rootEmpty": true,
      "_timeout": 2000
    },
    {
      "uuid": "b50718a9-c07e-47df-82fe-17919c86d7c0",
      "title": "",
      "fullFile": "testapi/brands.spec.js",
      "file": "testapi/brands.spec.js",
      "beforeHooks": [],
      "afterHooks": [],
      "tests": [],
      "suites": [
        {
          "uuid": "c1a1bd0d-5ff2-4fad-9466-9c3e22598fa7",
          "title": "API 3 – Get All brands List",
          "fullFile": "",
          "file": "",
          "beforeHooks": [],
          "afterHooks": [],
          "tests": [
            {
              "title": "should return 200 and a list of brands",
              "fullTitle": "API 3 – Get All brands List should return 200 and a list of brands",
              "timedOut": null,
              "duration": 320,
              "state": "passed",
              "speed": "fast",
              "pass": true,
              "fail": false,
              "pending": false,
              "context": null,
              "code": "cy.request('https://automationexercise.com/api/brandsList').then(res => {\n  expect(res.status).to.eq(200);\n  // ✅ Parse the string body to real JSON\n  const body = JSON.parse(res.body);\n  expect(body).to.have.property('brands');\n  expect(body.brands).to.be.an('array');\n  expect(body.brands.length).to.be.greaterThan(0);\n});",
              "err": {},
              "uuid": "5be1eb27-caef-45fe-a6e5-917d3b4cb5dd",
              "parentUUID": "c1a1bd0d-5ff2-4fad-9466-9c3e22598fa7",
              "isHook": false,
              "skipped": false
            }
          ],
          "suites": [],
          "passes": [
            "5be1eb27-caef-45fe-a6e5-917d3b4cb5dd"
          ],
          "failures": [],
          "pending": [],
          "skipped": [],
          "duration": 320,
          "root": false,
          "rootEmpty": false,
          "_timeout": 2000
        }
      ],
      "passes": [],
      "failures": [],
      "pending": [],
      "skipped": [],
      "duration": 0,
      "root": true,
      "rootEmpty": true,
      "_timeout": 2000
    },
    {
      "uuid": "e881a947-1805-44d5-b088-d5626ddd41d4",
      "title": "",
      "fullFile": "testapi/brands_put.spec.js",
      "file": "testapi/brands_put.spec.js",
      "beforeHooks": [],
      "afterHooks": [],
      "tests": [],
      "suites": [
        {
          "uuid": "ef5d8727-e040-4890-a38b-66fd7c55cf85",
          "title": "API 4 – PUT to /brandsList should fail",
          "fullFile": "",
          "file": "",
          "beforeHooks": [],
          "afterHooks": [],
          "tests": [
            {
              "title": "should return 200 but with error message",
              "fullTitle": "API 4 – PUT to /brandsList should fail should return 200 but with error message",
              "timedOut": null,
              "duration": 266,
              "state": "passed",
              "speed": "fast",
              "pass": true,
              "fail": false,
              "pending": false,
              "context": null,
              "code": "cy.request({\n  method: 'put',\n  url: 'https://automationexercise.com/api/productsList',\n  failOnStatusCode: false\n}).then(res => {\n  expect(res.status).to.eq(200);\n  const body = JSON.parse(res.body);\n  expect(body).to.have.property('message');\n  expect(body.message).to.eq('This request method is not supported.');\n  expect(body).to.not.have.property('brands');\n});",
              "err": {},
              "uuid": "d3e73bb8-a054-45b5-94d5-17a5639a3bef",
              "parentUUID": "ef5d8727-e040-4890-a38b-66fd7c55cf85",
              "isHook": false,
              "skipped": false
            }
          ],
          "suites": [],
          "passes": [
            "d3e73bb8-a054-45b5-94d5-17a5639a3bef"
          ],
          "failures": [],
          "pending": [],
          "skipped": [],
          "duration": 266,
          "root": false,
          "rootEmpty": false,
          "_timeout": 2000
        }
      ],
      "passes": [],
      "failures": [],
      "pending": [],
      "skipped": [],
      "duration": 0,
      "root": true,
      "rootEmpty": true,
      "_timeout": 2000
    },
    {
      "uuid": "0de74159-0a81-4bd7-8dca-b78e5be9d113",
      "title": "",
      "fullFile": "testapi/delete_user.spec.js",
      "file": "testapi/delete_user.spec.js",
      "beforeHooks": [],
      "afterHooks": [],
      "tests": [],
      "suites": [
        {
          "uuid": "ffb235f3-f51c-4546-a749-25f4ed32a682",
          "title": "API 12 – Delete User Account",
          "fullFile": "",
          "file": "",
          "beforeHooks": [],
          "afterHooks": [],
          "tests": [
            {
              "title": "should create then delete the user account",
              "fullTitle": "API 12 – Delete User Account should create then delete the user account",
              "timedOut": null,
              "duration": 507,
              "state": "passed",
              "speed": "fast",
              "pass": true,
              "fail": false,
              "pending": false,
              "context": null,
              "code": "const user = (0, _utils.creerUserUnique)();\n// 🔹 Step 1: Create User\ncy.request({\n  method: 'POST',\n  url: 'https://automationexercise.com/api/createAccount',\n  form: true,\n  body: {\n    name: user.name,\n    email: user.email,\n    password: user.password,\n    title: 'Mr',\n    birth_date: '02',\n    birth_month: 'March',\n    birth_year: '2001',\n    firstname: 'Laila',\n    lastname: 'Chadli',\n    company: 'DevGirls',\n    address1: 'Rue 2 Mars',\n    address2: 'Appartement 2',\n    country: 'Morocco',\n    zipcode: '20000',\n    state: 'Casablanca-Settat',\n    city: 'Casablanca',\n    mobile_number: '0684070858'\n  }\n}).then(res => {\n  expect(res.status).to.eq(200);\n  const body = JSON.parse(res.body);\n  expect(body.message).to.eq('User created!');\n  // 🔹 Step 2: Delete User\n  cy.request({\n    method: 'DELETE',\n    url: 'https://automationexercise.com/api/deleteAccount',\n    form: true,\n    body: {\n      email: user.email,\n      password: user.password\n    }\n  }).then(res => {\n    expect(res.status).to.eq(200);\n    const body = JSON.parse(res.body);\n    expect(body.message).to.eq('Account deleted!');\n  });\n});",
              "err": {},
              "uuid": "ad185dab-0d34-4ae2-a079-0f3645533446",
              "parentUUID": "ffb235f3-f51c-4546-a749-25f4ed32a682",
              "isHook": false,
              "skipped": false
            }
          ],
          "suites": [],
          "passes": [
            "ad185dab-0d34-4ae2-a079-0f3645533446"
          ],
          "failures": [],
          "pending": [],
          "skipped": [],
          "duration": 507,
          "root": false,
          "rootEmpty": false,
          "_timeout": 2000
        }
      ],
      "passes": [],
      "failures": [],
      "pending": [],
      "skipped": [],
      "duration": 0,
      "root": true,
      "rootEmpty": true,
      "_timeout": 2000
    },
    {
      "uuid": "ed991723-cb8f-4d1e-aa7d-5f40d0b16d18",
      "title": "",
      "fullFile": "testapi/get_user_detail.spec.js",
      "file": "testapi/get_user_detail.spec.js",
      "beforeHooks": [],
      "afterHooks": [],
      "tests": [],
      "suites": [
        {
          "uuid": "95b45746-b473-42e3-884a-177b599b215e",
          "title": "API 14 – Get User Detail by Email",
          "fullFile": "",
          "file": "",
          "beforeHooks": [],
          "afterHooks": [],
          "tests": [
            {
              "title": "should create a user then retrieve its details",
              "fullTitle": "API 14 – Get User Detail by Email should create a user then retrieve its details",
              "timedOut": null,
              "duration": 576,
              "state": "passed",
              "speed": "fast",
              "pass": true,
              "fail": false,
              "pending": false,
              "context": null,
              "code": "const user = (0, _utils.creerUserUnique)();\n// 🔹 Étape 1 – Créer l’utilisateur\ncy.request({\n  method: 'POST',\n  url: 'https://automationexercise.com/api/createAccount',\n  form: true,\n  body: {\n    name: user.name,\n    email: user.email,\n    password: user.password,\n    title: 'Mr',\n    birth_date: '02',\n    birth_month: 'February',\n    birth_year: '2000',\n    firstname: 'Laila',\n    lastname: 'Chadli',\n    company: 'TestCorp',\n    address1: '2 Mars',\n    address2: 'Immeuble B',\n    country: 'Morocco',\n    zipcode: '20000',\n    state: 'Casa-Settat',\n    city: 'Casablanca',\n    mobile_number: '0600000000'\n  }\n}).then(res => {\n  expect(res.status).to.eq(200);\n  const body = JSON.parse(res.body);\n  expect(body.message).to.eq('User created!');\n  // 🔹 Étape 2 – Rechercher l’utilisateur par email\n  cy.request({\n    method: 'GET',\n    url: `https://automationexercise.com/api/getUserDetailByEmail?email=${user.email}`\n  }).then(res => {\n    expect(res.status).to.eq(200);\n    const body = JSON.parse(res.body);\n    expect(body).to.have.property('user');\n    expect(body.user).to.have.property('email', user.email);\n    expect(body.user).to.have.property('name', user.name);\n  });\n});",
              "err": {},
              "uuid": "093a9719-9ae0-4c76-a368-41bd8d1c2971",
              "parentUUID": "95b45746-b473-42e3-884a-177b599b215e",
              "isHook": false,
              "skipped": false
            }
          ],
          "suites": [],
          "passes": [
            "093a9719-9ae0-4c76-a368-41bd8d1c2971"
          ],
          "failures": [],
          "pending": [],
          "skipped": [],
          "duration": 576,
          "root": false,
          "rootEmpty": false,
          "_timeout": 2000
        }
      ],
      "passes": [],
      "failures": [],
      "pending": [],
      "skipped": [],
      "duration": 0,
      "root": true,
      "rootEmpty": true,
      "_timeout": 2000
    },
    {
      "uuid": "7d99cbb4-7eb4-44ae-aa19-0d93b394a0c3",
      "title": "",
      "fullFile": "testapi/login_delete.spec.js",
      "file": "testapi/login_delete.spec.js",
      "beforeHooks": [],
      "afterHooks": [],
      "tests": [],
      "suites": [
        {
          "uuid": "7ec5517e-f6b8-4792-b3f1-e2dd3e6639cf",
          "title": "API 9 – DELETE to /verifyLogin should fail",
          "fullFile": "",
          "file": "",
          "beforeHooks": [],
          "afterHooks": [],
          "tests": [
            {
              "title": "should return 400 and products array",
              "fullTitle": "API 9 – DELETE to /verifyLogin should fail should return 400 and products array",
              "timedOut": null,
              "duration": 271,
              "state": "passed",
              "speed": "fast",
              "pass": true,
              "fail": false,
              "pending": false,
              "context": null,
              "code": "cy.request({\n  method: 'delete',\n  url: 'https://automationexercise.com/api/verifyLogin',\n  failOnStatusCode: false\n}).then(res => {\n  expect(res.status).to.eq(200);\n  const body = JSON.parse(res.body);\n  expect(body).to.have.property('message');\n  expect(body.message).to.eq('This request method is not supported.');\n});",
              "err": {},
              "uuid": "3694c1ba-923a-4000-9d75-0ae708ecec36",
              "parentUUID": "7ec5517e-f6b8-4792-b3f1-e2dd3e6639cf",
              "isHook": false,
              "skipped": false
            }
          ],
          "suites": [],
          "passes": [
            "3694c1ba-923a-4000-9d75-0ae708ecec36"
          ],
          "failures": [],
          "pending": [],
          "skipped": [],
          "duration": 271,
          "root": false,
          "rootEmpty": false,
          "_timeout": 2000
        }
      ],
      "passes": [],
      "failures": [],
      "pending": [],
      "skipped": [],
      "duration": 0,
      "root": true,
      "rootEmpty": true,
      "_timeout": 2000
    },
    {
      "uuid": "f3cba905-ef97-4e53-b44c-90f6567a6ab7",
      "title": "",
      "fullFile": "testapi/login_invalid.spec.js",
      "file": "testapi/login_invalid.spec.js",
      "beforeHooks": [],
      "afterHooks": [],
      "tests": [],
      "suites": [
        {
          "uuid": "808fd4e6-4b8d-4fbd-a39f-ad81b6caf09e",
          "title": "API 10 – Login with invalid credentials",
          "fullFile": "",
          "file": "",
          "beforeHooks": [],
          "afterHooks": [],
          "tests": [
            {
              "title": "should return 404 with error message",
              "fullTitle": "API 10 – Login with invalid credentials should return 404 with error message",
              "timedOut": null,
              "duration": 278,
              "state": "passed",
              "speed": "fast",
              "pass": true,
              "fail": false,
              "pending": false,
              "context": null,
              "code": "cy.request({\n  method: 'POST',\n  url: 'https://automationexercise.com/api/verifyLogin',\n  failOnStatusCode: false,\n  form: true,\n  body: {\n    email: 'nassim_kahlaoui@test.com',\n    password: 'kahlaoui123'\n  }\n}).then(res => {\n  expect(res.status).to.eq(200);\n  const body = JSON.parse(res.body);\n  expect(body).to.have.property('message');\n  expect(body.message).to.eq('User not found!');\n});",
              "err": {},
              "uuid": "00dea116-3b76-4fcb-9006-c8a0bf57da19",
              "parentUUID": "808fd4e6-4b8d-4fbd-a39f-ad81b6caf09e",
              "isHook": false,
              "skipped": false
            }
          ],
          "suites": [],
          "passes": [
            "00dea116-3b76-4fcb-9006-c8a0bf57da19"
          ],
          "failures": [],
          "pending": [],
          "skipped": [],
          "duration": 278,
          "root": false,
          "rootEmpty": false,
          "_timeout": 2000
        }
      ],
      "passes": [],
      "failures": [],
      "pending": [],
      "skipped": [],
      "duration": 0,
      "root": true,
      "rootEmpty": true,
      "_timeout": 2000
    },
    {
      "uuid": "88bbf458-82d6-4c6c-9030-a999979b13e3",
      "title": "",
      "fullFile": "testapi/login_no_email.spec.js",
      "file": "testapi/login_no_email.spec.js",
      "beforeHooks": [],
      "afterHooks": [],
      "tests": [],
      "suites": [
        {
          "uuid": "45449c8e-985a-4633-a345-f98b4455c00e",
          "title": "API 8 – Login without email parameter",
          "fullFile": "",
          "file": "",
          "beforeHooks": [],
          "afterHooks": [],
          "tests": [
            {
              "title": "should return 400 and products array",
              "fullTitle": "API 8 – Login without email parameter should return 400 and products array",
              "timedOut": null,
              "duration": 281,
              "state": "passed",
              "speed": "fast",
              "pass": true,
              "fail": false,
              "pending": false,
              "context": null,
              "code": "cy.request({\n  method: 'POST',\n  url: 'https://automationexercise.com/api/verifyLogin',\n  form: true,\n  body: {\n    password: '123456'\n  }\n}).then(res => {\n  expect(res.status).to.eq(200);\n  const body = JSON.parse(res.body);\n  expect(body).to.have.property('message');\n  expect(body.message).to.eq('Bad request, email or password parameter is missing in POST request.');\n});",
              "err": {},
              "uuid": "bdb8e5c5-8b0b-425b-bdf8-4a83e74d759e",
              "parentUUID": "45449c8e-985a-4633-a345-f98b4455c00e",
              "isHook": false,
              "skipped": false
            }
          ],
          "suites": [],
          "passes": [
            "bdb8e5c5-8b0b-425b-bdf8-4a83e74d759e"
          ],
          "failures": [],
          "pending": [],
          "skipped": [],
          "duration": 281,
          "root": false,
          "rootEmpty": false,
          "_timeout": 2000
        }
      ],
      "passes": [],
      "failures": [],
      "pending": [],
      "skipped": [],
      "duration": 0,
      "root": true,
      "rootEmpty": true,
      "_timeout": 2000
    },
    {
      "uuid": "76e672ee-fc7a-4731-8ad7-046a980b6c44",
      "title": "",
      "fullFile": "testapi/login_valid.spec.js",
      "file": "testapi/login_valid.spec.js",
      "beforeHooks": [],
      "afterHooks": [],
      "tests": [],
      "suites": [
        {
          "uuid": "33c227a9-5511-455b-b10c-c1628a886cdc",
          "title": "API 7 – Login with valid credentials",
          "fullFile": "",
          "file": "",
          "beforeHooks": [],
          "afterHooks": [],
          "tests": [
            {
              "title": "should return 200 and \"User exists\" message",
              "fullTitle": "API 7 – Login with valid credentials should return 200 and \"User exists\" message",
              "timedOut": null,
              "duration": 12627,
              "state": "passed",
              "speed": "slow",
              "pass": true,
              "fail": false,
              "pending": false,
              "context": null,
              "code": "cy.readFile('cypress/fixtures/userData.json').then(user => {\n  cy.request({\n    method: 'POST',\n    url: 'https://automationexercise.com/api/verifyLogin',\n    form: true,\n    body: {\n      email: user.email,\n      password: user.password\n    }\n  }).then(res => {\n    expect(res.status).to.eq(200);\n    const body = JSON.parse(res.body);\n    expect(body).to.have.property('message');\n    expect(body.message.trim()).to.eq('User exists!');\n  });\n});",
              "err": {},
              "uuid": "f1cdb316-0d57-48c1-9842-e54698e89d07",
              "parentUUID": "33c227a9-5511-455b-b10c-c1628a886cdc",
              "isHook": false,
              "skipped": false
            }
          ],
          "suites": [],
          "passes": [
            "f1cdb316-0d57-48c1-9842-e54698e89d07"
          ],
          "failures": [],
          "pending": [],
          "skipped": [],
          "duration": 12627,
          "root": false,
          "rootEmpty": false,
          "_timeout": 2000
        }
      ],
      "passes": [],
      "failures": [],
      "pending": [],
      "skipped": [],
      "duration": 0,
      "root": true,
      "rootEmpty": true,
      "_timeout": 2000
    },
    {
      "uuid": "30a845f3-926a-457f-aef9-d1121a38597d",
      "title": "",
      "fullFile": "testapi/products.spec.js",
      "file": "testapi/products.spec.js",
      "beforeHooks": [],
      "afterHooks": [],
      "tests": [],
      "suites": [
        {
          "uuid": "c3577643-45d6-49b1-a3c6-c6f43e196160",
          "title": "API 1 – Get All Products List",
          "fullFile": "",
          "file": "",
          "beforeHooks": [],
          "afterHooks": [],
          "tests": [
            {
              "title": "should return 200 and a list of products",
              "fullTitle": "API 1 – Get All Products List should return 200 and a list of products",
              "timedOut": null,
              "duration": 411,
              "state": "passed",
              "speed": "fast",
              "pass": true,
              "fail": false,
              "pending": false,
              "context": null,
              "code": "cy.request('https://automationexercise.com/api/productsList').then(res => {\n  expect(res.status).to.eq(200);\n  // ✅ Parse the string body to real JSON\n  const body = JSON.parse(res.body);\n  expect(body).to.have.property('products');\n  expect(body.products).to.be.an('array');\n  expect(body.products.length).to.be.greaterThan(0);\n});",
              "err": {},
              "uuid": "9844966f-362a-4b31-ad12-afa3e388f561",
              "parentUUID": "c3577643-45d6-49b1-a3c6-c6f43e196160",
              "isHook": false,
              "skipped": false
            }
          ],
          "suites": [],
          "passes": [
            "9844966f-362a-4b31-ad12-afa3e388f561"
          ],
          "failures": [],
          "pending": [],
          "skipped": [],
          "duration": 411,
          "root": false,
          "rootEmpty": false,
          "_timeout": 2000
        }
      ],
      "passes": [],
      "failures": [],
      "pending": [],
      "skipped": [],
      "duration": 0,
      "root": true,
      "rootEmpty": true,
      "_timeout": 2000
    },
    {
      "uuid": "d4f60ce2-bd7f-4b00-abd0-8d2703bd545c",
      "title": "",
      "fullFile": "testapi/products_post.spec.js",
      "file": "testapi/products_post.spec.js",
      "beforeHooks": [],
      "afterHooks": [],
      "tests": [],
      "suites": [
        {
          "uuid": "592fbd08-70a5-4d9e-a130-0cc862333bba",
          "title": "API 2 – POST to /productsList should fail",
          "fullFile": "",
          "file": "",
          "beforeHooks": [],
          "afterHooks": [],
          "tests": [
            {
              "title": "should return 405 Method Not Allowed",
              "fullTitle": "API 2 – POST to /productsList should fail should return 405 Method Not Allowed",
              "timedOut": null,
              "duration": 272,
              "state": "passed",
              "speed": "fast",
              "pass": true,
              "fail": false,
              "pending": false,
              "context": null,
              "code": "cy.request({\n  method: 'POST',\n  url: 'https://automationexercise.com/api/productsList',\n  failOnStatusCode: false\n}).then(res => {\n  expect(res.status).to.eq(200);\n  const body = JSON.parse(res.body);\n  expect(body).to.have.property('message');\n  expect(body.message).to.eq('This request method is not supported.');\n});",
              "err": {},
              "uuid": "ec06da1e-e19a-47bc-874f-7591b2d62e04",
              "parentUUID": "592fbd08-70a5-4d9e-a130-0cc862333bba",
              "isHook": false,
              "skipped": false
            }
          ],
          "suites": [],
          "passes": [
            "ec06da1e-e19a-47bc-874f-7591b2d62e04"
          ],
          "failures": [],
          "pending": [],
          "skipped": [],
          "duration": 272,
          "root": false,
          "rootEmpty": false,
          "_timeout": 2000
        }
      ],
      "passes": [],
      "failures": [],
      "pending": [],
      "skipped": [],
      "duration": 0,
      "root": true,
      "rootEmpty": true,
      "_timeout": 2000
    },
    {
      "uuid": "3d6f8674-6779-4250-9bd7-2b2b884e978d",
      "title": "",
      "fullFile": "testapi/register_user.spec.js",
      "file": "testapi/register_user.spec.js",
      "beforeHooks": [],
      "afterHooks": [],
      "tests": [],
      "suites": [
        {
          "uuid": "0fdee50e-0292-423b-9e1e-e7585b7b22a4",
          "title": "API 11 – Create/Register User Account",
          "fullFile": "",
          "file": "",
          "beforeHooks": [],
          "afterHooks": [],
          "tests": [
            {
              "title": "should return 201 and confirmation message",
              "fullTitle": "API 11 – Create/Register User Account should return 201 and confirmation message",
              "timedOut": null,
              "duration": 305,
              "state": "passed",
              "speed": "fast",
              "pass": true,
              "fail": false,
              "pending": false,
              "context": null,
              "code": "const user = (0, _utils.creerUserUnique)();\ncy.request({\n  method: 'POST',\n  url: 'https://automationexercise.com/api/createAccount',\n  form: true,\n  body: {\n    name: user.name,\n    email: user.email,\n    password: user.password,\n    title: 'Mr',\n    birth_date: '10',\n    birth_month: 'May',\n    birth_year: '1997',\n    firstname: 'Nassim',\n    lastname: 'Kahlaoui',\n    company: 'FreelanceDeveloper',\n    address1: '122 rue sidi moman',\n    address2: 'Appt 5 Résidence laila',\n    country: 'Casablanca',\n    zipcode: '10000',\n    state: 'casablanca_settat',\n    city: 'Casablanca',\n    mobile_number: '0653226262'\n  }\n}).then(res => {\n  expect(res.status).to.eq(200);\n  const body = JSON.parse(res.body);\n  expect(body).to.have.property('message');\n  expect(body.message).to.eq('User created!');\n});",
              "err": {},
              "uuid": "865af718-57b4-4a21-bb9b-69a8d4c27165",
              "parentUUID": "0fdee50e-0292-423b-9e1e-e7585b7b22a4",
              "isHook": false,
              "skipped": false
            }
          ],
          "suites": [],
          "passes": [
            "865af718-57b4-4a21-bb9b-69a8d4c27165"
          ],
          "failures": [],
          "pending": [],
          "skipped": [],
          "duration": 305,
          "root": false,
          "rootEmpty": false,
          "_timeout": 2000
        }
      ],
      "passes": [],
      "failures": [],
      "pending": [],
      "skipped": [],
      "duration": 0,
      "root": true,
      "rootEmpty": true,
      "_timeout": 2000
    },
    {
      "uuid": "fc5b9b74-45bd-4f11-a4c9-b9509ae0cc53",
      "title": "",
      "fullFile": "testapi/search_product.spec.js",
      "file": "testapi/search_product.spec.js",
      "beforeHooks": [],
      "afterHooks": [],
      "tests": [],
      "suites": [
        {
          "uuid": "a114e90a-200e-44b4-9231-21306fa50b27",
          "title": "API 5 – Search product by name",
          "fullFile": "",
          "file": "",
          "beforeHooks": [],
          "afterHooks": [],
          "tests": [
            {
              "title": "should return 200 and products array",
              "fullTitle": "API 5 – Search product by name should return 200 and products array",
              "timedOut": null,
              "duration": 356,
              "state": "passed",
              "speed": "fast",
              "pass": true,
              "fail": false,
              "pending": false,
              "context": null,
              "code": "cy.request({\n  method: 'POST',\n  url: 'https://automationexercise.com/api/searchProduct',\n  form: true,\n  body: {\n    search_product: 'top'\n  }\n}).then(res => {\n  expect(res.status).to.eq(200);\n  const body = JSON.parse(res.body);\n  expect(body).to.have.property('products');\n  expect(body.products).to.be.an('array');\n  expect(body.products.length).to.be.greaterThan(0);\n});",
              "err": {},
              "uuid": "bdd2dbc2-1fd6-4621-86f3-23a650cccc22",
              "parentUUID": "a114e90a-200e-44b4-9231-21306fa50b27",
              "isHook": false,
              "skipped": false
            }
          ],
          "suites": [],
          "passes": [
            "bdd2dbc2-1fd6-4621-86f3-23a650cccc22"
          ],
          "failures": [],
          "pending": [],
          "skipped": [],
          "duration": 356,
          "root": false,
          "rootEmpty": false,
          "_timeout": 2000
        }
      ],
      "passes": [],
      "failures": [],
      "pending": [],
      "skipped": [],
      "duration": 0,
      "root": true,
      "rootEmpty": true,
      "_timeout": 2000
    },
    {
      "uuid": "cb75d4e2-eef7-47ee-ab75-57cd4e241d54",
      "title": "",
      "fullFile": "testapi/search_product_no_param.spec.js",
      "file": "testapi/search_product_no_param.spec.js",
      "beforeHooks": [],
      "afterHooks": [],
      "tests": [],
      "suites": [
        {
          "uuid": "34f729ef-f971-4c09-b77a-2b8ef0bd3451",
          "title": "API 6 – Search product by name",
          "fullFile": "",
          "file": "",
          "beforeHooks": [],
          "afterHooks": [],
          "tests": [
            {
              "title": "should return 200 and products array",
              "fullTitle": "API 6 – Search product by name should return 200 and products array",
              "timedOut": null,
              "duration": 503,
              "state": "passed",
              "speed": "fast",
              "pass": true,
              "fail": false,
              "pending": false,
              "context": null,
              "code": "cy.request({\n  method: 'POST',\n  url: 'https://automationexercise.com/api/searchProduct',\n  form: true\n}).then(res => {\n  expect(res.status).to.eq(200);\n  const body = JSON.parse(res.body);\n  expect(body).to.have.property('message');\n  expect(body.message).to.eq('Bad request, search_product parameter is missing in POST request.');\n  expect(body).to.not.have.property('products');\n});",
              "err": {},
              "uuid": "5f46d451-eb2f-4449-9414-ccf2b80d8099",
              "parentUUID": "34f729ef-f971-4c09-b77a-2b8ef0bd3451",
              "isHook": false,
              "skipped": false
            }
          ],
          "suites": [],
          "passes": [
            "5f46d451-eb2f-4449-9414-ccf2b80d8099"
          ],
          "failures": [],
          "pending": [],
          "skipped": [],
          "duration": 503,
          "root": false,
          "rootEmpty": false,
          "_timeout": 2000
        }
      ],
      "passes": [],
      "failures": [],
      "pending": [],
      "skipped": [],
      "duration": 0,
      "root": true,
      "rootEmpty": true,
      "_timeout": 2000
    },
    {
      "uuid": "46521443-c123-443d-9e93-5e92c28521a9",
      "title": "",
      "fullFile": "testapi/update_user.spec.js",
      "file": "testapi/update_user.spec.js",
      "beforeHooks": [],
      "afterHooks": [],
      "tests": [],
      "suites": [
        {
          "uuid": "5eb20df3-00ba-4c45-80cf-4f7de7fb74e2",
          "title": "API 13 – Update User Account",
          "fullFile": "",
          "file": "",
          "beforeHooks": [],
          "afterHooks": [],
          "tests": [
            {
              "title": "should create then update the user account",
              "fullTitle": "API 13 – Update User Account should create then update the user account",
              "timedOut": null,
              "duration": 900,
              "state": "passed",
              "speed": "fast",
              "pass": true,
              "fail": false,
              "pending": false,
              "context": null,
              "code": "const user = (0, _utils.creerUserUnique)();\n// Step 1 – Create the user\ncy.request({\n  method: 'POST',\n  url: 'https://automationexercise.com/api/createAccount',\n  form: true,\n  body: {\n    name: user.name,\n    email: user.email,\n    password: user.password,\n    title: 'Mr',\n    birth_date: '15',\n    birth_month: 'April',\n    birth_year: '1990',\n    firstname: 'Nassim',\n    lastname: 'Kahlaoui',\n    company: 'QADev',\n    address1: 'Rue du Test',\n    address2: 'Résidence QA',\n    country: 'Morocco',\n    zipcode: '12345',\n    state: 'Casa',\n    city: 'Casablanca',\n    mobile_number: '0600000000'\n  }\n}).then(res => {\n  expect(res.status).to.eq(200);\n  const body = JSON.parse(res.body);\n  expect(body.message).to.eq('User created!');\n  // Step 2 – Update the user\n  cy.request({\n    method: 'PUT',\n    url: 'https://automationexercise.com/api/updateAccount',\n    form: true,\n    body: {\n      email: user.email,\n      password: user.password,\n      name: 'Nassimlaila',\n      address1: 'markch adresse 456',\n      mobile_number: '0666938510'\n    }\n  }).then(res => {\n    expect(res.status).to.eq(200);\n    const body = JSON.parse(res.body);\n    expect(body.message).to.eq('User updated!');\n  });\n});",
              "err": {},
              "uuid": "91eb3254-ee44-43d7-820d-e1c66bf204f0",
              "parentUUID": "5eb20df3-00ba-4c45-80cf-4f7de7fb74e2",
              "isHook": false,
              "skipped": false
            }
          ],
          "suites": [],
          "passes": [
            "91eb3254-ee44-43d7-820d-e1c66bf204f0"
          ],
          "failures": [],
          "pending": [],
          "skipped": [],
          "duration": 900,
          "root": false,
          "rootEmpty": false,
          "_timeout": 2000
        }
      ],
      "passes": [],
      "failures": [],
      "pending": [],
      "skipped": [],
      "duration": 0,
      "root": true,
      "rootEmpty": true,
      "_timeout": 2000
    }
  ],
  "meta": {
    "mocha": {
      "version": "7.0.1"
    },
    "mochawesome": {
      "options": {
        "quiet": false,
        "reportFilename": "mochawesome",
        "saveHtml": false,
        "saveJson": true,
        "consoleReporter": "spec",
        "useInlineDiffs": false,
        "code": true
      },
      "version": "7.1.3"
    },
    "marge": {
      "options": {
        "reportDir": "cypress/results",
        "overwrite": false,
        "html": false,
        "json": true
      },
      "version": "6.2.0"
    }
  }
}