{
  "stats": {
    "suites": 1,
    "tests": 1,
    "passes": 1,
    "pending": 0,
    "failures": 0,
    "start": "2025-08-06T16:06:14.996Z",
    "end": "2025-08-06T16:06:27.308Z",
    "duration": 12312,
    "testsRegistered": 1,
    "passPercent": 100,
    "pendingPercent": 0,
    "other": 0,
    "hasOther": false,
    "skipped": 0,
    "hasSkipped": false
  },
  "results": [
    {
      "uuid": "6f71f5ce-33a7-4a62-8ce1-ba1ddf27b30a",
      "title": "",
      "fullFile": "cypress/e2e/authentication/TC01_register_user.cy.js",
      "file": "cypress/e2e/authentication/TC01_register_user.cy.js",
      "beforeHooks": [],
      "afterHooks": [],
      "tests": [],
      "suites": [
        {
          "uuid": "78d5daba-bce8-4fd8-a99e-8801378f5423",
          "title": "Test d’enregistrement seul",
          "fullFile": "",
          "file": "",
          "beforeHooks": [],
          "afterHooks": [],
          "tests": [
            {
              "title": "Inscrire un utilisateur et stopper le test ici",
              "fullTitle": "Test d’enregistrement seul Inscrire un utilisateur et stopper le test ici",
              "timedOut": null,
              "duration": 12232,
              "state": "passed",
              "speed": "slow",
              "pass": true,
              "fail": false,
              "pending": false,
              "context": null,
              "code": "const user = (0, _utils.creerUserUnique)();\ncy.enregistrerUtilisateur(user);\n// ✅ On stoppe volontairement ici\ncy.log('✅ Fin du test ici');\nreturn; // <--- C’est ce qui empêche Cypress d’aller plus loin",
              "err": {},
              "uuid": "e0f231a8-96a5-43c6-a544-4474f9fb5b75",
              "parentUUID": "78d5daba-bce8-4fd8-a99e-8801378f5423",
              "isHook": false,
              "skipped": false
            }
          ],
          "suites": [],
          "passes": [
            "e0f231a8-96a5-43c6-a544-4474f9fb5b75"
          ],
          "failures": [],
          "pending": [],
          "skipped": [],
          "duration": 12232,
          "root": false,
          "rootEmpty": false,
          "_timeout": 2000
        }
      ],
      "passes": [],
      "failures": [],
      "pending": [],
      "skipped": [],
      "duration": 0,
      "root": true,
      "rootEmpty": true,
      "_timeout": 2000
    }
  ],
  "meta": {
    "mocha": {
      "version": "7.0.1"
    },
    "mochawesome": {
      "options": {
        "quiet": false,
        "reportFilename": "mochawesome",
        "saveHtml": false,
        "saveJson": true,
        "consoleReporter": "spec",
        "useInlineDiffs": false,
        "code": true
      },
      "version": "7.1.3"
    },
    "marge": {
      "options": {
        "reportDir": "cypress/reports/mochawesome",
        "overwrite": false,
        "html": false,
        "json": true
      },
      "version": "6.2.0"
    }
  }
}