{
  "stats": {
    "suites": 1,
    "tests": 1,
    "passes": 1,
    "pending": 0,
    "failures": 0,
    "start": "2025-08-06T16:23:59.376Z",
    "end": "2025-08-06T16:24:02.842Z",
    "duration": 3466,
    "testsRegistered": 1,
    "passPercent": 100,
    "pendingPercent": 0,
    "other": 0,
    "hasOther": false,
    "skipped": 0,
    "hasSkipped": false
  },
  "results": [
    {
      "uuid": "f261327a-76a3-43ff-8a39-44d39e8617e2",
      "title": "",
      "fullFile": "cypress/e2e/download/TC25_scroll_up_down.cy.js",
      "file": "cypress/e2e/download/TC25_scroll_up_down.cy.js",
      "beforeHooks": [],
      "afterHooks": [],
      "tests": [],
      "suites": [
        {
          "uuid": "f0a98f4c-94a4-4554-9430-f86d5ba45735",
          "title": "Test Case 25: Verify Scroll Up using Arrow button and Scroll Down functionality",
          "fullFile": "",
          "file": "",
          "beforeHooks": [],
          "afterHooks": [],
          "tests": [
            {
              "title": "doit scroller vers le bas, puis revenir en haut avec la flèche",
              "fullTitle": "Test Case 25: Verify Scroll Up using Arrow button and Scroll Down functionality doit scroller vers le bas, puis revenir en haut avec la flèche",
              "timedOut": null,
              "duration": 3202,
              "state": "passed",
              "speed": "fast",
              "pass": true,
              "fail": false,
              "pending": false,
              "context": null,
              "code": "cy.verifierScroll();",
              "err": {},
              "uuid": "8f3f2dac-9402-420d-8714-eb109463c5d1",
              "parentUUID": "f0a98f4c-94a4-4554-9430-f86d5ba45735",
              "isHook": false,
              "skipped": false
            }
          ],
          "suites": [],
          "passes": [
            "8f3f2dac-9402-420d-8714-eb109463c5d1"
          ],
          "failures": [],
          "pending": [],
          "skipped": [],
          "duration": 3202,
          "root": false,
          "rootEmpty": false,
          "_timeout": 2000
        }
      ],
      "passes": [],
      "failures": [],
      "pending": [],
      "skipped": [],
      "duration": 0,
      "root": true,
      "rootEmpty": true,
      "_timeout": 2000
    }
  ],
  "meta": {
    "mocha": {
      "version": "7.0.1"
    },
    "mochawesome": {
      "options": {
        "quiet": false,
        "reportFilename": "mochawesome",
        "saveHtml": false,
        "saveJson": true,
        "consoleReporter": "spec",
        "useInlineDiffs": false,
        "code": true
      },
      "version": "7.1.3"
    },
    "marge": {
      "options": {
        "reportDir": "cypress/reports/mochawesome",
        "overwrite": false,
        "html": false,
        "json": true
      },
      "version": "6.2.0"
    }
  }
}