{
  "stats": {
    "suites": 1,
    "tests": 1,
    "passes": 1,
    "pending": 0,
    "failures": 0,
    "start": "2025-08-06T16:07:53.782Z",
    "end": "2025-08-06T16:07:58.840Z",
    "duration": 5058,
    "testsRegistered": 1,
    "passPercent": 100,
    "pendingPercent": 0,
    "other": 0,
    "hasOther": false,
    "skipped": 0,
    "hasSkipped": false
  },
  "results": [
    {
      "uuid": "fba4d71b-3480-4b34-92b1-f4c646c23f20",
      "title": "",
      "fullFile": "cypress/e2e/cart/TC13_verify_cart_after_login.cy.js",
      "file": "cypress/e2e/cart/TC13_verify_cart_after_login.cy.js",
      "beforeHooks": [],
      "afterHooks": [],
      "tests": [],
      "suites": [
        {
          "uuid": "e4907f7a-9cee-4d1e-ba4f-2ac731604ca6",
          "title": "Test Case 13: Vérifier quantité produit dans le panier",
          "fullFile": "",
          "file": "",
          "beforeHooks": [],
          "afterHooks": [],
          "tests": [
            {
              "title": "doit afficher la bonne quantité après ajout",
              "fullTitle": "Test Case 13: Vérifier quantité produit dans le panier doit afficher la bonne quantité après ajout",
              "timedOut": null,
              "duration": 4986,
              "state": "passed",
              "speed": "fast",
              "pass": true,
              "fail": false,
              "pending": false,
              "context": null,
              "code": "cy.ajouterProduitAvecQuantite(4, 4); // Produit 0, quantité 4",
              "err": {},
              "uuid": "26e07306-a750-4aee-ab6f-17b5b78930ed",
              "parentUUID": "e4907f7a-9cee-4d1e-ba4f-2ac731604ca6",
              "isHook": false,
              "skipped": false
            }
          ],
          "suites": [],
          "passes": [
            "26e07306-a750-4aee-ab6f-17b5b78930ed"
          ],
          "failures": [],
          "pending": [],
          "skipped": [],
          "duration": 4986,
          "root": false,
          "rootEmpty": false,
          "_timeout": 2000
        }
      ],
      "passes": [],
      "failures": [],
      "pending": [],
      "skipped": [],
      "duration": 0,
      "root": true,
      "rootEmpty": true,
      "_timeout": 2000
    }
  ],
  "meta": {
    "mocha": {
      "version": "7.0.1"
    },
    "mochawesome": {
      "options": {
        "quiet": false,
        "reportFilename": "mochawesome",
        "saveHtml": false,
        "saveJson": true,
        "consoleReporter": "spec",
        "useInlineDiffs": false,
        "code": true
      },
      "version": "7.1.3"
    },
    "marge": {
      "options": {
        "reportDir": "cypress/reports/mochawesome",
        "overwrite": false,
        "html": false,
        "json": true
      },
      "version": "6.2.0"
    }
  }
}