{
  "stats": {
    "suites": 1,
    "tests": 1,
    "passes": 1,
    "pending": 0,
    "failures": 0,
    "start": "2025-08-06T16:11:44.518Z",
    "end": "2025-08-06T16:11:53.649Z",
    "duration": 9131,
    "testsRegistered": 1,
    "passPercent": 100,
    "pendingPercent": 0,
    "other": 0,
    "hasOther": false,
    "skipped": 0,
    "hasSkipped": false
  },
  "results": [
    {
      "uuid": "29f77463-4f81-4acf-9602-ec8be2ceeb80",
      "title": "",
      "fullFile": "cypress/e2e/products/TC09_search_product.cy.js",
      "file": "cypress/e2e/products/TC09_search_product.cy.js",
      "beforeHooks": [],
      "afterHooks": [],
      "tests": [],
      "suites": [
        {
          "uuid": "2e5c0214-375d-423c-93c3-356d8c1b986a",
          "title": "Recherche produit",
          "fullFile": "",
          "file": "",
          "beforeHooks": [],
          "afterHooks": [],
          "tests": [
            {
              "title": "doit afficher les résultats pour un produit recherché",
              "fullTitle": "Recherche produit doit afficher les résultats pour un produit recherché",
              "timedOut": null,
              "duration": 8974,
              "state": "passed",
              "speed": "medium",
              "pass": true,
              "fail": false,
              "pending": false,
              "context": null,
              "code": "cy.rechercherProduit('Top');",
              "err": {},
              "uuid": "f1ef5e19-f8e0-4bea-87d2-300294ecc768",
              "parentUUID": "2e5c0214-375d-423c-93c3-356d8c1b986a",
              "isHook": false,
              "skipped": false
            }
          ],
          "suites": [],
          "passes": [
            "f1ef5e19-f8e0-4bea-87d2-300294ecc768"
          ],
          "failures": [],
          "pending": [],
          "skipped": [],
          "duration": 8974,
          "root": false,
          "rootEmpty": false,
          "_timeout": 2000
        }
      ],
      "passes": [],
      "failures": [],
      "pending": [],
      "skipped": [],
      "duration": 0,
      "root": true,
      "rootEmpty": true,
      "_timeout": 2000
    }
  ],
  "meta": {
    "mocha": {
      "version": "7.0.1"
    },
    "mochawesome": {
      "options": {
        "quiet": false,
        "reportFilename": "mochawesome",
        "saveHtml": false,
        "saveJson": true,
        "consoleReporter": "spec",
        "useInlineDiffs": false,
        "code": true
      },
      "version": "7.1.3"
    },
    "marge": {
      "options": {
        "reportDir": "cypress/reports/mochawesome",
        "overwrite": false,
        "html": false,
        "json": true
      },
      "version": "6.2.0"
    }
  }
}