{
  "stats": {
    "suites": 1,
    "tests": 1,
    "passes": 1,
    "pending": 0,
    "failures": 0,
    "start": "2025-08-06T16:12:58.409Z",
    "end": "2025-08-06T16:12:58.852Z",
    "duration": 443,
    "testsRegistered": 1,
    "passPercent": 100,
    "pendingPercent": 0,
    "other": 0,
    "hasOther": false,
    "skipped": 0,
    "hasSkipped": false
  },
  "results": [
    {
      "uuid": "f6008024-a32b-4742-8020-feb3b470c998",
      "title": "",
      "fullFile": "testapi/search_product.spec.js",
      "file": "testapi/search_product.spec.js",
      "beforeHooks": [],
      "afterHooks": [],
      "tests": [],
      "suites": [
        {
          "uuid": "a47c410b-6da6-49ad-9849-8f2cf5a33a4e",
          "title": "API 5 – Search product by name",
          "fullFile": "",
          "file": "",
          "beforeHooks": [],
          "afterHooks": [],
          "tests": [
            {
              "title": "should return 200 and products array",
              "fullTitle": "API 5 – Search product by name should return 200 and products array",
              "timedOut": null,
              "duration": 412,
              "state": "passed",
              "speed": "fast",
              "pass": true,
              "fail": false,
              "pending": false,
              "context": null,
              "code": "cy.request({\n  method: 'POST',\n  url: 'https://automationexercise.com/api/searchProduct',\n  form: true,\n  body: {\n    search_product: 'top'\n  }\n}).then(res => {\n  expect(res.status).to.eq(200);\n  const body = JSON.parse(res.body);\n  expect(body).to.have.property('products');\n  expect(body.products).to.be.an('array');\n  expect(body.products.length).to.be.greaterThan(0);\n});",
              "err": {},
              "uuid": "bb3bfd70-3772-4e5a-af03-cb8677a41763",
              "parentUUID": "a47c410b-6da6-49ad-9849-8f2cf5a33a4e",
              "isHook": false,
              "skipped": false
            }
          ],
          "suites": [],
          "passes": [
            "bb3bfd70-3772-4e5a-af03-cb8677a41763"
          ],
          "failures": [],
          "pending": [],
          "skipped": [],
          "duration": 412,
          "root": false,
          "rootEmpty": false,
          "_timeout": 2000
        }
      ],
      "passes": [],
      "failures": [],
      "pending": [],
      "skipped": [],
      "duration": 0,
      "root": true,
      "rootEmpty": true,
      "_timeout": 2000
    }
  ],
  "meta": {
    "mocha": {
      "version": "7.0.1"
    },
    "mochawesome": {
      "options": {
        "quiet": false,
        "reportFilename": "mochawesome",
        "saveHtml": false,
        "saveJson": true,
        "consoleReporter": "spec",
        "useInlineDiffs": false,
        "code": true
      },
      "version": "7.1.3"
    },
    "marge": {
      "options": {
        "reportDir": "cypress/reports/mochawesome",
        "overwrite": false,
        "html": false,
        "json": true
      },
      "version": "6.2.0"
    }
  }
}