{
  "stats": {
    "suites": 1,
    "tests": 1,
    "passes": 1,
    "pending": 0,
    "failures": 0,
    "start": "2025-08-06T16:11:56.330Z",
    "end": "2025-08-06T16:12:01.633Z",
    "duration": 5303,
    "testsRegistered": 1,
    "passPercent": 100,
    "pendingPercent": 0,
    "other": 0,
    "hasOther": false,
    "skipped": 0,
    "hasSkipped": false
  },
  "results": [
    {
      "uuid": "628a5276-91b0-4036-97bf-c7d87caf2424",
      "title": "",
      "fullFile": "cypress/e2e/products/TC10_verify_subscription_home.cy.js",
      "file": "cypress/e2e/products/TC10_verify_subscription_home.cy.js",
      "beforeHooks": [],
      "afterHooks": [],
      "tests": [],
      "suites": [
        {
          "uuid": "b8d4f508-5750-4d0f-9b23-191fa17f00f3",
          "title": "Test Case 10: Verify Subscription in home page",
          "fullFile": "",
          "file": "",
          "beforeHooks": [],
          "afterHooks": [],
          "tests": [
            {
              "title": "doit s’abonner avec succès via le footer",
              "fullTitle": "Test Case 10: Verify Subscription in home page doit s’abonner avec succès via le footer",
              "timedOut": null,
              "duration": 5207,
              "state": "passed",
              "speed": "medium",
              "pass": true,
              "fail": false,
              "pending": false,
              "context": null,
              "code": "cy.subscribeNewsletter('nassim11kahloui@gmail.com');",
              "err": {},
              "uuid": "526e437b-09cd-455f-a49c-9d4854ab56ea",
              "parentUUID": "b8d4f508-5750-4d0f-9b23-191fa17f00f3",
              "isHook": false,
              "skipped": false
            }
          ],
          "suites": [],
          "passes": [
            "526e437b-09cd-455f-a49c-9d4854ab56ea"
          ],
          "failures": [],
          "pending": [],
          "skipped": [],
          "duration": 5207,
          "root": false,
          "rootEmpty": false,
          "_timeout": 2000
        }
      ],
      "passes": [],
      "failures": [],
      "pending": [],
      "skipped": [],
      "duration": 0,
      "root": true,
      "rootEmpty": true,
      "_timeout": 2000
    }
  ],
  "meta": {
    "mocha": {
      "version": "7.0.1"
    },
    "mochawesome": {
      "options": {
        "quiet": false,
        "reportFilename": "mochawesome",
        "saveHtml": false,
        "saveJson": true,
        "consoleReporter": "spec",
        "useInlineDiffs": false,
        "code": true
      },
      "version": "7.1.3"
    },
    "marge": {
      "options": {
        "reportDir": "cypress/reports/mochawesome",
        "overwrite": false,
        "html": false,
        "json": true
      },
      "version": "6.2.0"
    }
  }
}