{
  "stats": {
    "suites": 1,
    "tests": 1,
    "passes": 1,
    "pending": 0,
    "failures": 0,
    "start": "2025-08-06T16:04:34.859Z",
    "end": "2025-08-06T16:04:41.704Z",
    "duration": 6845,
    "testsRegistered": 1,
    "passPercent": 100,
    "pendingPercent": 0,
    "other": 0,
    "hasOther": false,
    "skipped": 0,
    "hasSkipped": false
  },
  "results": [
    {
      "uuid": "1a1d150d-90ca-43d9-93a8-485af4f3976d",
      "title": "",
      "fullFile": "cypress/e2e/account/TC18_view_category_products.cy.js",
      "file": "cypress/e2e/account/TC18_view_category_products.cy.js",
      "beforeHooks": [],
      "afterHooks": [],
      "tests": [],
      "suites": [
        {
          "uuid": "2e57b0c4-c2a4-4b57-9723-9dd761ffa251",
          "title": "Test Case 18: View Category Products",
          "fullFile": "",
          "file": "",
          "beforeHooks": [],
          "afterHooks": [],
          "tests": [
            {
              "title": "doit afficher les produits des catégories sélectionnées",
              "fullTitle": "Test Case 18: View Category Products doit afficher les produits des catégories sélectionnées",
              "timedOut": null,
              "duration": 6782,
              "state": "passed",
              "speed": "medium",
              "pass": true,
              "fail": false,
              "pending": false,
              "context": null,
              "code": "cy.afficherProduitsParCategorie();",
              "err": {},
              "uuid": "55c494cc-da01-43e9-bb4a-a06d7d65968f",
              "parentUUID": "2e57b0c4-c2a4-4b57-9723-9dd761ffa251",
              "isHook": false,
              "skipped": false
            }
          ],
          "suites": [],
          "passes": [
            "55c494cc-da01-43e9-bb4a-a06d7d65968f"
          ],
          "failures": [],
          "pending": [],
          "skipped": [],
          "duration": 6782,
          "root": false,
          "rootEmpty": false,
          "_timeout": 2000
        }
      ],
      "passes": [],
      "failures": [],
      "pending": [],
      "skipped": [],
      "duration": 0,
      "root": true,
      "rootEmpty": true,
      "_timeout": 2000
    }
  ],
  "meta": {
    "mocha": {
      "version": "7.0.1"
    },
    "mochawesome": {
      "options": {
        "quiet": false,
        "reportFilename": "mochawesome",
        "saveHtml": false,
        "saveJson": true,
        "consoleReporter": "spec",
        "useInlineDiffs": false,
        "code": true
      },
      "version": "7.1.3"
    },
    "marge": {
      "options": {
        "reportDir": "cypress/reports/mochawesome",
        "overwrite": false,
        "html": false,
        "json": true
      },
      "version": "6.2.0"
    }
  }
}