{
  "stats": {
    "suites": 1,
    "tests": 1,
    "passes": 1,
    "pending": 0,
    "failures": 0,
    "start": "2025-08-06T16:27:34.963Z",
    "end": "2025-08-06T16:27:35.322Z",
    "duration": 359,
    "testsRegistered": 1,
    "passPercent": 100,
    "pendingPercent": 0,
    "other": 0,
    "hasOther": false,
    "skipped": 0,
    "hasSkipped": false
  },
  "results": [
    {
      "uuid": "20ee1d99-f12a-4951-abcc-b0d22ad06993",
      "title": "",
      "fullFile": "testapi/login_invalid.spec.js",
      "file": "testapi/login_invalid.spec.js",
      "beforeHooks": [],
      "afterHooks": [],
      "tests": [],
      "suites": [
        {
          "uuid": "115481a7-2c9b-4b32-a53e-d34bfdb26215",
          "title": "API 10 – Login with invalid credentials",
          "fullFile": "",
          "file": "",
          "beforeHooks": [],
          "afterHooks": [],
          "tests": [
            {
              "title": "should return 404 with error message",
              "fullTitle": "API 10 – Login with invalid credentials should return 404 with error message",
              "timedOut": null,
              "duration": 314,
              "state": "passed",
              "speed": "fast",
              "pass": true,
              "fail": false,
              "pending": false,
              "context": null,
              "code": "cy.request({\n  method: 'POST',\n  url: 'https://automationexercise.com/api/verifyLogin',\n  failOnStatusCode: false,\n  form: true,\n  body: {\n    email: 'nassim_kahlaoui@test.com',\n    password: 'kahlaoui123'\n  }\n}).then(res => {\n  expect(res.status).to.eq(200);\n  const body = JSON.parse(res.body);\n  expect(body).to.have.property('message');\n  expect(body.message).to.eq('User not found!');\n});",
              "err": {},
              "uuid": "094b02a8-0a4b-4ac2-a0d7-49246af38099",
              "parentUUID": "115481a7-2c9b-4b32-a53e-d34bfdb26215",
              "isHook": false,
              "skipped": false
            }
          ],
          "suites": [],
          "passes": [
            "094b02a8-0a4b-4ac2-a0d7-49246af38099"
          ],
          "failures": [],
          "pending": [],
          "skipped": [],
          "duration": 314,
          "root": false,
          "rootEmpty": false,
          "_timeout": 2000
        }
      ],
      "passes": [],
      "failures": [],
      "pending": [],
      "skipped": [],
      "duration": 0,
      "root": true,
      "rootEmpty": true,
      "_timeout": 2000
    }
  ],
  "meta": {
    "mocha": {
      "version": "7.0.1"
    },
    "mochawesome": {
      "options": {
        "quiet": false,
        "reportFilename": "mochawesome",
        "saveHtml": false,
        "saveJson": true,
        "consoleReporter": "spec",
        "useInlineDiffs": false,
        "code": true
      },
      "version": "7.1.3"
    },
    "marge": {
      "options": {
        "reportDir": "cypress/reports/mochawesome",
        "overwrite": false,
        "html": false,
        "json": true
      },
      "version": "6.2.0"
    }
  }
}