{
  "stats": {
    "suites": 1,
    "tests": 1,
    "passes": 1,
    "pending": 0,
    "failures": 0,
    "start": "2025-08-06T16:07:34.143Z",
    "end": "2025-08-06T16:07:39.936Z",
    "duration": 5793,
    "testsRegistered": 1,
    "passPercent": 100,
    "pendingPercent": 0,
    "other": 0,
    "hasOther": false,
    "skipped": 0,
    "hasSkipped": false
  },
  "results": [
    {
      "uuid": "416f94f2-33f0-4ce6-9a4d-dff33f98168a",
      "title": "",
      "fullFile": "cypress/e2e/cart/TC11_verify_subscription_cart.cy.js",
      "file": "cypress/e2e/cart/TC11_verify_subscription_cart.cy.js",
      "beforeHooks": [],
      "afterHooks": [],
      "tests": [],
      "suites": [
        {
          "uuid": "e78e6f5b-5bd6-4c0c-9b3a-6ca1969d59ac",
          "title": "Test Case 11: Verify Subscription in Cart page",
          "fullFile": "",
          "file": "",
          "beforeHooks": [],
          "afterHooks": [],
          "tests": [
            {
              "title": "doit s’abonner avec succès via le footer de la page Cart",
              "fullTitle": "Test Case 11: Verify Subscription in Cart page doit s’abonner avec succès via le footer de la page Cart",
              "timedOut": null,
              "duration": 5685,
              "state": "passed",
              "speed": "medium",
              "pass": true,
              "fail": false,
              "pending": false,
              "context": null,
              "code": "// Ouvre la page d’accueil, clique sur Cart, scroll jusqu’au footer et fait l’abonnement\ncy.subscribeFromCartPage('nassim13kahlaoui@gmail.com');",
              "err": {},
              "uuid": "1eee5402-3eb6-41b2-a1b0-d6cec9a21235",
              "parentUUID": "e78e6f5b-5bd6-4c0c-9b3a-6ca1969d59ac",
              "isHook": false,
              "skipped": false
            }
          ],
          "suites": [],
          "passes": [
            "1eee5402-3eb6-41b2-a1b0-d6cec9a21235"
          ],
          "failures": [],
          "pending": [],
          "skipped": [],
          "duration": 5685,
          "root": false,
          "rootEmpty": false,
          "_timeout": 2000
        }
      ],
      "passes": [],
      "failures": [],
      "pending": [],
      "skipped": [],
      "duration": 0,
      "root": true,
      "rootEmpty": true,
      "_timeout": 2000
    }
  ],
  "meta": {
    "mocha": {
      "version": "7.0.1"
    },
    "mochawesome": {
      "options": {
        "quiet": false,
        "reportFilename": "mochawesome",
        "saveHtml": false,
        "saveJson": true,
        "consoleReporter": "spec",
        "useInlineDiffs": false,
        "code": true
      },
      "version": "7.1.3"
    },
    "marge": {
      "options": {
        "reportDir": "cypress/reports/mochawesome",
        "overwrite": false,
        "html": false,
        "json": true
      },
      "version": "6.2.0"
    }
  }
}