{
  "stats": {
    "suites": 1,
    "tests": 1,
    "passes": 1,
    "pending": 0,
    "failures": 0,
    "start": "2025-08-06T15:57:12.821Z",
    "end": "2025-08-06T15:57:32.155Z",
    "duration": 19334,
    "testsRegistered": 1,
    "passPercent": 100,
    "pendingPercent": 0,
    "other": 0,
    "hasOther": false,
    "skipped": 0,
    "hasSkipped": false
  },
  "results": [
    {
      "uuid": "65cc755f-eb1c-4c1f-a010-4c4d8162c448",
      "title": "",
      "fullFile": "cypress/e2e/account/TC22_add_to_cart_recommended_items.cy.js",
      "file": "cypress/e2e/account/TC22_add_to_cart_recommended_items.cy.js",
      "beforeHooks": [],
      "afterHooks": [],
      "tests": [],
      "suites": [
        {
          "uuid": "5d781afd-c97f-4b86-ac3a-170154f8f618",
          "title": "Test Case 22: Add to cart from Recommended items",
          "fullFile": "",
          "file": "",
          "beforeHooks": [],
          "afterHooks": [],
          "tests": [
            {
              "title": "doit ajouter un produit recommandé au panier avec succès",
              "fullTitle": "Test Case 22: Add to cart from Recommended items doit ajouter un produit recommandé au panier avec succès",
              "timedOut": null,
              "duration": 19251,
              "state": "passed",
              "speed": "slow",
              "pass": true,
              "fail": false,
              "pending": false,
              "context": null,
              "code": "// Étape 3 : Scroller vers le bas jusqu’à la section Recommended Items\ncy.ajouterProduitDepuisRecommandes();",
              "err": {},
              "uuid": "18ced673-cece-4813-b2c7-dce6f557c688",
              "parentUUID": "5d781afd-c97f-4b86-ac3a-170154f8f618",
              "isHook": false,
              "skipped": false
            }
          ],
          "suites": [],
          "passes": [
            "18ced673-cece-4813-b2c7-dce6f557c688"
          ],
          "failures": [],
          "pending": [],
          "skipped": [],
          "duration": 19251,
          "root": false,
          "rootEmpty": false,
          "_timeout": 2000
        }
      ],
      "passes": [],
      "failures": [],
      "pending": [],
      "skipped": [],
      "duration": 0,
      "root": true,
      "rootEmpty": true,
      "_timeout": 2000
    }
  ],
  "meta": {
    "mocha": {
      "version": "7.0.1"
    },
    "mochawesome": {
      "options": {
        "quiet": false,
        "reportFilename": "mochawesome",
        "saveHtml": false,
        "saveJson": true,
        "consoleReporter": "spec",
        "useInlineDiffs": false,
        "code": true
      },
      "version": "7.1.3"
    },
    "marge": {
      "options": {
        "reportDir": "cypress/reports/mochawesome",
        "overwrite": false,
        "html": false,
        "json": true
      },
      "version": "6.2.0"
    }
  }
}