{
  "stats": {
    "suites": 1,
    "tests": 1,
    "passes": 1,
    "pending": 0,
    "failures": 0,
    "start": "2025-08-06T16:19:51.839Z",
    "end": "2025-08-06T16:20:34.627Z",
    "duration": 42788,
    "testsRegistered": 1,
    "passPercent": 100,
    "pendingPercent": 0,
    "other": 0,
    "hasOther": false,
    "skipped": 0,
    "hasSkipped": false
  },
  "results": [
    {
      "uuid": "ae96836c-973b-45b5-8e4a-1f625c0d3400",
      "title": "",
      "fullFile": "cypress/e2e/account/TC20_search_products_and_verify_cart.cy.js",
      "file": "cypress/e2e/account/TC20_search_products_and_verify_cart.cy.js",
      "beforeHooks": [],
      "afterHooks": [],
      "tests": [],
      "suites": [
        {
          "uuid": "93df8cbf-0e49-4755-b6b0-82f7719472a5",
          "title": "Test Case 20: Search Products and Verify Cart After Login",
          "fullFile": "",
          "file": "",
          "beforeHooks": [],
          "afterHooks": [],
          "tests": [
            {
              "title": "doit rechercher un produit, l’ajouter au panier, se connecter et vérifier que le panier est conservé",
              "fullTitle": "Test Case 20: Search Products and Verify Cart After Login doit rechercher un produit, l’ajouter au panier, se connecter et vérifier que le panier est conservé",
              "timedOut": null,
              "duration": 42649,
              "state": "passed",
              "speed": "slow",
              "pass": true,
              "fail": false,
              "pending": false,
              "context": null,
              "code": "const user = (0, _utils.creerUserUnique)();\n// Étapes 1 à 7 : Recherche et ajout au panier\ncy.rechercherProduit('Top');\ncy.enregistrerUtilisateur(user);\ncy.wait(1000); // Attendre que l'utilisateur soit enregistré\n_selecteurs.selecteurs.boutonLogout().should('be.visible').click();\ncy.verifierPanierAvantEtApresConnexion();",
              "err": {},
              "uuid": "a4fa91a6-28d2-47b2-b8df-e4ac4ef4add9",
              "parentUUID": "93df8cbf-0e49-4755-b6b0-82f7719472a5",
              "isHook": false,
              "skipped": false
            }
          ],
          "suites": [],
          "passes": [
            "a4fa91a6-28d2-47b2-b8df-e4ac4ef4add9"
          ],
          "failures": [],
          "pending": [],
          "skipped": [],
          "duration": 42649,
          "root": false,
          "rootEmpty": false,
          "_timeout": 2000
        }
      ],
      "passes": [],
      "failures": [],
      "pending": [],
      "skipped": [],
      "duration": 0,
      "root": true,
      "rootEmpty": true,
      "_timeout": 2000
    }
  ],
  "meta": {
    "mocha": {
      "version": "7.0.1"
    },
    "mochawesome": {
      "options": {
        "quiet": false,
        "reportFilename": "mochawesome",
        "saveHtml": false,
        "saveJson": true,
        "consoleReporter": "spec",
        "useInlineDiffs": false,
        "code": true
      },
      "version": "7.1.3"
    },
    "marge": {
      "options": {
        "reportDir": "cypress/reports/mochawesome",
        "overwrite": false,
        "html": false,
        "json": true
      },
      "version": "6.2.0"
    }
  }
}