{
  "stats": {
    "suites": 1,
    "tests": 1,
    "passes": 1,
    "pending": 0,
    "failures": 0,
    "start": "2025-08-06T16:26:48.627Z",
    "end": "2025-08-06T16:26:56.728Z",
    "duration": 8101,
    "testsRegistered": 1,
    "passPercent": 100,
    "pendingPercent": 0,
    "other": 0,
    "hasOther": false,
    "skipped": 0,
    "hasSkipped": false
  },
  "results": [
    {
      "uuid": "0b212755-2b07-459c-86ff-90f46d877aa3",
      "title": "",
      "fullFile": "cypress/e2e/products/TC08_all_products_and_details.cy.js",
      "file": "cypress/e2e/products/TC08_all_products_and_details.cy.js",
      "beforeHooks": [],
      "afterHooks": [],
      "tests": [],
      "suites": [
        {
          "uuid": "b4197d15-6116-4aef-beae-7539aec17cf0",
          "title": "Test Case 8 - Produits et détails",
          "fullFile": "",
          "file": "",
          "beforeHooks": [],
          "afterHooks": [],
          "tests": [
            {
              "title": "vérifie la page produits et la page détail produit",
              "fullTitle": "Test Case 8 - Produits et détails vérifie la page produits et la page détail produit",
              "timedOut": null,
              "duration": 7827,
              "state": "passed",
              "speed": "medium",
              "pass": true,
              "fail": false,
              "pending": false,
              "context": null,
              "code": "cy.verifierProduitsEtDetails();",
              "err": {},
              "uuid": "5834cfdb-498e-4dca-b1c1-547f5a676623",
              "parentUUID": "b4197d15-6116-4aef-beae-7539aec17cf0",
              "isHook": false,
              "skipped": false
            }
          ],
          "suites": [],
          "passes": [
            "5834cfdb-498e-4dca-b1c1-547f5a676623"
          ],
          "failures": [],
          "pending": [],
          "skipped": [],
          "duration": 7827,
          "root": false,
          "rootEmpty": false,
          "_timeout": 2000
        }
      ],
      "passes": [],
      "failures": [],
      "pending": [],
      "skipped": [],
      "duration": 0,
      "root": true,
      "rootEmpty": true,
      "_timeout": 2000
    }
  ],
  "meta": {
    "mocha": {
      "version": "7.0.1"
    },
    "mochawesome": {
      "options": {
        "quiet": false,
        "reportFilename": "mochawesome",
        "saveHtml": false,
        "saveJson": true,
        "consoleReporter": "spec",
        "useInlineDiffs": false,
        "code": true
      },
      "version": "7.1.3"
    },
    "marge": {
      "options": {
        "reportDir": "cypress/reports/mochawesome",
        "overwrite": false,
        "html": false,
        "json": true
      },
      "version": "6.2.0"
    }
  }
}