{
  "stats": {
    "suites": 85,
    "tests": 85,
    "passes": 82,
    "pending": 0,
    "failures": 3,
    "testsRegistered": 85,
    "passPercent": 96.47058823529412,
    "pendingPercent": 0,
    "other": 0,
    "hasOther": false,
    "skipped": 0,
    "hasSkipped": false,
    "start": "2025-08-06T15:55:25.229Z",
    "end": "2025-08-06T16:28:17.776Z",
    "duration": 1972547
  },
  "results": [
    {
      "uuid": "f19bcb39-447d-41d8-96b6-dbfc6a30286c",
      "title": "",
      "fullFile": "cypress/e2e/account/TC19_view_cart_brand_products.cy.js",
      "file": "cypress/e2e/account/TC19_view_cart_brand_products.cy.js",
      "beforeHooks": [],
      "afterHooks": [],
      "tests": [],
      "suites": [
        {
          "uuid": "91ce812d-c919-49ca-a34f-692d8bf73695",
          "title": "Test Case 19  ",
          "fullFile": "",
          "file": "",
          "beforeHooks": [],
          "afterHooks": [],
          "tests": [
            {
              "title": "doit afficher les marques sur la page Produits",
              "fullTitle": "Test Case 19   doit afficher les marques sur la page Produits",
              "timedOut": null,
              "duration": 10986,
              "state": "passed",
              "speed": "slow",
              "pass": true,
              "fail": false,
              "pending": false,
              "context": null,
              "code": "cy.ouvrirProduitsEtVerifierMarques('Polo');",
              "err": {},
              "uuid": "156fee56-6f41-4888-83bc-01795b29e517",
              "parentUUID": "91ce812d-c919-49ca-a34f-692d8bf73695",
              "isHook": false,
              "skipped": false
            }
          ],
          "suites": [],
          "passes": [
            "156fee56-6f41-4888-83bc-01795b29e517"
          ],
          "failures": [],
          "pending": [],
          "skipped": [],
          "duration": 10986,
          "root": false,
          "rootEmpty": false,
          "_timeout": 2000
        }
      ],
      "passes": [],
      "failures": [],
      "pending": [],
      "skipped": [],
      "duration": 0,
      "root": true,
      "rootEmpty": true,
      "_timeout": 2000
    },
    {
      "uuid": "68ef8309-a8cf-4c1a-ac60-a8b59a637da7",
      "title": "",
      "fullFile": "cypress/e2e/account/TC20_search_products_and_verify_cart.cy.js",
      "file": "cypress/e2e/account/TC20_search_products_and_verify_cart.cy.js",
      "beforeHooks": [],
      "afterHooks": [],
      "tests": [],
      "suites": [
        {
          "uuid": "bd84d369-f0c8-4dde-a490-523da08261cd",
          "title": "Test Case 20: Search Products and Verify Cart After Login",
          "fullFile": "",
          "file": "",
          "beforeHooks": [],
          "afterHooks": [],
          "tests": [
            {
              "title": "doit rechercher un produit, l’ajouter au panier, se connecter et vérifier que le panier est conservé",
              "fullTitle": "Test Case 20: Search Products and Verify Cart After Login doit rechercher un produit, l’ajouter au panier, se connecter et vérifier que le panier est conservé",
              "timedOut": null,
              "duration": 79208,
              "state": "passed",
              "speed": "slow",
              "pass": true,
              "fail": false,
              "pending": false,
              "context": null,
              "code": "const user = (0, _utils.creerUserUnique)();\n// Étapes 1 à 7 : Recherche et ajout au panier\ncy.rechercherProduit('Top');\ncy.enregistrerUtilisateur(user);\ncy.wait(1000); // Attendre que l'utilisateur soit enregistré\n_selecteurs.selecteurs.boutonLogout().should('be.visible').click();\ncy.verifierPanierAvantEtApresConnexion();",
              "err": {},
              "uuid": "4887fba2-beb6-4ca3-91ec-38dbee1874a6",
              "parentUUID": "bd84d369-f0c8-4dde-a490-523da08261cd",
              "isHook": false,
              "skipped": false
            }
          ],
          "suites": [],
          "passes": [
            "4887fba2-beb6-4ca3-91ec-38dbee1874a6"
          ],
          "failures": [],
          "pending": [],
          "skipped": [],
          "duration": 79208,
          "root": false,
          "rootEmpty": false,
          "_timeout": 2000
        }
      ],
      "passes": [],
      "failures": [],
      "pending": [],
      "skipped": [],
      "duration": 0,
      "root": true,
      "rootEmpty": true,
      "_timeout": 2000
    },
    {
      "uuid": "3d52247c-5092-430c-8525-1aac17bee932",
      "title": "",
      "fullFile": "cypress/e2e/account/TC21_add_review_product.cy.js",
      "file": "cypress/e2e/account/TC21_add_review_product.cy.js",
      "beforeHooks": [],
      "afterHooks": [],
      "tests": [],
      "suites": [
        {
          "uuid": "5aea6ffa-30e9-4e67-9d5f-1298d134ba40",
          "title": "Test Case 21: Add review on product",
          "fullFile": "",
          "file": "",
          "beforeHooks": [],
          "afterHooks": [],
          "tests": [
            {
              "title": "doit permettre d’ajouter un avis sur un produit avec succès",
              "fullTitle": "Test Case 21: Add review on product doit permettre d’ajouter un avis sur un produit avec succès",
              "timedOut": null,
              "duration": 8302,
              "state": "passed",
              "speed": "medium",
              "pass": true,
              "fail": false,
              "pending": false,
              "context": null,
              "code": "cy.ajouterAvisProduit('Nassim Kahlaoui', 'nassim11kahlaoui@gmail.com', 'Excellent produit, je recommande vivement !');",
              "err": {},
              "uuid": "092fc554-deb1-4b81-9423-91e807369741",
              "parentUUID": "5aea6ffa-30e9-4e67-9d5f-1298d134ba40",
              "isHook": false,
              "skipped": false
            }
          ],
          "suites": [],
          "passes": [
            "092fc554-deb1-4b81-9423-91e807369741"
          ],
          "failures": [],
          "pending": [],
          "skipped": [],
          "duration": 8302,
          "root": false,
          "rootEmpty": false,
          "_timeout": 2000
        }
      ],
      "passes": [],
      "failures": [],
      "pending": [],
      "skipped": [],
      "duration": 0,
      "root": true,
      "rootEmpty": true,
      "_timeout": 2000
    },
    {
      "uuid": "65cc755f-eb1c-4c1f-a010-4c4d8162c448",
      "title": "",
      "fullFile": "cypress/e2e/account/TC22_add_to_cart_recommended_items.cy.js",
      "file": "cypress/e2e/account/TC22_add_to_cart_recommended_items.cy.js",
      "beforeHooks": [],
      "afterHooks": [],
      "tests": [],
      "suites": [
        {
          "uuid": "5d781afd-c97f-4b86-ac3a-170154f8f618",
          "title": "Test Case 22: Add to cart from Recommended items",
          "fullFile": "",
          "file": "",
          "beforeHooks": [],
          "afterHooks": [],
          "tests": [
            {
              "title": "doit ajouter un produit recommandé au panier avec succès",
              "fullTitle": "Test Case 22: Add to cart from Recommended items doit ajouter un produit recommandé au panier avec succès",
              "timedOut": null,
              "duration": 19251,
              "state": "passed",
              "speed": "slow",
              "pass": true,
              "fail": false,
              "pending": false,
              "context": null,
              "code": "// Étape 3 : Scroller vers le bas jusqu’à la section Recommended Items\ncy.ajouterProduitDepuisRecommandes();",
              "err": {},
              "uuid": "18ced673-cece-4813-b2c7-dce6f557c688",
              "parentUUID": "5d781afd-c97f-4b86-ac3a-170154f8f618",
              "isHook": false,
              "skipped": false
            }
          ],
          "suites": [],
          "passes": [
            "18ced673-cece-4813-b2c7-dce6f557c688"
          ],
          "failures": [],
          "pending": [],
          "skipped": [],
          "duration": 19251,
          "root": false,
          "rootEmpty": false,
          "_timeout": 2000
        }
      ],
      "passes": [],
      "failures": [],
      "pending": [],
      "skipped": [],
      "duration": 0,
      "root": true,
      "rootEmpty": true,
      "_timeout": 2000
    },
    {
      "uuid": "83abfce9-7906-49e5-8236-97efe6d48f14",
      "title": "",
      "fullFile": "cypress/e2e/account/TC23_verify_address_details_review_order.cy.js",
      "file": "cypress/e2e/account/TC23_verify_address_details_review_order.cy.js",
      "beforeHooks": [],
      "afterHooks": [],
      "tests": [],
      "suites": [
        {
          "uuid": "c37bbaa7-35a0-456f-b6ba-115ecd5a25cb",
          "title": "Test Case 23: Verify address details in checkout page",
          "fullFile": "",
          "file": "",
          "beforeHooks": [],
          "afterHooks": [],
          "tests": [
            {
              "title": "doit vérifier que les détails d’adresse sont corrects dans le checkout",
              "fullTitle": "Test Case 23: Verify address details in checkout page doit vérifier que les détails d’adresse sont corrects dans le checkout",
              "timedOut": null,
              "duration": 119746,
              "state": "failed",
              "speed": null,
              "pass": false,
              "fail": true,
              "pending": false,
              "context": null,
              "code": "cy.verifierDetailsAdresseCheckout();",
              "err": {
                "message": "CypressError: Timed out after waiting `60000ms` for your remote page to load.\n\nYour page did not fire its `load` event within `60000ms`.\n\nYou can try increasing the `pageLoadTimeout` value in `cypress.config.js` to wait longer.\n\nBrowsers will not fire the `load` event until all stylesheets and scripts are done downloading.\n\nWhen this `load` event occurs, Cypress will continue running commands.",
                "estack": "CypressError: Timed out after waiting `60000ms` for your remote page to load.\n\nYour page did not fire its `load` event within `60000ms`.\n\nYou can try increasing the `pageLoadTimeout` value in `cypress.config.js` to wait longer.\n\nBrowsers will not fire the `load` event until all stylesheets and scripts are done downloading.\n\nWhen this `load` event occurs, Cypress will continue running commands.\n    at timedOutWaitingForPageLoad (https://automationexercise.com/__cypress/runner/cypress_runner.js:130639:64)\n    at <unknown> (https://automationexercise.com/__cypress/runner/cypress_runner.js:130955:16)\n    at tryCatcher (https://automationexercise.com/__cypress/runner/cypress_runner.js:1830:23)\n    at <unknown> (https://automationexercise.com/__cypress/runner/cypress_runner.js:4209:41)\n    at tryCatcher (https://automationexercise.com/__cypress/runner/cypress_runner.js:1830:23)\n    at Promise._settlePromiseFromHandler (https://automationexercise.com/__cypress/runner/cypress_runner.js:1542:31)\n    at Promise._settlePromise (https://automationexercise.com/__cypress/runner/cypress_runner.js:1599:18)\n    at Promise._settlePromise0 (https://automationexercise.com/__cypress/runner/cypress_runner.js:1644:10)\n    at Promise._settlePromises (https://automationexercise.com/__cypress/runner/cypress_runner.js:1720:18)\n    at _drainQueueStep (https://automationexercise.com/__cypress/runner/cypress_runner.js:2430:12)\n    at _drainQueue (https://automationexercise.com/__cypress/runner/cypress_runner.js:2423:9)\n    at Async._drainQueues (https://automationexercise.com/__cypress/runner/cypress_runner.js:2439:5)\n    at Async.drainQueues (https://automationexercise.com/__cypress/runner/cypress_runner.js:2309:14)",
                "diff": null
              },
              "uuid": "1917291a-066b-48c8-be35-c60a282d0128",
              "parentUUID": "c37bbaa7-35a0-456f-b6ba-115ecd5a25cb",
              "isHook": false,
              "skipped": false
            }
          ],
          "suites": [],
          "passes": [],
          "failures": [
            "1917291a-066b-48c8-be35-c60a282d0128"
          ],
          "pending": [],
          "skipped": [],
          "duration": 119746,
          "root": false,
          "rootEmpty": false,
          "_timeout": 2000
        }
      ],
      "passes": [],
      "failures": [],
      "pending": [],
      "skipped": [],
      "duration": 0,
      "root": true,
      "rootEmpty": true,
      "_timeout": 2000
    },
    {
      "uuid": "bc8768c2-22bf-4b1d-9ba1-b666077f3971",
      "title": "",
      "fullFile": "cypress/e2e/authentication/TC01_register_user.cy.js",
      "file": "cypress/e2e/authentication/TC01_register_user.cy.js",
      "beforeHooks": [],
      "afterHooks": [],
      "tests": [],
      "suites": [
        {
          "uuid": "e5ccfbd5-369a-4c7e-b156-9e6d6f381bc8",
          "title": "Test d’enregistrement seul",
          "fullFile": "",
          "file": "",
          "beforeHooks": [],
          "afterHooks": [],
          "tests": [
            {
              "title": "Inscrire un utilisateur et stopper le test ici",
              "fullTitle": "Test d’enregistrement seul Inscrire un utilisateur et stopper le test ici",
              "timedOut": null,
              "duration": 30554,
              "state": "failed",
              "speed": null,
              "pass": false,
              "fail": true,
              "pending": false,
              "context": null,
              "code": "const user = (0, _utils.creerUserUnique)();\ncy.enregistrerUtilisateur(user);\n// ✅ On stoppe volontairement ici\ncy.log('✅ Fin du test ici');\nreturn; // <--- C’est ce qui empêche Cypress d’aller plus loin",
              "err": {
                "message": "CypressError: `cy.visit()` failed trying to load:\n\nhttps://automationexercise.com/\n\nWe attempted to make an http request to this URL but the request failed without a response.\n\nWe received this error at the network level:\n\n  > Error: ETIMEDOUT\n\nCommon situations why this would fail:\n  - you don't have internet access\n  - you forgot to run / boot your web server\n  - your web server isn't accessible\n  - you have weird network configuration settings on your computer",
                "estack": "CypressError: `cy.visit()` failed trying to load:\n\nhttps://automationexercise.com/\n\nWe attempted to make an http request to this URL but the request failed without a response.\n\nWe received this error at the network level:\n\n  > Error: ETIMEDOUT\n\nCommon situations why this would fail:\n  - you don't have internet access\n  - you forgot to run / boot your web server\n  - your web server isn't accessible\n  - you have weird network configuration settings on your computer\n    at <unknown> (https://automationexercise.com/__cypress/runner/cypress_runner.js:131607:74)\n    at visitFailedByErr (https://automationexercise.com/__cypress/runner/cypress_runner.js:131006:12)\n    at <unknown> (https://automationexercise.com/__cypress/runner/cypress_runner.js:131606:11)\n    at tryCatcher (https://automationexercise.com/__cypress/runner/cypress_runner.js:1830:23)\n    at Promise._settlePromiseFromHandler (https://automationexercise.com/__cypress/runner/cypress_runner.js:1542:31)\n    at Promise._settlePromise (https://automationexercise.com/__cypress/runner/cypress_runner.js:1599:18)\n    at Promise._settlePromise0 (https://automationexercise.com/__cypress/runner/cypress_runner.js:1644:10)\n    at Promise._settlePromises (https://automationexercise.com/__cypress/runner/cypress_runner.js:1720:18)\n    at _drainQueueStep (https://automationexercise.com/__cypress/runner/cypress_runner.js:2430:12)\n    at _drainQueue (https://automationexercise.com/__cypress/runner/cypress_runner.js:2423:9)\n    at Async._drainQueues (https://automationexercise.com/__cypress/runner/cypress_runner.js:2439:5)\n    at Async.drainQueues (https://automationexercise.com/__cypress/runner/cypress_runner.js:2309:14)\nFrom Your Spec Code:\n    at Context.eval (webpack://cypress-ecomerce/./cypress/support/commands.js:13:5)\n\nFrom Node.js Internals:\n  Error: ETIMEDOUT\n      at Timeout.<anonymous> (<embedded>:290:108821)\n      at listOnTimeout (node:internal/timers:569:17)\n      at process.processTimers (node:internal/timers:512:7)",
                "diff": null
              },
              "uuid": "57afe860-c8d5-4cb6-883e-2ff408e02071",
              "parentUUID": "e5ccfbd5-369a-4c7e-b156-9e6d6f381bc8",
              "isHook": false,
              "skipped": false
            }
          ],
          "suites": [],
          "passes": [],
          "failures": [
            "57afe860-c8d5-4cb6-883e-2ff408e02071"
          ],
          "pending": [],
          "skipped": [],
          "duration": 30554,
          "root": false,
          "rootEmpty": false,
          "_timeout": 2000
        }
      ],
      "passes": [],
      "failures": [],
      "pending": [],
      "skipped": [],
      "duration": 0,
      "root": true,
      "rootEmpty": true,
      "_timeout": 2000
    },
    {
      "uuid": "6fdd47f6-bf4f-42ca-b7c1-42847eedcc31",
      "title": "",
      "fullFile": "cypress/e2e/authentication/TC02_login_user_correct.cy.js",
      "file": "cypress/e2e/authentication/TC02_login_user_correct.cy.js",
      "beforeHooks": [],
      "afterHooks": [],
      "tests": [],
      "suites": [
        {
          "uuid": "3f343def-16e0-457f-8054-965e34d8276c",
          "title": "Test Case 2: Login and Delete Account",
          "fullFile": "",
          "file": "",
          "beforeHooks": [],
          "afterHooks": [],
          "tests": [
            {
              "title": "doit se connecter et supprimer le compte avec succès",
              "fullTitle": "Test Case 2: Login and Delete Account doit se connecter et supprimer le compte avec succès",
              "timedOut": null,
              "duration": 30439,
              "state": "failed",
              "speed": null,
              "pass": false,
              "fail": true,
              "pending": false,
              "context": null,
              "code": "cy.loginEtSupprimerCompte();",
              "err": {
                "message": "CypressError: `cy.visit()` failed trying to load:\n\nhttps://automationexercise.com/\n\nWe attempted to make an http request to this URL but the request failed without a response.\n\nWe received this error at the network level:\n\n  > Error: ETIMEDOUT\n\nCommon situations why this would fail:\n  - you don't have internet access\n  - you forgot to run / boot your web server\n  - your web server isn't accessible\n  - you have weird network configuration settings on your computer",
                "estack": "CypressError: `cy.visit()` failed trying to load:\n\nhttps://automationexercise.com/\n\nWe attempted to make an http request to this URL but the request failed without a response.\n\nWe received this error at the network level:\n\n  > Error: ETIMEDOUT\n\nCommon situations why this would fail:\n  - you don't have internet access\n  - you forgot to run / boot your web server\n  - your web server isn't accessible\n  - you have weird network configuration settings on your computer\n    at <unknown> (https://automationexercise.com/__cypress/runner/cypress_runner.js:131607:74)\n    at visitFailedByErr (https://automationexercise.com/__cypress/runner/cypress_runner.js:131006:12)\n    at <unknown> (https://automationexercise.com/__cypress/runner/cypress_runner.js:131606:11)\n    at tryCatcher (https://automationexercise.com/__cypress/runner/cypress_runner.js:1830:23)\n    at Promise._settlePromiseFromHandler (https://automationexercise.com/__cypress/runner/cypress_runner.js:1542:31)\n    at Promise._settlePromise (https://automationexercise.com/__cypress/runner/cypress_runner.js:1599:18)\n    at Promise._settlePromise0 (https://automationexercise.com/__cypress/runner/cypress_runner.js:1644:10)\n    at Promise._settlePromises (https://automationexercise.com/__cypress/runner/cypress_runner.js:1720:18)\n    at _drainQueueStep (https://automationexercise.com/__cypress/runner/cypress_runner.js:2430:12)\n    at _drainQueue (https://automationexercise.com/__cypress/runner/cypress_runner.js:2423:9)\n    at Async._drainQueues (https://automationexercise.com/__cypress/runner/cypress_runner.js:2439:5)\n    at Async.drainQueues (https://automationexercise.com/__cypress/runner/cypress_runner.js:2309:14)\nFrom Your Spec Code:\n    at Context.eval (webpack://cypress-ecomerce/./cypress/support/commands.js:49:4)\n\nFrom Node.js Internals:\n  Error: ETIMEDOUT\n      at Timeout.<anonymous> (<embedded>:290:108821)\n      at listOnTimeout (node:internal/timers:569:17)\n      at process.processTimers (node:internal/timers:512:7)",
                "diff": null
              },
              "uuid": "9b983c4f-347a-4356-bb49-b541701bc3f6",
              "parentUUID": "3f343def-16e0-457f-8054-965e34d8276c",
              "isHook": false,
              "skipped": false
            }
          ],
          "suites": [],
          "passes": [],
          "failures": [
            "9b983c4f-347a-4356-bb49-b541701bc3f6"
          ],
          "pending": [],
          "skipped": [],
          "duration": 30439,
          "root": false,
          "rootEmpty": false,
          "_timeout": 2000
        }
      ],
      "passes": [],
      "failures": [],
      "pending": [],
      "skipped": [],
      "duration": 0,
      "root": true,
      "rootEmpty": true,
      "_timeout": 2000
    },
    {
      "uuid": "1a1d150d-90ca-43d9-93a8-485af4f3976d",
      "title": "",
      "fullFile": "cypress/e2e/account/TC18_view_category_products.cy.js",
      "file": "cypress/e2e/account/TC18_view_category_products.cy.js",
      "beforeHooks": [],
      "afterHooks": [],
      "tests": [],
      "suites": [
        {
          "uuid": "2e57b0c4-c2a4-4b57-9723-9dd761ffa251",
          "title": "Test Case 18: View Category Products",
          "fullFile": "",
          "file": "",
          "beforeHooks": [],
          "afterHooks": [],
          "tests": [
            {
              "title": "doit afficher les produits des catégories sélectionnées",
              "fullTitle": "Test Case 18: View Category Products doit afficher les produits des catégories sélectionnées",
              "timedOut": null,
              "duration": 6782,
              "state": "passed",
              "speed": "medium",
              "pass": true,
              "fail": false,
              "pending": false,
              "context": null,
              "code": "cy.afficherProduitsParCategorie();",
              "err": {},
              "uuid": "55c494cc-da01-43e9-bb4a-a06d7d65968f",
              "parentUUID": "2e57b0c4-c2a4-4b57-9723-9dd761ffa251",
              "isHook": false,
              "skipped": false
            }
          ],
          "suites": [],
          "passes": [
            "55c494cc-da01-43e9-bb4a-a06d7d65968f"
          ],
          "failures": [],
          "pending": [],
          "skipped": [],
          "duration": 6782,
          "root": false,
          "rootEmpty": false,
          "_timeout": 2000
        }
      ],
      "passes": [],
      "failures": [],
      "pending": [],
      "skipped": [],
      "duration": 0,
      "root": true,
      "rootEmpty": true,
      "_timeout": 2000
    },
    {
      "uuid": "ea567eb5-9894-424c-970d-c09b9060f3cc",
      "title": "",
      "fullFile": "cypress/e2e/account/TC19_view_cart_brand_products.cy.js",
      "file": "cypress/e2e/account/TC19_view_cart_brand_products.cy.js",
      "beforeHooks": [],
      "afterHooks": [],
      "tests": [],
      "suites": [
        {
          "uuid": "da159a58-95d0-40bb-8e2c-093b84e24eab",
          "title": "Test Case 19  ",
          "fullFile": "",
          "file": "",
          "beforeHooks": [],
          "afterHooks": [],
          "tests": [
            {
              "title": "doit afficher les marques sur la page Produits",
              "fullTitle": "Test Case 19   doit afficher les marques sur la page Produits",
              "timedOut": null,
              "duration": 8796,
              "state": "passed",
              "speed": "medium",
              "pass": true,
              "fail": false,
              "pending": false,
              "context": null,
              "code": "cy.ouvrirProduitsEtVerifierMarques('Polo');",
              "err": {},
              "uuid": "15484dde-672e-4d59-ae0e-4d8fe2af3037",
              "parentUUID": "da159a58-95d0-40bb-8e2c-093b84e24eab",
              "isHook": false,
              "skipped": false
            }
          ],
          "suites": [],
          "passes": [
            "15484dde-672e-4d59-ae0e-4d8fe2af3037"
          ],
          "failures": [],
          "pending": [],
          "skipped": [],
          "duration": 8796,
          "root": false,
          "rootEmpty": false,
          "_timeout": 2000
        }
      ],
      "passes": [],
      "failures": [],
      "pending": [],
      "skipped": [],
      "duration": 0,
      "root": true,
      "rootEmpty": true,
      "_timeout": 2000
    },
    {
      "uuid": "d5fd5965-6e3c-4499-a21b-a50343ff1402",
      "title": "",
      "fullFile": "cypress/e2e/account/TC20_search_products_and_verify_cart.cy.js",
      "file": "cypress/e2e/account/TC20_search_products_and_verify_cart.cy.js",
      "beforeHooks": [],
      "afterHooks": [],
      "tests": [],
      "suites": [
        {
          "uuid": "289c90d8-d6e4-45fd-aaa2-043aa6cfc674",
          "title": "Test Case 20: Search Products and Verify Cart After Login",
          "fullFile": "",
          "file": "",
          "beforeHooks": [],
          "afterHooks": [],
          "tests": [
            {
              "title": "doit rechercher un produit, l’ajouter au panier, se connecter et vérifier que le panier est conservé",
              "fullTitle": "Test Case 20: Search Products and Verify Cart After Login doit rechercher un produit, l’ajouter au panier, se connecter et vérifier que le panier est conservé",
              "timedOut": null,
              "duration": 31269,
              "state": "passed",
              "speed": "slow",
              "pass": true,
              "fail": false,
              "pending": false,
              "context": null,
              "code": "const user = (0, _utils.creerUserUnique)();\n// Étapes 1 à 7 : Recherche et ajout au panier\ncy.rechercherProduit('Top');\ncy.enregistrerUtilisateur(user);\ncy.wait(1000); // Attendre que l'utilisateur soit enregistré\n_selecteurs.selecteurs.boutonLogout().should('be.visible').click();\ncy.verifierPanierAvantEtApresConnexion();",
              "err": {},
              "uuid": "0ee2d66d-60d8-40a3-bb0d-f4d2bb920f0e",
              "parentUUID": "289c90d8-d6e4-45fd-aaa2-043aa6cfc674",
              "isHook": false,
              "skipped": false
            }
          ],
          "suites": [],
          "passes": [
            "0ee2d66d-60d8-40a3-bb0d-f4d2bb920f0e"
          ],
          "failures": [],
          "pending": [],
          "skipped": [],
          "duration": 31269,
          "root": false,
          "rootEmpty": false,
          "_timeout": 2000
        }
      ],
      "passes": [],
      "failures": [],
      "pending": [],
      "skipped": [],
      "duration": 0,
      "root": true,
      "rootEmpty": true,
      "_timeout": 2000
    },
    {
      "uuid": "4e0ecdca-114d-4215-b2e1-a189375f498c",
      "title": "",
      "fullFile": "cypress/e2e/account/TC21_add_review_product.cy.js",
      "file": "cypress/e2e/account/TC21_add_review_product.cy.js",
      "beforeHooks": [],
      "afterHooks": [],
      "tests": [],
      "suites": [
        {
          "uuid": "207d7652-676c-4d2a-a01d-facd4cf992ee",
          "title": "Test Case 21: Add review on product",
          "fullFile": "",
          "file": "",
          "beforeHooks": [],
          "afterHooks": [],
          "tests": [
            {
              "title": "doit permettre d’ajouter un avis sur un produit avec succès",
              "fullTitle": "Test Case 21: Add review on product doit permettre d’ajouter un avis sur un produit avec succès",
              "timedOut": null,
              "duration": 5555,
              "state": "passed",
              "speed": "medium",
              "pass": true,
              "fail": false,
              "pending": false,
              "context": null,
              "code": "cy.ajouterAvisProduit('Nassim Kahlaoui', 'nassim11kahlaoui@gmail.com', 'Excellent produit, je recommande vivement !');",
              "err": {},
              "uuid": "fa59f4d1-6cce-49ed-b65e-00e5f364c3e7",
              "parentUUID": "207d7652-676c-4d2a-a01d-facd4cf992ee",
              "isHook": false,
              "skipped": false
            }
          ],
          "suites": [],
          "passes": [
            "fa59f4d1-6cce-49ed-b65e-00e5f364c3e7"
          ],
          "failures": [],
          "pending": [],
          "skipped": [],
          "duration": 5555,
          "root": false,
          "rootEmpty": false,
          "_timeout": 2000
        }
      ],
      "passes": [],
      "failures": [],
      "pending": [],
      "skipped": [],
      "duration": 0,
      "root": true,
      "rootEmpty": true,
      "_timeout": 2000
    },
    {
      "uuid": "50b153c9-e823-4681-a1a7-6455e26ab088",
      "title": "",
      "fullFile": "cypress/e2e/account/TC22_add_to_cart_recommended_items.cy.js",
      "file": "cypress/e2e/account/TC22_add_to_cart_recommended_items.cy.js",
      "beforeHooks": [],
      "afterHooks": [],
      "tests": [],
      "suites": [
        {
          "uuid": "1cd294d8-e816-4e29-a87a-f6fd44ebdd0c",
          "title": "Test Case 22: Add to cart from Recommended items",
          "fullFile": "",
          "file": "",
          "beforeHooks": [],
          "afterHooks": [],
          "tests": [
            {
              "title": "doit ajouter un produit recommandé au panier avec succès",
              "fullTitle": "Test Case 22: Add to cart from Recommended items doit ajouter un produit recommandé au panier avec succès",
              "timedOut": null,
              "duration": 4685,
              "state": "passed",
              "speed": "fast",
              "pass": true,
              "fail": false,
              "pending": false,
              "context": null,
              "code": "// Étape 3 : Scroller vers le bas jusqu’à la section Recommended Items\ncy.ajouterProduitDepuisRecommandes();",
              "err": {},
              "uuid": "605222fa-e41d-46dd-8ff0-89fd9d2b9f3a",
              "parentUUID": "1cd294d8-e816-4e29-a87a-f6fd44ebdd0c",
              "isHook": false,
              "skipped": false
            }
          ],
          "suites": [],
          "passes": [
            "605222fa-e41d-46dd-8ff0-89fd9d2b9f3a"
          ],
          "failures": [],
          "pending": [],
          "skipped": [],
          "duration": 4685,
          "root": false,
          "rootEmpty": false,
          "_timeout": 2000
        }
      ],
      "passes": [],
      "failures": [],
      "pending": [],
      "skipped": [],
      "duration": 0,
      "root": true,
      "rootEmpty": true,
      "_timeout": 2000
    },
    {
      "uuid": "3138ff9d-c95f-4c02-992e-86a62784b5ae",
      "title": "",
      "fullFile": "cypress/e2e/account/TC23_verify_address_details_review_order.cy.js",
      "file": "cypress/e2e/account/TC23_verify_address_details_review_order.cy.js",
      "beforeHooks": [],
      "afterHooks": [],
      "tests": [],
      "suites": [
        {
          "uuid": "c3e3f63b-cc37-4d82-94db-293fef4dd335",
          "title": "Test Case 23: Verify address details in checkout page",
          "fullFile": "",
          "file": "",
          "beforeHooks": [],
          "afterHooks": [],
          "tests": [
            {
              "title": "doit vérifier que les détails d’adresse sont corrects dans le checkout",
              "fullTitle": "Test Case 23: Verify address details in checkout page doit vérifier que les détails d’adresse sont corrects dans le checkout",
              "timedOut": null,
              "duration": 25606,
              "state": "passed",
              "speed": "slow",
              "pass": true,
              "fail": false,
              "pending": false,
              "context": null,
              "code": "cy.verifierDetailsAdresseCheckout();",
              "err": {},
              "uuid": "8e1c4ab1-87c0-4b2b-8d98-3d51f265d7f7",
              "parentUUID": "c3e3f63b-cc37-4d82-94db-293fef4dd335",
              "isHook": false,
              "skipped": false
            }
          ],
          "suites": [],
          "passes": [
            "8e1c4ab1-87c0-4b2b-8d98-3d51f265d7f7"
          ],
          "failures": [],
          "pending": [],
          "skipped": [],
          "duration": 25606,
          "root": false,
          "rootEmpty": false,
          "_timeout": 2000
        }
      ],
      "passes": [],
      "failures": [],
      "pending": [],
      "skipped": [],
      "duration": 0,
      "root": true,
      "rootEmpty": true,
      "_timeout": 2000
    },
    {
      "uuid": "6f71f5ce-33a7-4a62-8ce1-ba1ddf27b30a",
      "title": "",
      "fullFile": "cypress/e2e/authentication/TC01_register_user.cy.js",
      "file": "cypress/e2e/authentication/TC01_register_user.cy.js",
      "beforeHooks": [],
      "afterHooks": [],
      "tests": [],
      "suites": [
        {
          "uuid": "78d5daba-bce8-4fd8-a99e-8801378f5423",
          "title": "Test d’enregistrement seul",
          "fullFile": "",
          "file": "",
          "beforeHooks": [],
          "afterHooks": [],
          "tests": [
            {
              "title": "Inscrire un utilisateur et stopper le test ici",
              "fullTitle": "Test d’enregistrement seul Inscrire un utilisateur et stopper le test ici",
              "timedOut": null,
              "duration": 12232,
              "state": "passed",
              "speed": "slow",
              "pass": true,
              "fail": false,
              "pending": false,
              "context": null,
              "code": "const user = (0, _utils.creerUserUnique)();\ncy.enregistrerUtilisateur(user);\n// ✅ On stoppe volontairement ici\ncy.log('✅ Fin du test ici');\nreturn; // <--- C’est ce qui empêche Cypress d’aller plus loin",
              "err": {},
              "uuid": "e0f231a8-96a5-43c6-a544-4474f9fb5b75",
              "parentUUID": "78d5daba-bce8-4fd8-a99e-8801378f5423",
              "isHook": false,
              "skipped": false
            }
          ],
          "suites": [],
          "passes": [
            "e0f231a8-96a5-43c6-a544-4474f9fb5b75"
          ],
          "failures": [],
          "pending": [],
          "skipped": [],
          "duration": 12232,
          "root": false,
          "rootEmpty": false,
          "_timeout": 2000
        }
      ],
      "passes": [],
      "failures": [],
      "pending": [],
      "skipped": [],
      "duration": 0,
      "root": true,
      "rootEmpty": true,
      "_timeout": 2000
    },
    {
      "uuid": "b9bb723d-736d-45ca-8d15-5b2d1467c582",
      "title": "",
      "fullFile": "cypress/e2e/authentication/TC02_login_user_correct.cy.js",
      "file": "cypress/e2e/authentication/TC02_login_user_correct.cy.js",
      "beforeHooks": [],
      "afterHooks": [],
      "tests": [],
      "suites": [
        {
          "uuid": "ddc6a4a9-28a2-4ab7-91c7-3cbd2c511aa8",
          "title": "Test Case 2: Login and Delete Account",
          "fullFile": "",
          "file": "",
          "beforeHooks": [],
          "afterHooks": [],
          "tests": [
            {
              "title": "doit se connecter et supprimer le compte avec succès",
              "fullTitle": "Test Case 2: Login and Delete Account doit se connecter et supprimer le compte avec succès",
              "timedOut": null,
              "duration": 7607,
              "state": "passed",
              "speed": "medium",
              "pass": true,
              "fail": false,
              "pending": false,
              "context": null,
              "code": "cy.loginEtSupprimerCompte();",
              "err": {},
              "uuid": "f8d2043b-a7cc-4ce6-9704-e248dbf78180",
              "parentUUID": "ddc6a4a9-28a2-4ab7-91c7-3cbd2c511aa8",
              "isHook": false,
              "skipped": false
            }
          ],
          "suites": [],
          "passes": [
            "f8d2043b-a7cc-4ce6-9704-e248dbf78180"
          ],
          "failures": [],
          "pending": [],
          "skipped": [],
          "duration": 7607,
          "root": false,
          "rootEmpty": false,
          "_timeout": 2000
        }
      ],
      "passes": [],
      "failures": [],
      "pending": [],
      "skipped": [],
      "duration": 0,
      "root": true,
      "rootEmpty": true,
      "_timeout": 2000
    },
    {
      "uuid": "d7ec2da0-bfae-4225-af51-88ad099f2426",
      "title": "",
      "fullFile": "cypress/e2e/authentication/TC03_login_user_incorrect.cy.js",
      "file": "cypress/e2e/authentication/TC03_login_user_incorrect.cy.js",
      "beforeHooks": [],
      "afterHooks": [],
      "tests": [],
      "suites": [
        {
          "uuid": "3d16b0cd-519c-47cd-91a8-1df76a08416b",
          "title": "Test Case: Login with incorrect email and password",
          "fullFile": "",
          "file": "",
          "beforeHooks": [],
          "afterHooks": [],
          "tests": [
            {
              "title": "doit afficher un message d'erreur pour email ou mot de passe incorrect",
              "fullTitle": "Test Case: Login with incorrect email and password doit afficher un message d'erreur pour email ou mot de passe incorrect",
              "timedOut": null,
              "duration": 5260,
              "state": "passed",
              "speed": "medium",
              "pass": true,
              "fail": false,
              "pending": false,
              "context": null,
              "code": "// 1 & 2. Ouvrir le navigateur et naviguer vers l'url\ncy.visit(_baseUrl.default.baseUrl);\n// 3. Vérifier que la page d'accueil est visible (exemple avec titre)\ncy.title().should('include', 'Automation Exercise');\n// 4. Cliquer sur \"Signup / Login\"\n_selecteurs.selecteurs.lienConnexionInscription().should('be.visible').click();\n// 5. Vérifier que \"Login to your account\" est visible\ncy.contains('Login to your account').should('be.visible');\n// 6. Saisir un email et mot de passe incorrects\n_selecteurs.selecteurs.champEmailConnexion().should('be.visible').type(_userData.default.email);\n_selecteurs.selecteurs.champMotDePasseConnexion().should('be.visible').type(_userData.default.password);\n// 7. Cliquer sur le bouton login\n_selecteurs.selecteurs.boutonConnexion().should('be.visible').click();\n// 8. Vérifier que le message d'erreur est visible\ncy.contains('Your email or password is incorrect!').should('be.visible');",
              "err": {},
              "uuid": "4c56dfdb-909c-4435-ad92-50c3e51be3e1",
              "parentUUID": "3d16b0cd-519c-47cd-91a8-1df76a08416b",
              "isHook": false,
              "skipped": false
            }
          ],
          "suites": [],
          "passes": [
            "4c56dfdb-909c-4435-ad92-50c3e51be3e1"
          ],
          "failures": [],
          "pending": [],
          "skipped": [],
          "duration": 5260,
          "root": false,
          "rootEmpty": false,
          "_timeout": 2000
        }
      ],
      "passes": [],
      "failures": [],
      "pending": [],
      "skipped": [],
      "duration": 0,
      "root": true,
      "rootEmpty": true,
      "_timeout": 2000
    },
    {
      "uuid": "9d1e92b0-d549-4b1d-bef1-eba488b69cfa",
      "title": "",
      "fullFile": "cypress/e2e/authentication/TC04_logout_user.cy.js",
      "file": "cypress/e2e/authentication/TC04_logout_user.cy.js",
      "beforeHooks": [],
      "afterHooks": [],
      "tests": [],
      "suites": [
        {
          "uuid": "d3117625-3d0e-4e67-bb16-6bac22883d60",
          "title": "Test Case 4: Logout User",
          "fullFile": "",
          "file": "",
          "beforeHooks": [],
          "afterHooks": [],
          "tests": [
            {
              "title": "doit se connecter puis se déconnecter avec succès",
              "fullTitle": "Test Case 4: Logout User doit se connecter puis se déconnecter avec succès",
              "timedOut": null,
              "duration": 33212,
              "state": "passed",
              "speed": "slow",
              "pass": true,
              "fail": false,
              "pending": false,
              "context": null,
              "code": "const user = (0, _utils.creerUserUnique)();\ncy.enregistrerUtilisateur();\ncy.wait(5000); // Attendre que l'utilisateur soit enregistré\n_selecteurs.selecteurs.boutonLogout().should('be.visible').click();\ncy.wait(2000); // Attendre que la déconnexion soit effectuée\ncy.seConnecter(user); // Assurez-vous que l'utilisateur est connecté",
              "err": {},
              "uuid": "ecc6b269-1116-4ed6-aeb3-570db7c37e82",
              "parentUUID": "d3117625-3d0e-4e67-bb16-6bac22883d60",
              "isHook": false,
              "skipped": false
            }
          ],
          "suites": [],
          "passes": [
            "ecc6b269-1116-4ed6-aeb3-570db7c37e82"
          ],
          "failures": [],
          "pending": [],
          "skipped": [],
          "duration": 33212,
          "root": false,
          "rootEmpty": false,
          "_timeout": 2000
        }
      ],
      "passes": [],
      "failures": [],
      "pending": [],
      "skipped": [],
      "duration": 0,
      "root": true,
      "rootEmpty": true,
      "_timeout": 2000
    },
    {
      "uuid": "7241f887-bb3f-4179-9f9e-23d5eb2adb85",
      "title": "",
      "fullFile": "cypress/e2e/authentication/TC05_register_existing_email.cy.js",
      "file": "cypress/e2e/authentication/TC05_register_existing_email.cy.js",
      "beforeHooks": [],
      "afterHooks": [],
      "tests": [],
      "suites": [
        {
          "uuid": "6a920a5c-79b0-4cf9-bd2d-4e708ba127bf",
          "title": "Test Case 5: Register avec un email déjà existant",
          "fullFile": "",
          "file": "",
          "beforeHooks": [],
          "afterHooks": [],
          "tests": [
            {
              "title": "doit afficher une erreur si email déjà utilisé",
              "fullTitle": "Test Case 5: Register avec un email déjà existant doit afficher une erreur si email déjà utilisé",
              "timedOut": null,
              "duration": 6025,
              "state": "passed",
              "speed": "medium",
              "pass": true,
              "fail": false,
              "pending": false,
              "context": null,
              "code": "cy.registerAvecEmailExistant();",
              "err": {},
              "uuid": "4cbc9a1e-9aa7-4785-b925-f7d35435bb23",
              "parentUUID": "6a920a5c-79b0-4cf9-bd2d-4e708ba127bf",
              "isHook": false,
              "skipped": false
            }
          ],
          "suites": [],
          "passes": [
            "4cbc9a1e-9aa7-4785-b925-f7d35435bb23"
          ],
          "failures": [],
          "pending": [],
          "skipped": [],
          "duration": 6025,
          "root": false,
          "rootEmpty": false,
          "_timeout": 2000
        }
      ],
      "passes": [],
      "failures": [],
      "pending": [],
      "skipped": [],
      "duration": 0,
      "root": true,
      "rootEmpty": true,
      "_timeout": 2000
    },
    {
      "uuid": "416f94f2-33f0-4ce6-9a4d-dff33f98168a",
      "title": "",
      "fullFile": "cypress/e2e/cart/TC11_verify_subscription_cart.cy.js",
      "file": "cypress/e2e/cart/TC11_verify_subscription_cart.cy.js",
      "beforeHooks": [],
      "afterHooks": [],
      "tests": [],
      "suites": [
        {
          "uuid": "e78e6f5b-5bd6-4c0c-9b3a-6ca1969d59ac",
          "title": "Test Case 11: Verify Subscription in Cart page",
          "fullFile": "",
          "file": "",
          "beforeHooks": [],
          "afterHooks": [],
          "tests": [
            {
              "title": "doit s’abonner avec succès via le footer de la page Cart",
              "fullTitle": "Test Case 11: Verify Subscription in Cart page doit s’abonner avec succès via le footer de la page Cart",
              "timedOut": null,
              "duration": 5685,
              "state": "passed",
              "speed": "medium",
              "pass": true,
              "fail": false,
              "pending": false,
              "context": null,
              "code": "// Ouvre la page d’accueil, clique sur Cart, scroll jusqu’au footer et fait l’abonnement\ncy.subscribeFromCartPage('nassim13kahlaoui@gmail.com');",
              "err": {},
              "uuid": "1eee5402-3eb6-41b2-a1b0-d6cec9a21235",
              "parentUUID": "e78e6f5b-5bd6-4c0c-9b3a-6ca1969d59ac",
              "isHook": false,
              "skipped": false
            }
          ],
          "suites": [],
          "passes": [
            "1eee5402-3eb6-41b2-a1b0-d6cec9a21235"
          ],
          "failures": [],
          "pending": [],
          "skipped": [],
          "duration": 5685,
          "root": false,
          "rootEmpty": false,
          "_timeout": 2000
        }
      ],
      "passes": [],
      "failures": [],
      "pending": [],
      "skipped": [],
      "duration": 0,
      "root": true,
      "rootEmpty": true,
      "_timeout": 2000
    },
    {
      "uuid": "22975f40-228e-49f7-b2e2-96ab26a14f90",
      "title": "",
      "fullFile": "cypress/e2e/cart/TC12_add_products_cart.cy.js",
      "file": "cypress/e2e/cart/TC12_add_products_cart.cy.js",
      "beforeHooks": [],
      "afterHooks": [],
      "tests": [],
      "suites": [
        {
          "uuid": "29db02f4-2870-404d-b39e-c91d973048c3",
          "title": "Test Case 12: Add Products in Cart",
          "fullFile": "",
          "file": "",
          "beforeHooks": [],
          "afterHooks": [],
          "tests": [
            {
              "title": "ajoute 2 produits et vérifie le panier",
              "fullTitle": "Test Case 12: Add Products in Cart ajoute 2 produits et vérifie le panier",
              "timedOut": null,
              "duration": 8108,
              "state": "passed",
              "speed": "medium",
              "pass": true,
              "fail": false,
              "pending": false,
              "context": null,
              "code": "cy.ajouterDeuxProduitsEtVerifierPanier();",
              "err": {},
              "uuid": "5485fd99-d2ba-4c9b-a8e1-60720ffa1e90",
              "parentUUID": "29db02f4-2870-404d-b39e-c91d973048c3",
              "isHook": false,
              "skipped": false
            }
          ],
          "suites": [],
          "passes": [
            "5485fd99-d2ba-4c9b-a8e1-60720ffa1e90"
          ],
          "failures": [],
          "pending": [],
          "skipped": [],
          "duration": 8108,
          "root": false,
          "rootEmpty": false,
          "_timeout": 2000
        }
      ],
      "passes": [],
      "failures": [],
      "pending": [],
      "skipped": [],
      "duration": 0,
      "root": true,
      "rootEmpty": true,
      "_timeout": 2000
    },
    {
      "uuid": "fba4d71b-3480-4b34-92b1-f4c646c23f20",
      "title": "",
      "fullFile": "cypress/e2e/cart/TC13_verify_cart_after_login.cy.js",
      "file": "cypress/e2e/cart/TC13_verify_cart_after_login.cy.js",
      "beforeHooks": [],
      "afterHooks": [],
      "tests": [],
      "suites": [
        {
          "uuid": "e4907f7a-9cee-4d1e-ba4f-2ac731604ca6",
          "title": "Test Case 13: Vérifier quantité produit dans le panier",
          "fullFile": "",
          "file": "",
          "beforeHooks": [],
          "afterHooks": [],
          "tests": [
            {
              "title": "doit afficher la bonne quantité après ajout",
              "fullTitle": "Test Case 13: Vérifier quantité produit dans le panier doit afficher la bonne quantité après ajout",
              "timedOut": null,
              "duration": 4986,
              "state": "passed",
              "speed": "fast",
              "pass": true,
              "fail": false,
              "pending": false,
              "context": null,
              "code": "cy.ajouterProduitAvecQuantite(4, 4); // Produit 0, quantité 4",
              "err": {},
              "uuid": "26e07306-a750-4aee-ab6f-17b5b78930ed",
              "parentUUID": "e4907f7a-9cee-4d1e-ba4f-2ac731604ca6",
              "isHook": false,
              "skipped": false
            }
          ],
          "suites": [],
          "passes": [
            "26e07306-a750-4aee-ab6f-17b5b78930ed"
          ],
          "failures": [],
          "pending": [],
          "skipped": [],
          "duration": 4986,
          "root": false,
          "rootEmpty": false,
          "_timeout": 2000
        }
      ],
      "passes": [],
      "failures": [],
      "pending": [],
      "skipped": [],
      "duration": 0,
      "root": true,
      "rootEmpty": true,
      "_timeout": 2000
    },
    {
      "uuid": "37086739-ac04-4644-9533-d415ecd05bdd",
      "title": "",
      "fullFile": "cypress/e2e/orders/TC14_place_order_register_checkout.cy.js",
      "file": "cypress/e2e/orders/TC14_place_order_register_checkout.cy.js",
      "beforeHooks": [],
      "afterHooks": [],
      "tests": [],
      "suites": [
        {
          "uuid": "d4ab9be3-cab8-4da5-b547-4a624224a16f",
          "title": "Test Case 14: Place Order - Register while Checkout",
          "fullFile": "",
          "file": "",
          "beforeHooks": [],
          "afterHooks": [],
          "tests": [
            {
              "title": "doit permettre à un utilisateur de s’inscrire pendant le checkout et de passer commande avec succès",
              "fullTitle": "Test Case 14: Place Order - Register while Checkout doit permettre à un utilisateur de s’inscrire pendant le checkout et de passer commande avec succès",
              "timedOut": null,
              "duration": 33253,
              "state": "passed",
              "speed": "slow",
              "pass": true,
              "fail": false,
              "pending": false,
              "context": null,
              "code": "cy.ajouterProduitAvecQuantite(4, 4);\ncy.contains('Proceed To Checkout').click();\ncy.contains('Register / Login').click();\ncy.enregistrerUtilisateur();\n// 👉 Finalisation + suppression\ncy.finaliserCommandeEtSupprimerCompte();",
              "err": {},
              "uuid": "ecba8878-3d8a-4968-b0c1-67e70297de7e",
              "parentUUID": "d4ab9be3-cab8-4da5-b547-4a624224a16f",
              "isHook": false,
              "skipped": false
            }
          ],
          "suites": [],
          "passes": [
            "ecba8878-3d8a-4968-b0c1-67e70297de7e"
          ],
          "failures": [],
          "pending": [],
          "skipped": [],
          "duration": 33253,
          "root": false,
          "rootEmpty": false,
          "_timeout": 2000
        }
      ],
      "passes": [],
      "failures": [],
      "pending": [],
      "skipped": [],
      "duration": 0,
      "root": true,
      "rootEmpty": true,
      "_timeout": 2000
    },
    {
      "uuid": "12a13c88-cbca-4251-86e1-3baa8f572f0d",
      "title": "",
      "fullFile": "cypress/e2e/orders/TC15_register_before_checkout.cy.js",
      "file": "cypress/e2e/orders/TC15_register_before_checkout.cy.js",
      "beforeHooks": [],
      "afterHooks": [],
      "tests": [],
      "suites": [
        {
          "uuid": "8c4c8885-588a-4f2e-bb88-24b610220b96",
          "title": "Test Case 15: Place Order - Register before Checkout",
          "fullFile": "",
          "file": "",
          "beforeHooks": [],
          "afterHooks": [],
          "tests": [
            {
              "title": "doit inscrire un utilisateur avant le checkout puis finaliser la commande",
              "fullTitle": "Test Case 15: Place Order - Register before Checkout doit inscrire un utilisateur avant le checkout puis finaliser la commande",
              "timedOut": null,
              "duration": 42391,
              "state": "passed",
              "speed": "slow",
              "pass": true,
              "fail": false,
              "pending": false,
              "context": null,
              "code": "// Étapes 1 à 3 : Lancer et vérifier la home page\ncy.visit(_baseUrl.baseUrl);\n_selecteurs.selecteurs.logoHomePage().should('be.visible');\n// Étape 4 : Cliquer sur 'Signup / Login'\n_selecteurs.selecteurs.lienConnexionInscription().click();\n// Étapes 5 à 6 : Créer un compte\ncy.enregistrerUtilisateur(); // ta commande existante gère déjà toute l’inscription\n// Étape 7 : Vérifier qu’on est connecté\n_selecteurs.selecteurs.texteLoggedIn().should('contain.text', 'Logged in as');\n// Étape 8 : Ajouter produit au panier\ncy.ajouterProduitAvecQuantite(1, 1); // tu choisis l’index et la quantité que tu veux\n// Étape 9 : Aller au panier\n_selecteurs.selecteurs.boutonCart().click();\n// Étape 10 : Vérifier que la page du panier est affichée\ncy.url().should('include', '/view_cart');\n// Étapes 11 à 18 → on utilise ta commande existante\ncy.finaliserCommandeEtSupprimerCompte();",
              "err": {},
              "uuid": "3bd22667-d3c3-43ef-aff3-e3a8c20c0d33",
              "parentUUID": "8c4c8885-588a-4f2e-bb88-24b610220b96",
              "isHook": false,
              "skipped": false
            }
          ],
          "suites": [],
          "passes": [
            "3bd22667-d3c3-43ef-aff3-e3a8c20c0d33"
          ],
          "failures": [],
          "pending": [],
          "skipped": [],
          "duration": 42391,
          "root": false,
          "rootEmpty": false,
          "_timeout": 2000
        }
      ],
      "passes": [],
      "failures": [],
      "pending": [],
      "skipped": [],
      "duration": 0,
      "root": true,
      "rootEmpty": true,
      "_timeout": 2000
    },
    {
      "uuid": "ba786d68-ed56-4186-b0ac-e0d9aff00738",
      "title": "",
      "fullFile": "cypress/e2e/orders/TC16_place_order_login_before_checkout.cy.js",
      "file": "cypress/e2e/orders/TC16_place_order_login_before_checkout.cy.js",
      "beforeHooks": [],
      "afterHooks": [],
      "tests": [],
      "suites": [
        {
          "uuid": "d52130ad-24c0-4f6f-b30f-22ee633ff040",
          "title": "Test Case 16: Place Order - Login before Checkout",
          "fullFile": "",
          "file": "",
          "beforeHooks": [],
          "afterHooks": [],
          "tests": [
            {
              "title": "doit permettre à un utilisateur connecté de passer une commande avec succès",
              "fullTitle": "Test Case 16: Place Order - Login before Checkout doit permettre à un utilisateur connecté de passer une commande avec succès",
              "timedOut": null,
              "duration": 43693,
              "state": "passed",
              "speed": "slow",
              "pass": true,
              "fail": false,
              "pending": false,
              "context": null,
              "code": "cy.visit(_baseUrl.baseUrl);\n_selecteurs.selecteurs.logoHomePage().should('be.visible');\n// Utiliser ta commande personnalisée pour se connecter\nconst user = (0, _utils.creerUserUnique)();\ncy.enregistrerUtilisateur(user);\n_selecteurs.selecteurs.boutonLogout().should('be.visible').click();\ncy.seConnecter();\n// Ajouter produits au panier\ncy.ajouterProduitAvecQuantite(1, 1);\n// Aller au panier\n_selecteurs.selecteurs.boutonCart().click();\ncy.url().should('include', '/view_cart');\n// Finaliser commande & supprimer compte\ncy.finaliserCommandeEtSupprimerCompte();",
              "err": {},
              "uuid": "548314de-bb79-42a7-be9f-a1237f539335",
              "parentUUID": "d52130ad-24c0-4f6f-b30f-22ee633ff040",
              "isHook": false,
              "skipped": false
            }
          ],
          "suites": [],
          "passes": [
            "548314de-bb79-42a7-be9f-a1237f539335"
          ],
          "failures": [],
          "pending": [],
          "skipped": [],
          "duration": 43693,
          "root": false,
          "rootEmpty": false,
          "_timeout": 2000
        }
      ],
      "passes": [],
      "failures": [],
      "pending": [],
      "skipped": [],
      "duration": 0,
      "root": true,
      "rootEmpty": true,
      "_timeout": 2000
    },
    {
      "uuid": "e7a09331-90ca-4bfe-af37-c929ce7086c8",
      "title": "",
      "fullFile": "cypress/e2e/orders/TC17_remove_products_from_cart.cy.js",
      "file": "cypress/e2e/orders/TC17_remove_products_from_cart.cy.js",
      "beforeHooks": [],
      "afterHooks": [],
      "tests": [],
      "suites": [
        {
          "uuid": "94bc114c-7b9d-4ce1-90be-389d56440b35",
          "title": "Test Case 17: Remove Products From Cart",
          "fullFile": "",
          "file": "",
          "beforeHooks": [],
          "afterHooks": [],
          "tests": [
            {
              "title": "doit ajouter des produits puis supprimer un produit du panier",
              "fullTitle": "Test Case 17: Remove Products From Cart doit ajouter des produits puis supprimer un produit du panier",
              "timedOut": null,
              "duration": 17613,
              "state": "passed",
              "speed": "slow",
              "pass": true,
              "fail": false,
              "pending": false,
              "context": null,
              "code": "// Étapes 1 à 3 : Ouvrir la page et vérifier accueil\ncy.visit(_baseUrl.baseUrl);\n_selecteurs.selecteurs.logoHomePage().should('be.visible');\n// Étape 4 : Ajouter 2 produits au panier\ncy.ajouterProduitAvecQuantite(0, 1);\ncy.ajouterProduitAvecQuantite(1, 4);\n// Étape 5 : Cliquer sur le bouton \"Cart\"\n_selecteurs.selecteurs.boutonCart().click();\n// Étape 6 : Vérifier que la page panier est affichée avec au moins 2 produits\n_selecteurs.selecteurs.lignesPanier().should('have.length.at.least', 0);\n// Étape 7 : Cliquer sur le bouton \"X\" du 1er produit pour le supprimer par  id :\n_selecteurs.selecteurs.boutonSupprimerProduitParId(1).should('be.visible').click();\n// Étape 8 : Vérifier que le produit a bien été supprimé (nombre réduit d’un)\n_selecteurs.selecteurs.lignesPanier().should('not.exist');",
              "err": {},
              "uuid": "7dff3d48-fe9a-4f9d-98c1-b90851c7f2de",
              "parentUUID": "94bc114c-7b9d-4ce1-90be-389d56440b35",
              "isHook": false,
              "skipped": false
            }
          ],
          "suites": [],
          "passes": [
            "7dff3d48-fe9a-4f9d-98c1-b90851c7f2de"
          ],
          "failures": [],
          "pending": [],
          "skipped": [],
          "duration": 17613,
          "root": false,
          "rootEmpty": false,
          "_timeout": 2000
        }
      ],
      "passes": [],
      "failures": [],
      "pending": [],
      "skipped": [],
      "duration": 0,
      "root": true,
      "rootEmpty": true,
      "_timeout": 2000
    },
    {
      "uuid": "c089e88f-dab6-4ecf-9b12-acb74798a515",
      "title": "",
      "fullFile": "cypress/e2e/download/TC24_download_invoice.cy.js",
      "file": "cypress/e2e/download/TC24_download_invoice.cy.js",
      "beforeHooks": [],
      "afterHooks": [],
      "tests": [],
      "suites": [
        {
          "uuid": "3e65e559-99ba-4bf5-acb2-a0b8c394288c",
          "title": "Test Case 24: Download Invoice after purchase order",
          "fullFile": "",
          "file": "",
          "beforeHooks": [],
          "afterHooks": [],
          "tests": [
            {
              "title": "doit permettre de télécharger la facture après la commande",
              "fullTitle": "Test Case 24: Download Invoice after purchase order doit permettre de télécharger la facture après la commande",
              "timedOut": null,
              "duration": 34782,
              "state": "passed",
              "speed": "slow",
              "pass": true,
              "fail": false,
              "pending": false,
              "context": null,
              "code": "cy.telechargerFactureCommande();",
              "err": {},
              "uuid": "5f0e4664-27df-4c88-8b94-5590becf7481",
              "parentUUID": "3e65e559-99ba-4bf5-acb2-a0b8c394288c",
              "isHook": false,
              "skipped": false
            }
          ],
          "suites": [],
          "passes": [
            "5f0e4664-27df-4c88-8b94-5590becf7481"
          ],
          "failures": [],
          "pending": [],
          "skipped": [],
          "duration": 34782,
          "root": false,
          "rootEmpty": false,
          "_timeout": 2000
        }
      ],
      "passes": [],
      "failures": [],
      "pending": [],
      "skipped": [],
      "duration": 0,
      "root": true,
      "rootEmpty": true,
      "_timeout": 2000
    },
    {
      "uuid": "3d638bd2-826a-4126-8e9c-c43abbe6391d",
      "title": "",
      "fullFile": "cypress/e2e/download/TC25_scroll_up_down.cy.js",
      "file": "cypress/e2e/download/TC25_scroll_up_down.cy.js",
      "beforeHooks": [],
      "afterHooks": [],
      "tests": [],
      "suites": [
        {
          "uuid": "94b9dcc4-85fd-42c9-bcbc-c460eab0ed7f",
          "title": "Test Case 25: Verify Scroll Up using Arrow button and Scroll Down functionality",
          "fullFile": "",
          "file": "",
          "beforeHooks": [],
          "afterHooks": [],
          "tests": [
            {
              "title": "doit scroller vers le bas, puis revenir en haut avec la flèche",
              "fullTitle": "Test Case 25: Verify Scroll Up using Arrow button and Scroll Down functionality doit scroller vers le bas, puis revenir en haut avec la flèche",
              "timedOut": null,
              "duration": 3667,
              "state": "passed",
              "speed": "fast",
              "pass": true,
              "fail": false,
              "pending": false,
              "context": null,
              "code": "cy.verifierScroll();",
              "err": {},
              "uuid": "568d1a5d-f6c5-4e91-8821-755c1f1fda57",
              "parentUUID": "94b9dcc4-85fd-42c9-bcbc-c460eab0ed7f",
              "isHook": false,
              "skipped": false
            }
          ],
          "suites": [],
          "passes": [
            "568d1a5d-f6c5-4e91-8821-755c1f1fda57"
          ],
          "failures": [],
          "pending": [],
          "skipped": [],
          "duration": 3667,
          "root": false,
          "rootEmpty": false,
          "_timeout": 2000
        }
      ],
      "passes": [],
      "failures": [],
      "pending": [],
      "skipped": [],
      "duration": 0,
      "root": true,
      "rootEmpty": true,
      "_timeout": 2000
    },
    {
      "uuid": "8e27906a-b5ce-4069-bf3d-eeaf9220d746",
      "title": "",
      "fullFile": "cypress/e2e/products/TC06_contact_us.cy.js",
      "file": "cypress/e2e/products/TC06_contact_us.cy.js",
      "beforeHooks": [],
      "afterHooks": [],
      "tests": [],
      "suites": [
        {
          "uuid": "f61db144-92d7-411e-9314-718bb71123e5",
          "title": "Test Case 6: Contact Us Form",
          "fullFile": "",
          "file": "",
          "beforeHooks": [],
          "afterHooks": [],
          "tests": [
            {
              "title": "devrait envoyer le formulaire Contact avec succès",
              "fullTitle": "Test Case 6: Contact Us Form devrait envoyer le formulaire Contact avec succès",
              "timedOut": null,
              "duration": 9474,
              "state": "passed",
              "speed": "medium",
              "pass": true,
              "fail": false,
              "pending": false,
              "context": null,
              "code": "cy.remplirFormulaireContact();",
              "err": {},
              "uuid": "846b3664-8aec-4b69-accd-c2f5a90052e7",
              "parentUUID": "f61db144-92d7-411e-9314-718bb71123e5",
              "isHook": false,
              "skipped": false
            }
          ],
          "suites": [],
          "passes": [
            "846b3664-8aec-4b69-accd-c2f5a90052e7"
          ],
          "failures": [],
          "pending": [],
          "skipped": [],
          "duration": 9474,
          "root": false,
          "rootEmpty": false,
          "_timeout": 2000
        }
      ],
      "passes": [],
      "failures": [],
      "pending": [],
      "skipped": [],
      "duration": 0,
      "root": true,
      "rootEmpty": true,
      "_timeout": 2000
    },
    {
      "uuid": "3e390788-e53b-435a-892f-c46da602159a",
      "title": "",
      "fullFile": "cypress/e2e/products/TC07_test_cases_page.cy.js",
      "file": "cypress/e2e/products/TC07_test_cases_page.cy.js",
      "beforeHooks": [],
      "afterHooks": [],
      "tests": [],
      "suites": [
        {
          "uuid": "b6809457-297d-4c26-bf56-12647fd4f2b8",
          "title": "Navigation vers la page Test Cases",
          "fullFile": "",
          "file": "",
          "beforeHooks": [],
          "afterHooks": [],
          "tests": [
            {
              "title": "devrait lancer le navigateur, accéder à la page d'accueil, cliquer sur Test Cases et vérifier la navigation",
              "fullTitle": "Navigation vers la page Test Cases devrait lancer le navigateur, accéder à la page d'accueil, cliquer sur Test Cases et vérifier la navigation",
              "timedOut": null,
              "duration": 3265,
              "state": "passed",
              "speed": "fast",
              "pass": true,
              "fail": false,
              "pending": false,
              "context": null,
              "code": "// 1 et 2. Lancer le navigateur et aller sur la page d’accueil\ncy.visit(_baseUrl.default.baseUrl);\n// 3. Vérifier que la page d’accueil est visible (exemple : vérifier logo ou un élément clé visible)\ncy.get('header').should('be.visible'); // ou un autre sélecteur représentatif de la home page\n// 4. Cliquer sur le bouton 'Test Cases'\ncy.contains('Test Cases').should('be.visible').click();\n// 5. Vérifier que l’URL contient '/test_cases' (ou ce qui correspond à la page Test Cases)\ncy.url().should('include', '/test_cases');\n// Et aussi vérifier un élément spécifique de la page Test Cases\ncy.get('h2.title.text-center').should('contain.text', 'Test Cases');",
              "err": {},
              "uuid": "729f765d-0a5f-48c6-bee6-1ae8689956f7",
              "parentUUID": "b6809457-297d-4c26-bf56-12647fd4f2b8",
              "isHook": false,
              "skipped": false
            }
          ],
          "suites": [],
          "passes": [
            "729f765d-0a5f-48c6-bee6-1ae8689956f7"
          ],
          "failures": [],
          "pending": [],
          "skipped": [],
          "duration": 3265,
          "root": false,
          "rootEmpty": false,
          "_timeout": 2000
        }
      ],
      "passes": [],
      "failures": [],
      "pending": [],
      "skipped": [],
      "duration": 0,
      "root": true,
      "rootEmpty": true,
      "_timeout": 2000
    },
    {
      "uuid": "c33bc203-c1b0-4aae-b81c-86d3328ea736",
      "title": "",
      "fullFile": "cypress/e2e/products/TC08_all_products_and_details.cy.js",
      "file": "cypress/e2e/products/TC08_all_products_and_details.cy.js",
      "beforeHooks": [],
      "afterHooks": [],
      "tests": [],
      "suites": [
        {
          "uuid": "f70bdcdf-4139-4d53-bc55-1f9808dea382",
          "title": "Test Case 8 - Produits et détails",
          "fullFile": "",
          "file": "",
          "beforeHooks": [],
          "afterHooks": [],
          "tests": [
            {
              "title": "vérifie la page produits et la page détail produit",
              "fullTitle": "Test Case 8 - Produits et détails vérifie la page produits et la page détail produit",
              "timedOut": null,
              "duration": 8435,
              "state": "passed",
              "speed": "medium",
              "pass": true,
              "fail": false,
              "pending": false,
              "context": null,
              "code": "cy.verifierProduitsEtDetails();",
              "err": {},
              "uuid": "47cfb34f-4d1c-4684-8e14-0460ef643e34",
              "parentUUID": "f70bdcdf-4139-4d53-bc55-1f9808dea382",
              "isHook": false,
              "skipped": false
            }
          ],
          "suites": [],
          "passes": [
            "47cfb34f-4d1c-4684-8e14-0460ef643e34"
          ],
          "failures": [],
          "pending": [],
          "skipped": [],
          "duration": 8435,
          "root": false,
          "rootEmpty": false,
          "_timeout": 2000
        }
      ],
      "passes": [],
      "failures": [],
      "pending": [],
      "skipped": [],
      "duration": 0,
      "root": true,
      "rootEmpty": true,
      "_timeout": 2000
    },
    {
      "uuid": "29f77463-4f81-4acf-9602-ec8be2ceeb80",
      "title": "",
      "fullFile": "cypress/e2e/products/TC09_search_product.cy.js",
      "file": "cypress/e2e/products/TC09_search_product.cy.js",
      "beforeHooks": [],
      "afterHooks": [],
      "tests": [],
      "suites": [
        {
          "uuid": "2e5c0214-375d-423c-93c3-356d8c1b986a",
          "title": "Recherche produit",
          "fullFile": "",
          "file": "",
          "beforeHooks": [],
          "afterHooks": [],
          "tests": [
            {
              "title": "doit afficher les résultats pour un produit recherché",
              "fullTitle": "Recherche produit doit afficher les résultats pour un produit recherché",
              "timedOut": null,
              "duration": 8974,
              "state": "passed",
              "speed": "medium",
              "pass": true,
              "fail": false,
              "pending": false,
              "context": null,
              "code": "cy.rechercherProduit('Top');",
              "err": {},
              "uuid": "f1ef5e19-f8e0-4bea-87d2-300294ecc768",
              "parentUUID": "2e5c0214-375d-423c-93c3-356d8c1b986a",
              "isHook": false,
              "skipped": false
            }
          ],
          "suites": [],
          "passes": [
            "f1ef5e19-f8e0-4bea-87d2-300294ecc768"
          ],
          "failures": [],
          "pending": [],
          "skipped": [],
          "duration": 8974,
          "root": false,
          "rootEmpty": false,
          "_timeout": 2000
        }
      ],
      "passes": [],
      "failures": [],
      "pending": [],
      "skipped": [],
      "duration": 0,
      "root": true,
      "rootEmpty": true,
      "_timeout": 2000
    },
    {
      "uuid": "628a5276-91b0-4036-97bf-c7d87caf2424",
      "title": "",
      "fullFile": "cypress/e2e/products/TC10_verify_subscription_home.cy.js",
      "file": "cypress/e2e/products/TC10_verify_subscription_home.cy.js",
      "beforeHooks": [],
      "afterHooks": [],
      "tests": [],
      "suites": [
        {
          "uuid": "b8d4f508-5750-4d0f-9b23-191fa17f00f3",
          "title": "Test Case 10: Verify Subscription in home page",
          "fullFile": "",
          "file": "",
          "beforeHooks": [],
          "afterHooks": [],
          "tests": [
            {
              "title": "doit s’abonner avec succès via le footer",
              "fullTitle": "Test Case 10: Verify Subscription in home page doit s’abonner avec succès via le footer",
              "timedOut": null,
              "duration": 5207,
              "state": "passed",
              "speed": "medium",
              "pass": true,
              "fail": false,
              "pending": false,
              "context": null,
              "code": "cy.subscribeNewsletter('nassim11kahloui@gmail.com');",
              "err": {},
              "uuid": "526e437b-09cd-455f-a49c-9d4854ab56ea",
              "parentUUID": "b8d4f508-5750-4d0f-9b23-191fa17f00f3",
              "isHook": false,
              "skipped": false
            }
          ],
          "suites": [],
          "passes": [
            "526e437b-09cd-455f-a49c-9d4854ab56ea"
          ],
          "failures": [],
          "pending": [],
          "skipped": [],
          "duration": 5207,
          "root": false,
          "rootEmpty": false,
          "_timeout": 2000
        }
      ],
      "passes": [],
      "failures": [],
      "pending": [],
      "skipped": [],
      "duration": 0,
      "root": true,
      "rootEmpty": true,
      "_timeout": 2000
    },
    {
      "uuid": "62e96304-6d29-400f-b107-65618e4ae0c1",
      "title": "",
      "fullFile": "testapi/brands.spec.js",
      "file": "testapi/brands.spec.js",
      "beforeHooks": [],
      "afterHooks": [],
      "tests": [],
      "suites": [
        {
          "uuid": "62c614a8-1d15-4e46-8006-6d3b15eb89c3",
          "title": "API 3 – Get All brands List",
          "fullFile": "",
          "file": "",
          "beforeHooks": [],
          "afterHooks": [],
          "tests": [
            {
              "title": "should return 200 and a list of brands",
              "fullTitle": "API 3 – Get All brands List should return 200 and a list of brands",
              "timedOut": null,
              "duration": 425,
              "state": "passed",
              "speed": "fast",
              "pass": true,
              "fail": false,
              "pending": false,
              "context": null,
              "code": "cy.request('https://automationexercise.com/api/brandsList').then(res => {\n  expect(res.status).to.eq(200);\n  // ✅ Parse the string body to real JSON\n  const body = JSON.parse(res.body);\n  expect(body).to.have.property('brands');\n  expect(body.brands).to.be.an('array');\n  expect(body.brands.length).to.be.greaterThan(0);\n});",
              "err": {},
              "uuid": "f618b9ff-6265-4433-b48d-b3f0cbb2d698",
              "parentUUID": "62c614a8-1d15-4e46-8006-6d3b15eb89c3",
              "isHook": false,
              "skipped": false
            }
          ],
          "suites": [],
          "passes": [
            "f618b9ff-6265-4433-b48d-b3f0cbb2d698"
          ],
          "failures": [],
          "pending": [],
          "skipped": [],
          "duration": 425,
          "root": false,
          "rootEmpty": false,
          "_timeout": 2000
        }
      ],
      "passes": [],
      "failures": [],
      "pending": [],
      "skipped": [],
      "duration": 0,
      "root": true,
      "rootEmpty": true,
      "_timeout": 2000
    },
    {
      "uuid": "78d5c7ee-f9bb-4829-960d-73065502b438",
      "title": "",
      "fullFile": "testapi/brands_put.spec.js",
      "file": "testapi/brands_put.spec.js",
      "beforeHooks": [],
      "afterHooks": [],
      "tests": [],
      "suites": [
        {
          "uuid": "bc8c7eaf-f609-4078-ac8f-a39490d6720a",
          "title": "API 4 – PUT to /brandsList should fail",
          "fullFile": "",
          "file": "",
          "beforeHooks": [],
          "afterHooks": [],
          "tests": [
            {
              "title": "should return 200 but with error message",
              "fullTitle": "API 4 – PUT to /brandsList should fail should return 200 but with error message",
              "timedOut": null,
              "duration": 305,
              "state": "passed",
              "speed": "fast",
              "pass": true,
              "fail": false,
              "pending": false,
              "context": null,
              "code": "cy.request({\n  method: 'put',\n  url: 'https://automationexercise.com/api/productsList',\n  failOnStatusCode: false\n}).then(res => {\n  expect(res.status).to.eq(200);\n  const body = JSON.parse(res.body);\n  expect(body).to.have.property('message');\n  expect(body.message).to.eq('This request method is not supported.');\n  expect(body).to.not.have.property('brands');\n});",
              "err": {},
              "uuid": "5effdc66-46aa-4564-a931-1b562c87de31",
              "parentUUID": "bc8c7eaf-f609-4078-ac8f-a39490d6720a",
              "isHook": false,
              "skipped": false
            }
          ],
          "suites": [],
          "passes": [
            "5effdc66-46aa-4564-a931-1b562c87de31"
          ],
          "failures": [],
          "pending": [],
          "skipped": [],
          "duration": 305,
          "root": false,
          "rootEmpty": false,
          "_timeout": 2000
        }
      ],
      "passes": [],
      "failures": [],
      "pending": [],
      "skipped": [],
      "duration": 0,
      "root": true,
      "rootEmpty": true,
      "_timeout": 2000
    },
    {
      "uuid": "994c5a6c-0ea0-4a49-bf19-6fd2830c409d",
      "title": "",
      "fullFile": "testapi/delete_user.spec.js",
      "file": "testapi/delete_user.spec.js",
      "beforeHooks": [],
      "afterHooks": [],
      "tests": [],
      "suites": [
        {
          "uuid": "410e331a-c15d-4532-8ab8-ed3adc51ba83",
          "title": "API 12 – Delete User Account",
          "fullFile": "",
          "file": "",
          "beforeHooks": [],
          "afterHooks": [],
          "tests": [
            {
              "title": "should create then delete the user account",
              "fullTitle": "API 12 – Delete User Account should create then delete the user account",
              "timedOut": null,
              "duration": 571,
              "state": "passed",
              "speed": "fast",
              "pass": true,
              "fail": false,
              "pending": false,
              "context": null,
              "code": "const user = (0, _utils.creerUserUnique)();\n// 🔹 Step 1: Create User\ncy.request({\n  method: 'POST',\n  url: 'https://automationexercise.com/api/createAccount',\n  form: true,\n  body: {\n    name: user.name,\n    email: user.email,\n    password: user.password,\n    title: 'Mr',\n    birth_date: '02',\n    birth_month: 'March',\n    birth_year: '2001',\n    firstname: 'Laila',\n    lastname: 'Chadli',\n    company: 'DevGirls',\n    address1: 'Rue 2 Mars',\n    address2: 'Appartement 2',\n    country: 'Morocco',\n    zipcode: '20000',\n    state: 'Casablanca-Settat',\n    city: 'Casablanca',\n    mobile_number: '0684070858'\n  }\n}).then(res => {\n  expect(res.status).to.eq(200);\n  const body = JSON.parse(res.body);\n  expect(body.message).to.eq('User created!');\n  // 🔹 Step 2: Delete User\n  cy.request({\n    method: 'DELETE',\n    url: 'https://automationexercise.com/api/deleteAccount',\n    form: true,\n    body: {\n      email: user.email,\n      password: user.password\n    }\n  }).then(res => {\n    expect(res.status).to.eq(200);\n    const body = JSON.parse(res.body);\n    expect(body.message).to.eq('Account deleted!');\n  });\n});",
              "err": {},
              "uuid": "3aaef8ac-51cf-4f28-b462-49a73cece4b7",
              "parentUUID": "410e331a-c15d-4532-8ab8-ed3adc51ba83",
              "isHook": false,
              "skipped": false
            }
          ],
          "suites": [],
          "passes": [
            "3aaef8ac-51cf-4f28-b462-49a73cece4b7"
          ],
          "failures": [],
          "pending": [],
          "skipped": [],
          "duration": 571,
          "root": false,
          "rootEmpty": false,
          "_timeout": 2000
        }
      ],
      "passes": [],
      "failures": [],
      "pending": [],
      "skipped": [],
      "duration": 0,
      "root": true,
      "rootEmpty": true,
      "_timeout": 2000
    },
    {
      "uuid": "284a1752-d5f4-4640-8ce0-6717f34de269",
      "title": "",
      "fullFile": "testapi/get_user_detail.spec.js",
[...]
              "state": "passed",
              "speed": "fast",
              "pass": true,
              "fail": false,
              "pending": false,
              "context": null,
              "code": "cy.request({\n  method: 'POST',\n  url: 'https://automationexercise.com/api/verifyLogin',\n  failOnStatusCode: false,\n  form: true,\n  body: {\n    email: 'nassim_kahlaoui@test.com',\n    password: 'kahlaoui123'\n  }\n}).then(res => {\n  expect(res.status).to.eq(200);\n  const body = JSON.parse(res.body);\n  expect(body).to.have.property('message');\n  expect(body.message).to.eq('User not found!');\n});",
              "err": {},
              "uuid": "094b02a8-0a4b-4ac2-a0d7-49246af38099",
              "parentUUID": "115481a7-2c9b-4b32-a53e-d34bfdb26215",
              "isHook": false,
              "skipped": false
            }
          ],
          "suites": [],
          "passes": [
            "094b02a8-0a4b-4ac2-a0d7-49246af38099"
          ],
          "failures": [],
          "pending": [],
          "skipped": [],
          "duration": 314,
          "root": false,
          "rootEmpty": false,
          "_timeout": 2000
        }
      ],
      "passes": [],
      "failures": [],
      "pending": [],
      "skipped": [],
      "duration": 0,
      "root": true,
      "rootEmpty": true,
      "_timeout": 2000
    },
    {
      "uuid": "2e3ea026-805a-47ba-b30c-0d8c33eea971",
      "title": "",
      "fullFile": "testapi/login_no_email.spec.js",
      "file": "testapi/login_no_email.spec.js",
      "beforeHooks": [],
      "afterHooks": [],
      "tests": [],
      "suites": [
        {
          "uuid": "496f9557-8f3d-4c0f-8c26-03e3f299d55d",
          "title": "API 8 – Login without email parameter",
          "fullFile": "",
          "file": "",
          "beforeHooks": [],
          "afterHooks": [],
          "tests": [
            {
              "title": "should return 400 and products array",
              "fullTitle": "API 8 – Login without email parameter should return 400 and products array",
              "timedOut": null,
              "duration": 296,
              "state": "passed",
              "speed": "fast",
              "pass": true,
              "fail": false,
              "pending": false,
              "context": null,
              "code": "cy.request({\n  method: 'POST',\n  url: 'https://automationexercise.com/api/verifyLogin',\n  form: true,\n  body: {\n    password: '123456'\n  }\n}).then(res => {\n  expect(res.status).to.eq(200);\n  const body = JSON.parse(res.body);\n  expect(body).to.have.property('message');\n  expect(body.message).to.eq('Bad request, email or password parameter is missing in POST request.');\n});",
              "err": {},
              "uuid": "3984cf0d-60e6-431f-aed9-8b8d8319a58c",
              "parentUUID": "496f9557-8f3d-4c0f-8c26-03e3f299d55d",
              "isHook": false,
              "skipped": false
            }
          ],
          "suites": [],
          "passes": [
            "3984cf0d-60e6-431f-aed9-8b8d8319a58c"
          ],
          "failures": [],
          "pending": [],
          "skipped": [],
          "duration": 296,
          "root": false,
          "rootEmpty": false,
          "_timeout": 2000
        }
      ],
      "passes": [],
      "failures": [],
      "pending": [],
      "skipped": [],
      "duration": 0,
      "root": true,
      "rootEmpty": true,
      "_timeout": 2000
    },
    {
      "uuid": "62a869ef-026c-424d-96fd-832c28a010bf",
      "title": "",
      "fullFile": "testapi/login_valid.spec.js",
      "file": "testapi/login_valid.spec.js",
      "beforeHooks": [],
      "afterHooks": [],
      "tests": [],
      "suites": [
        {
          "uuid": "f92c8ec9-f01b-4f96-bcad-e1bb1372222c",
          "title": "API 7 – Login with valid credentials",
          "fullFile": "",
          "file": "",
          "beforeHooks": [],
          "afterHooks": [],
          "tests": [
            {
              "title": "should return 200 and \"User exists\" message",
              "fullTitle": "API 7 – Login with valid credentials should return 200 and \"User exists\" message",
              "timedOut": null,
              "duration": 15367,
              "state": "passed",
              "speed": "slow",
              "pass": true,
              "fail": false,
              "pending": false,
              "context": null,
              "code": "cy.readFile('cypress/fixtures/userData.json').then(user => {\n  cy.request({\n    method: 'POST',\n    url: 'https://automationexercise.com/api/verifyLogin',\n    form: true,\n    body: {\n      email: user.email,\n      password: user.password\n    }\n  }).then(res => {\n    expect(res.status).to.eq(200);\n    const body = JSON.parse(res.body);\n    expect(body).to.have.property('message');\n    expect(body.message.trim()).to.eq('User exists!');\n  });\n});",
              "err": {},
              "uuid": "95d4d945-85ad-4dab-9dc4-8f12fa0382ae",
              "parentUUID": "f92c8ec9-f01b-4f96-bcad-e1bb1372222c",
              "isHook": false,
              "skipped": false
            }
          ],
          "suites": [],
          "passes": [
            "95d4d945-85ad-4dab-9dc4-8f12fa0382ae"
          ],
          "failures": [],
          "pending": [],
          "skipped": [],
          "duration": 15367,
          "root": false,
          "rootEmpty": false,
          "_timeout": 2000
        }
      ],
      "passes": [],
      "failures": [],
      "pending": [],
      "skipped": [],
      "duration": 0,
      "root": true,
      "rootEmpty": true,
      "_timeout": 2000
    },
    {
      "uuid": "45c0b6d8-3060-44e6-b1dd-147628834fd7",
      "title": "",
      "fullFile": "testapi/products.spec.js",
      "file": "testapi/products.spec.js",
      "beforeHooks": [],
      "afterHooks": [],
      "tests": [],
      "suites": [
        {
          "uuid": "702ce21e-6ddb-40c6-a946-5de580495ef7",
          "title": "API 1 – Get All Products List",
          "fullFile": "",
          "file": "",
          "beforeHooks": [],
          "afterHooks": [],
          "tests": [
            {
              "title": "should return 200 and a list of products",
              "fullTitle": "API 1 – Get All Products List should return 200 and a list of products",
              "timedOut": null,
              "duration": 566,
              "state": "passed",
              "speed": "fast",
              "pass": true,
              "fail": false,
              "pending": false,
              "context": null,
              "code": "cy.request('https://automationexercise.com/api/productsList').then(res => {\n  expect(res.status).to.eq(200);\n  // ✅ Parse the string body to real JSON\n  const body = JSON.parse(res.body);\n  expect(body).to.have.property('products');\n  expect(body.products).to.be.an('array');\n  expect(body.products.length).to.be.greaterThan(0);\n});",
              "err": {},
              "uuid": "e0a7a8fe-855a-41dc-9417-1b9f9ac9be37",
              "parentUUID": "702ce21e-6ddb-40c6-a946-5de580495ef7",
              "isHook": false,
              "skipped": false
            }
          ],
          "suites": [],
          "passes": [
            "e0a7a8fe-855a-41dc-9417-1b9f9ac9be37"
          ],
          "failures": [],
          "pending": [],
          "skipped": [],
          "duration": 566,
          "root": false,
          "rootEmpty": false,
          "_timeout": 2000
        }
      ],
      "passes": [],
      "failures": [],
      "pending": [],
      "skipped": [],
      "duration": 0,
      "root": true,
      "rootEmpty": true,
      "_timeout": 2000
    },
    {
      "uuid": "fc1a603f-a136-42c4-9ebf-499171a90e78",
      "title": "",
      "fullFile": "testapi/products_post.spec.js",
      "file": "testapi/products_post.spec.js",
      "beforeHooks": [],
      "afterHooks": [],
      "tests": [],
      "suites": [
        {
          "uuid": "1277ec6d-1036-4621-8850-db6668b9935f",
          "title": "API 2 – POST to /productsList should fail",
          "fullFile": "",
          "file": "",
          "beforeHooks": [],
          "afterHooks": [],
          "tests": [
            {
              "title": "should return 405 Method Not Allowed",
              "fullTitle": "API 2 – POST to /productsList should fail should return 405 Method Not Allowed",
              "timedOut": null,
              "duration": 300,
              "state": "passed",
              "speed": "fast",
              "pass": true,
              "fail": false,
              "pending": false,
              "context": null,
              "code": "cy.request({\n  method: 'POST',\n  url: 'https://automationexercise.com/api/productsList',\n  failOnStatusCode: false\n}).then(res => {\n  expect(res.status).to.eq(200);\n  const body = JSON.parse(res.body);\n  expect(body).to.have.property('message');\n  expect(body.message).to.eq('This request method is not supported.');\n});",
              "err": {},
              "uuid": "9b73f9eb-dfc8-4629-8774-f28ed9171ab5",
              "parentUUID": "1277ec6d-1036-4621-8850-db6668b9935f",
              "isHook": false,
              "skipped": false
            }
          ],
          "suites": [],
          "passes": [
            "9b73f9eb-dfc8-4629-8774-f28ed9171ab5"
          ],
          "failures": [],
          "pending": [],
          "skipped": [],
          "duration": 300,
          "root": false,
          "rootEmpty": false,
          "_timeout": 2000
        }
      ],
      "passes": [],
      "failures": [],
      "pending": [],
      "skipped": [],
      "duration": 0,
      "root": true,
      "rootEmpty": true,
      "_timeout": 2000
    },
    {
      "uuid": "ddec0086-cf3b-4307-9fb3-182202760f7c",
      "title": "",
      "fullFile": "testapi/register_user.spec.js",
      "file": "testapi/register_user.spec.js",
      "beforeHooks": [],
      "afterHooks": [],
      "tests": [],
      "suites": [
        {
          "uuid": "b54b0a8f-f009-40c9-9319-805097ded213",
          "title": "API 11 – Create/Register User Account",
          "fullFile": "",
          "file": "",
          "beforeHooks": [],
          "afterHooks": [],
          "tests": [
            {
              "title": "should return 201 and confirmation message",
              "fullTitle": "API 11 – Create/Register User Account should return 201 and confirmation message",
              "timedOut": null,
              "duration": 310,
              "state": "passed",
              "speed": "fast",
              "pass": true,
              "fail": false,
              "pending": false,
              "context": null,
              "code": "const user = (0, _utils.creerUserUnique)();\ncy.request({\n  method: 'POST',\n  url: 'https://automationexercise.com/api/createAccount',\n  form: true,\n  body: {\n    name: user.name,\n    email: user.email,\n    password: user.password,\n    title: 'Mr',\n    birth_date: '10',\n    birth_month: 'May',\n    birth_year: '1997',\n    firstname: 'Nassim',\n    lastname: 'Kahlaoui',\n    company: 'FreelanceDeveloper',\n    address1: '122 rue sidi moman',\n    address2: 'Appt 5 Résidence laila',\n    country: 'Casablanca',\n    zipcode: '10000',\n    state: 'casablanca_settat',\n    city: 'Casablanca',\n    mobile_number: '0653226262'\n  }\n}).then(res => {\n  expect(res.status).to.eq(200);\n  const body = JSON.parse(res.body);\n  expect(body).to.have.property('message');\n  expect(body.message).to.eq('User created!');\n});",
              "err": {},
              "uuid": "3ef23f26-a303-4505-ba22-234fd86f4c79",
              "parentUUID": "b54b0a8f-f009-40c9-9319-805097ded213",
              "isHook": false,
              "skipped": false
            }
          ],
          "suites": [],
          "passes": [
            "3ef23f26-a303-4505-ba22-234fd86f4c79"
          ],
          "failures": [],
          "pending": [],
          "skipped": [],
          "duration": 310,
          "root": false,
          "rootEmpty": false,
          "_timeout": 2000
        }
      ],
      "passes": [],
      "failures": [],
      "pending": [],
      "skipped": [],
      "duration": 0,
      "root": true,
      "rootEmpty": true,
      "_timeout": 2000
    },
    {
      "uuid": "585a3f97-12a8-4bb3-8de0-f81b4c891277",
      "title": "",
      "fullFile": "testapi/search_product.spec.js",
      "file": "testapi/search_product.spec.js",
      "beforeHooks": [],
      "afterHooks": [],
      "tests": [],
      "suites": [
        {
          "uuid": "216aa1a0-6bbc-4163-bece-6099c54bf780",
          "title": "API 5 – Search product by name",
          "fullFile": "",
          "file": "",
          "beforeHooks": [],
          "afterHooks": [],
          "tests": [
            {
              "title": "should return 200 and products array",
              "fullTitle": "API 5 – Search product by name should return 200 and products array",
              "timedOut": null,
              "duration": 525,
              "state": "passed",
              "speed": "fast",
              "pass": true,
              "fail": false,
              "pending": false,
              "context": null,
              "code": "cy.request({\n  method: 'POST',\n  url: 'https://automationexercise.com/api/searchProduct',\n  form: true,\n  body: {\n    search_product: 'top'\n  }\n}).then(res => {\n  expect(res.status).to.eq(200);\n  const body = JSON.parse(res.body);\n  expect(body).to.have.property('products');\n  expect(body.products).to.be.an('array');\n  expect(body.products.length).to.be.greaterThan(0);\n});",
              "err": {},
              "uuid": "8639fb32-bf33-4235-94c5-c7ffa8c6c970",
              "parentUUID": "216aa1a0-6bbc-4163-bece-6099c54bf780",
              "isHook": false,
              "skipped": false
            }
          ],
          "suites": [],
          "passes": [
            "8639fb32-bf33-4235-94c5-c7ffa8c6c970"
          ],
          "failures": [],
          "pending": [],
          "skipped": [],
          "duration": 525,
          "root": false,
          "rootEmpty": false,
          "_timeout": 2000
        }
      ],
      "passes": [],
      "failures": [],
      "pending": [],
      "skipped": [],
      "duration": 0,
      "root": true,
      "rootEmpty": true,
      "_timeout": 2000
    },
    {
      "uuid": "b54e86ea-b134-41f8-bcc6-b879bd2f49ed",
      "title": "",
      "fullFile": "testapi/search_product_no_param.spec.js",
      "file": "testapi/search_product_no_param.spec.js",
      "beforeHooks": [],
      "afterHooks": [],
      "tests": [],
      "suites": [
        {
          "uuid": "aa5bda89-c575-452d-a5bb-19edaf9a17b1",
          "title": "API 6 – Search product by name",
          "fullFile": "",
          "file": "",
          "beforeHooks": [],
          "afterHooks": [],
          "tests": [
            {
              "title": "should return 200 and products array",
              "fullTitle": "API 6 – Search product by name should return 200 and products array",
              "timedOut": null,
              "duration": 354,
              "state": "passed",
              "speed": "fast",
              "pass": true,
              "fail": false,
              "pending": false,
              "context": null,
              "code": "cy.request({\n  method: 'POST',\n  url: 'https://automationexercise.com/api/searchProduct',\n  form: true\n}).then(res => {\n  expect(res.status).to.eq(200);\n  const body = JSON.parse(res.body);\n  expect(body).to.have.property('message');\n  expect(body.message).to.eq('Bad request, search_product parameter is missing in POST request.');\n  expect(body).to.not.have.property('products');\n});",
              "err": {},
              "uuid": "d90c2d28-93e5-4b11-8a47-43f45bf1a613",
              "parentUUID": "aa5bda89-c575-452d-a5bb-19edaf9a17b1",
              "isHook": false,
              "skipped": false
            }
          ],
          "suites": [],
          "passes": [
            "d90c2d28-93e5-4b11-8a47-43f45bf1a613"
          ],
          "failures": [],
          "pending": [],
          "skipped": [],
          "duration": 354,
          "root": false,
          "rootEmpty": false,
          "_timeout": 2000
        }
      ],
      "passes": [],
      "failures": [],
      "pending": [],
      "skipped": [],
      "duration": 0,
      "root": true,
      "rootEmpty": true,
      "_timeout": 2000
    },
    {
      "uuid": "64da0c8f-abac-4cd6-9b70-2b4561e402eb",
      "title": "",
      "fullFile": "testapi/update_user.spec.js",
      "file": "testapi/update_user.spec.js",
      "beforeHooks": [],
      "afterHooks": [],
      "tests": [],
      "suites": [
        {
          "uuid": "fea68347-271f-4d6f-a3c9-35131762f989",
          "title": "API 13 – Update User Account",
          "fullFile": "",
          "file": "",
          "beforeHooks": [],
          "afterHooks": [],
          "tests": [
            {
              "title": "should create then update the user account",
              "fullTitle": "API 13 – Update User Account should create then update the user account",
              "timedOut": null,
              "duration": 624,
              "state": "passed",
              "speed": "fast",
              "pass": true,
              "fail": false,
              "pending": false,
              "context": null,
              "code": "const user = (0, _utils.creerUserUnique)();\n// Step 1 – Create the user\ncy.request({\n  method: 'POST',\n  url: 'https://automationexercise.com/api/createAccount',\n  form: true,\n  body: {\n    name: user.name,\n    email: user.email,\n    password: user.password,\n    title: 'Mr',\n    birth_date: '15',\n    birth_month: 'April',\n    birth_year: '1990',\n    firstname: 'Nassim',\n    lastname: 'Kahlaoui',\n    company: 'QADev',\n    address1: 'Rue du Test',\n    address2: 'Résidence QA',\n    country: 'Morocco',\n    zipcode: '12345',\n    state: 'Casa',\n    city: 'Casablanca',\n    mobile_number: '0600000000'\n  }\n}).then(res => {\n  expect(res.status).to.eq(200);\n  const body = JSON.parse(res.body);\n  expect(body.message).to.eq('User created!');\n  // Step 2 – Update the user\n  cy.request({\n    method: 'PUT',\n    url: 'https://automationexercise.com/api/updateAccount',\n    form: true,\n    body: {\n      email: user.email,\n      password: user.password,\n      name: 'Nassimlaila',\n      address1: 'markch adresse 456',\n      mobile_number: '0666938510'\n    }\n  }).then(res => {\n    expect(res.status).to.eq(200);\n    const body = JSON.parse(res.body);\n    expect(body.message).to.eq('User updated!');\n  });\n});",
              "err": {},
              "uuid": "7d8aa807-ce4f-45c3-aed4-534c913b0b78",
              "parentUUID": "fea68347-271f-4d6f-a3c9-35131762f989",
              "isHook": false,
              "skipped": false
            }
          ],
          "suites": [],
          "passes": [
            "7d8aa807-ce4f-45c3-aed4-534c913b0b78"
          ],
          "failures": [],
          "pending": [],
          "skipped": [],
          "duration": 624,
          "root": false,
          "rootEmpty": false,
          "_timeout": 2000
        }
      ],
      "passes": [],
      "failures": [],
      "pending": [],
      "skipped": [],
      "duration": 0,
      "root": true,
      "rootEmpty": true,
      "_timeout": 2000
    }
  ],
  "meta": {
    "mocha": {
      "version": "7.0.1"
    },
    "mochawesome": {
      "options": {
        "quiet": false,
        "reportFilename": "mochawesome",
        "saveHtml": false,
        "saveJson": true,
        "consoleReporter": "spec",
        "useInlineDiffs": false,
        "code": true
      },
      "version": "7.1.3"
    },
    "marge": {
      "options": {
        "reportDir": "cypress/reports/mochawesome",
        "overwrite": false,
        "html": false,
        "json": true
      },
      "version": "6.2.0"
    }
  }
}