{
  "stats": {
    "suites": 1,
    "tests": 1,
    "passes": 1,
    "pending": 0,
    "failures": 0,
    "start": "2025-08-06T16:10:29.941Z",
    "end": "2025-08-06T16:11:04.830Z",
    "duration": 34889,
    "testsRegistered": 1,
    "passPercent": 100,
    "pendingPercent": 0,
    "other": 0,
    "hasOther": false,
    "skipped": 0,
    "hasSkipped": false
  },
  "results": [
    {
      "uuid": "c089e88f-dab6-4ecf-9b12-acb74798a515",
      "title": "",
      "fullFile": "cypress/e2e/download/TC24_download_invoice.cy.js",
      "file": "cypress/e2e/download/TC24_download_invoice.cy.js",
      "beforeHooks": [],
      "afterHooks": [],
      "tests": [],
      "suites": [
        {
          "uuid": "3e65e559-99ba-4bf5-acb2-a0b8c394288c",
          "title": "Test Case 24: Download Invoice after purchase order",
          "fullFile": "",
          "file": "",
          "beforeHooks": [],
          "afterHooks": [],
          "tests": [
            {
              "title": "doit permettre de télécharger la facture après la commande",
              "fullTitle": "Test Case 24: Download Invoice after purchase order doit permettre de télécharger la facture après la commande",
              "timedOut": null,
              "duration": 34782,
              "state": "passed",
              "speed": "slow",
              "pass": true,
              "fail": false,
              "pending": false,
              "context": null,
              "code": "cy.telechargerFactureCommande();",
              "err": {},
              "uuid": "5f0e4664-27df-4c88-8b94-5590becf7481",
              "parentUUID": "3e65e559-99ba-4bf5-acb2-a0b8c394288c",
              "isHook": false,
              "skipped": false
            }
          ],
          "suites": [],
          "passes": [
            "5f0e4664-27df-4c88-8b94-5590becf7481"
          ],
          "failures": [],
          "pending": [],
          "skipped": [],
          "duration": 34782,
          "root": false,
          "rootEmpty": false,
          "_timeout": 2000
        }
      ],
      "passes": [],
      "failures": [],
      "pending": [],
      "skipped": [],
      "duration": 0,
      "root": true,
      "rootEmpty": true,
      "_timeout": 2000
    }
  ],
  "meta": {
    "mocha": {
      "version": "7.0.1"
    },
    "mochawesome": {
      "options": {
        "quiet": false,
        "reportFilename": "mochawesome",
        "saveHtml": false,
        "saveJson": true,
        "consoleReporter": "spec",
        "useInlineDiffs": false,
        "code": true
      },
      "version": "7.1.3"
    },
    "marge": {
      "options": {
        "reportDir": "cypress/reports/mochawesome",
        "overwrite": false,
        "html": false,
        "json": true
      },
      "version": "6.2.0"
    }
  }
}