{
  "stats": {
    "suites": 1,
    "tests": 1,
    "passes": 1,
    "pending": 0,
    "failures": 0,
    "start": "2025-08-06T16:21:45.708Z",
    "end": "2025-08-06T16:21:54.286Z",
    "duration": 8578,
    "testsRegistered": 1,
    "passPercent": 100,
    "pendingPercent": 0,
    "other": 0,
    "hasOther": false,
    "skipped": 0,
    "hasSkipped": false
  },
  "results": [
    {
      "uuid": "f7ea680a-85d7-4ae4-9ded-e3940a54add7",
      "title": "",
      "fullFile": "cypress/e2e/authentication/TC02_login_user_correct.cy.js",
      "file": "cypress/e2e/authentication/TC02_login_user_correct.cy.js",
      "beforeHooks": [],
      "afterHooks": [],
      "tests": [],
      "suites": [
        {
          "uuid": "3d623b4c-3498-4411-b2cf-39057ec9b4b0",
          "title": "Test Case 2: Login and Delete Account",
          "fullFile": "",
          "file": "",
          "beforeHooks": [],
          "afterHooks": [],
          "tests": [
            {
              "title": "doit se connecter et supprimer le compte avec succès",
              "fullTitle": "Test Case 2: Login and Delete Account doit se connecter et supprimer le compte avec succès",
              "timedOut": null,
              "duration": 8442,
              "state": "passed",
              "speed": "medium",
              "pass": true,
              "fail": false,
              "pending": false,
              "context": null,
              "code": "cy.loginEtSupprimerCompte();",
              "err": {},
              "uuid": "4b2854c5-60b5-47a8-8708-533342c7e313",
              "parentUUID": "3d623b4c-3498-4411-b2cf-39057ec9b4b0",
              "isHook": false,
              "skipped": false
            }
          ],
          "suites": [],
          "passes": [
            "4b2854c5-60b5-47a8-8708-533342c7e313"
          ],
          "failures": [],
          "pending": [],
          "skipped": [],
          "duration": 8442,
          "root": false,
          "rootEmpty": false,
          "_timeout": 2000
        }
      ],
      "passes": [],
      "failures": [],
      "pending": [],
      "skipped": [],
      "duration": 0,
      "root": true,
      "rootEmpty": true,
      "_timeout": 2000
    }
  ],
  "meta": {
    "mocha": {
      "version": "7.0.1"
    },
    "mochawesome": {
      "options": {
        "quiet": false,
        "reportFilename": "mochawesome",
        "saveHtml": false,
        "saveJson": true,
        "consoleReporter": "spec",
        "useInlineDiffs": false,
        "code": true
      },
      "version": "7.1.3"
    },
    "marge": {
      "options": {
        "reportDir": "cypress/reports/mochawesome",
        "overwrite": false,
        "html": false,
        "json": true
      },
      "version": "6.2.0"
    }
  }
}