{
  "stats": {
    "suites": 1,
    "tests": 1,
    "passes": 1,
    "pending": 0,
    "failures": 0,
    "start": "2025-08-06T16:13:01.668Z",
    "end": "2025-08-06T16:13:02.344Z",
    "duration": 676,
    "testsRegistered": 1,
    "passPercent": 100,
    "pendingPercent": 0,
    "other": 0,
    "hasOther": false,
    "skipped": 0,
    "hasSkipped": false
  },
  "results": [
    {
      "uuid": "753ca8d4-cc51-4ee8-8441-7ed666e0f4d1",
      "title": "",
      "fullFile": "testapi/search_product_no_param.spec.js",
      "file": "testapi/search_product_no_param.spec.js",
      "beforeHooks": [],
      "afterHooks": [],
      "tests": [],
      "suites": [
        {
          "uuid": "2ebc07cd-2fdb-406c-9da6-7e298c02d45a",
          "title": "API 6 – Search product by name",
          "fullFile": "",
          "file": "",
          "beforeHooks": [],
          "afterHooks": [],
          "tests": [
            {
              "title": "should return 200 and products array",
              "fullTitle": "API 6 – Search product by name should return 200 and products array",
              "timedOut": null,
              "duration": 637,
              "state": "passed",
              "speed": "fast",
              "pass": true,
              "fail": false,
              "pending": false,
              "context": null,
              "code": "cy.request({\n  method: 'POST',\n  url: 'https://automationexercise.com/api/searchProduct',\n  form: true\n}).then(res => {\n  expect(res.status).to.eq(200);\n  const body = JSON.parse(res.body);\n  expect(body).to.have.property('message');\n  expect(body.message).to.eq('Bad request, search_product parameter is missing in POST request.');\n  expect(body).to.not.have.property('products');\n});",
              "err": {},
              "uuid": "e87583a7-abc7-46f5-ad4b-d7bffaefb810",
              "parentUUID": "2ebc07cd-2fdb-406c-9da6-7e298c02d45a",
              "isHook": false,
              "skipped": false
            }
          ],
          "suites": [],
          "passes": [
            "e87583a7-abc7-46f5-ad4b-d7bffaefb810"
          ],
          "failures": [],
          "pending": [],
          "skipped": [],
          "duration": 637,
          "root": false,
          "rootEmpty": false,
          "_timeout": 2000
        }
      ],
      "passes": [],
      "failures": [],
      "pending": [],
      "skipped": [],
      "duration": 0,
      "root": true,
      "rootEmpty": true,
      "_timeout": 2000
    }
  ],
  "meta": {
    "mocha": {
      "version": "7.0.1"
    },
    "mochawesome": {
      "options": {
        "quiet": false,
        "reportFilename": "mochawesome",
        "saveHtml": false,
        "saveJson": true,
        "consoleReporter": "spec",
        "useInlineDiffs": false,
        "code": true
      },
      "version": "7.1.3"
    },
    "marge": {
      "options": {
        "reportDir": "cypress/reports/mochawesome",
        "overwrite": false,
        "html": false,
        "json": true
      },
      "version": "6.2.0"
    }
  }
}