{
  "stats": {
    "suites": 1,
    "tests": 1,
    "passes": 1,
    "pending": 0,
    "failures": 0,
    "start": "2025-08-06T16:19:21.699Z",
    "end": "2025-08-06T16:19:34.259Z",
    "duration": 12560,
    "testsRegistered": 1,
    "passPercent": 100,
    "pendingPercent": 0,
    "other": 0,
    "hasOther": false,
    "skipped": 0,
    "hasSkipped": false
  },
  "results": [
    {
      "uuid": "6cb726a5-976f-49b2-877d-12da51d1e511",
      "title": "",
      "fullFile": "cypress/e2e/account/TC18_view_category_products.cy.js",
      "file": "cypress/e2e/account/TC18_view_category_products.cy.js",
      "beforeHooks": [],
      "afterHooks": [],
      "tests": [],
      "suites": [
        {
          "uuid": "ff4accea-e7ce-4ee4-9f11-f7d6458fa0e1",
          "title": "Test Case 18: View Category Products",
          "fullFile": "",
          "file": "",
          "beforeHooks": [],
          "afterHooks": [],
          "tests": [
            {
              "title": "doit afficher les produits des catégories sélectionnées",
              "fullTitle": "Test Case 18: View Category Products doit afficher les produits des catégories sélectionnées",
              "timedOut": null,
              "duration": 12252,
              "state": "passed",
              "speed": "slow",
              "pass": true,
              "fail": false,
              "pending": false,
              "context": null,
              "code": "cy.afficherProduitsParCategorie();",
              "err": {},
              "uuid": "79c852b8-dbea-469b-a519-484fa7af7b43",
              "parentUUID": "ff4accea-e7ce-4ee4-9f11-f7d6458fa0e1",
              "isHook": false,
              "skipped": false
            }
          ],
          "suites": [],
          "passes": [
            "79c852b8-dbea-469b-a519-484fa7af7b43"
          ],
          "failures": [],
          "pending": [],
          "skipped": [],
          "duration": 12252,
          "root": false,
          "rootEmpty": false,
          "_timeout": 2000
        }
      ],
      "passes": [],
      "failures": [],
      "pending": [],
      "skipped": [],
      "duration": 0,
      "root": true,
      "rootEmpty": true,
      "_timeout": 2000
    }
  ],
  "meta": {
    "mocha": {
      "version": "7.0.1"
    },
    "mochawesome": {
      "options": {
        "quiet": false,
        "reportFilename": "mochawesome",
        "saveHtml": false,
        "saveJson": true,
        "consoleReporter": "spec",
        "useInlineDiffs": false,
        "code": true
      },
      "version": "7.1.3"
    },
    "marge": {
      "options": {
        "reportDir": "cypress/reports/mochawesome",
        "overwrite": false,
        "html": false,
        "json": true
      },
      "version": "6.2.0"
    }
  }
}