{
  "stats": {
    "suites": 1,
    "tests": 1,
    "passes": 1,
    "pending": 0,
    "failures": 0,
    "start": "2025-08-06T16:27:24.474Z",
    "end": "2025-08-06T16:27:25.093Z",
    "duration": 619,
    "testsRegistered": 1,
    "passPercent": 100,
    "pendingPercent": 0,
    "other": 0,
    "hasOther": false,
    "skipped": 0,
    "hasSkipped": false
  },
  "results": [
    {
      "uuid": "f685f47e-7de0-4837-8364-56ade151918e",
      "title": "",
      "fullFile": "testapi/delete_user.spec.js",
      "file": "testapi/delete_user.spec.js",
      "beforeHooks": [],
      "afterHooks": [],
      "tests": [],
      "suites": [
        {
          "uuid": "c180ea35-42fc-49b7-957e-d215e5e37efc",
          "title": "API 12 – Delete User Account",
          "fullFile": "",
          "file": "",
          "beforeHooks": [],
          "afterHooks": [],
          "tests": [
            {
              "title": "should create then delete the user account",
              "fullTitle": "API 12 – Delete User Account should create then delete the user account",
              "timedOut": null,
              "duration": 582,
              "state": "passed",
              "speed": "fast",
              "pass": true,
              "fail": false,
              "pending": false,
              "context": null,
              "code": "const user = (0, _utils.creerUserUnique)();\n// 🔹 Step 1: Create User\ncy.request({\n  method: 'POST',\n  url: 'https://automationexercise.com/api/createAccount',\n  form: true,\n  body: {\n    name: user.name,\n    email: user.email,\n    password: user.password,\n    title: 'Mr',\n    birth_date: '02',\n    birth_month: 'March',\n    birth_year: '2001',\n    firstname: 'Laila',\n    lastname: 'Chadli',\n    company: 'DevGirls',\n    address1: 'Rue 2 Mars',\n    address2: 'Appartement 2',\n    country: 'Morocco',\n    zipcode: '20000',\n    state: 'Casablanca-Settat',\n    city: 'Casablanca',\n    mobile_number: '0684070858'\n  }\n}).then(res => {\n  expect(res.status).to.eq(200);\n  const body = JSON.parse(res.body);\n  expect(body.message).to.eq('User created!');\n  // 🔹 Step 2: Delete User\n  cy.request({\n    method: 'DELETE',\n    url: 'https://automationexercise.com/api/deleteAccount',\n    form: true,\n    body: {\n      email: user.email,\n      password: user.password\n    }\n  }).then(res => {\n    expect(res.status).to.eq(200);\n    const body = JSON.parse(res.body);\n    expect(body.message).to.eq('Account deleted!');\n  });\n});",
              "err": {},
              "uuid": "16c43f22-ef40-4332-af76-c94f265c0735",
              "parentUUID": "c180ea35-42fc-49b7-957e-d215e5e37efc",
              "isHook": false,
              "skipped": false
            }
          ],
          "suites": [],
          "passes": [
            "16c43f22-ef40-4332-af76-c94f265c0735"
          ],
          "failures": [],
          "pending": [],
          "skipped": [],
          "duration": 582,
          "root": false,
          "rootEmpty": false,
          "_timeout": 2000
        }
      ],
      "passes": [],
      "failures": [],
      "pending": [],
      "skipped": [],
      "duration": 0,
      "root": true,
      "rootEmpty": true,
      "_timeout": 2000
    }
  ],
  "meta": {
    "mocha": {
      "version": "7.0.1"
    },
    "mochawesome": {
      "options": {
        "quiet": false,
        "reportFilename": "mochawesome",
        "saveHtml": false,
        "saveJson": true,
        "consoleReporter": "spec",
        "useInlineDiffs": false,
        "code": true
      },
      "version": "7.1.3"
    },
    "marge": {
      "options": {
        "reportDir": "cypress/reports/mochawesome",
        "overwrite": false,
        "html": false,
        "json": true
      },
      "version": "6.2.0"
    }
  }
}