{
  "stats": {
    "suites": 1,
    "tests": 1,
    "passes": 1,
    "pending": 0,
    "failures": 0,
    "start": "2025-08-06T16:05:30.743Z",
    "end": "2025-08-06T16:05:36.365Z",
    "duration": 5622,
    "testsRegistered": 1,
    "passPercent": 100,
    "pendingPercent": 0,
    "other": 0,
    "hasOther": false,
    "skipped": 0,
    "hasSkipped": false
  },
  "results": [
    {
      "uuid": "4e0ecdca-114d-4215-b2e1-a189375f498c",
      "title": "",
      "fullFile": "cypress/e2e/account/TC21_add_review_product.cy.js",
      "file": "cypress/e2e/account/TC21_add_review_product.cy.js",
      "beforeHooks": [],
      "afterHooks": [],
      "tests": [],
      "suites": [
        {
          "uuid": "207d7652-676c-4d2a-a01d-facd4cf992ee",
          "title": "Test Case 21: Add review on product",
          "fullFile": "",
          "file": "",
          "beforeHooks": [],
          "afterHooks": [],
          "tests": [
            {
              "title": "doit permettre d’ajouter un avis sur un produit avec succès",
              "fullTitle": "Test Case 21: Add review on product doit permettre d’ajouter un avis sur un produit avec succès",
              "timedOut": null,
              "duration": 5555,
              "state": "passed",
              "speed": "medium",
              "pass": true,
              "fail": false,
              "pending": false,
              "context": null,
              "code": "cy.ajouterAvisProduit('Nassim Kahlaoui', 'nassim11kahlaoui@gmail.com', 'Excellent produit, je recommande vivement !');",
              "err": {},
              "uuid": "fa59f4d1-6cce-49ed-b65e-00e5f364c3e7",
              "parentUUID": "207d7652-676c-4d2a-a01d-facd4cf992ee",
              "isHook": false,
              "skipped": false
            }
          ],
          "suites": [],
          "passes": [
            "fa59f4d1-6cce-49ed-b65e-00e5f364c3e7"
          ],
          "failures": [],
          "pending": [],
          "skipped": [],
          "duration": 5555,
          "root": false,
          "rootEmpty": false,
          "_timeout": 2000
        }
      ],
      "passes": [],
      "failures": [],
      "pending": [],
      "skipped": [],
      "duration": 0,
      "root": true,
      "rootEmpty": true,
      "_timeout": 2000
    }
  ],
  "meta": {
    "mocha": {
      "version": "7.0.1"
    },
    "mochawesome": {
      "options": {
        "quiet": false,
        "reportFilename": "mochawesome",
        "saveHtml": false,
        "saveJson": true,
        "consoleReporter": "spec",
        "useInlineDiffs": false,
        "code": true
      },
      "version": "7.1.3"
    },
    "marge": {
      "options": {
        "reportDir": "cypress/reports/mochawesome",
        "overwrite": false,
        "html": false,
        "json": true
      },
      "version": "6.2.0"
    }
  }
}