{
  "stats": {
    "suites": 1,
    "tests": 1,
    "passes": 1,
    "pending": 0,
    "failures": 0,
    "start": "2025-08-06T16:27:31.676Z",
    "end": "2025-08-06T16:27:32.037Z",
    "duration": 361,
    "testsRegistered": 1,
    "passPercent": 100,
    "pendingPercent": 0,
    "other": 0,
    "hasOther": false,
    "skipped": 0,
    "hasSkipped": false
  },
  "results": [
    {
      "uuid": "578af251-2276-4822-93ba-a20658e02de2",
      "title": "",
      "fullFile": "testapi/login_delete.spec.js",
      "file": "testapi/login_delete.spec.js",
      "beforeHooks": [],
      "afterHooks": [],
      "tests": [],
      "suites": [
        {
          "uuid": "6e996d9a-12b0-4ebc-b004-30ee56a661ca",
          "title": "API 9 – DELETE to /verifyLogin should fail",
          "fullFile": "",
          "file": "",
          "beforeHooks": [],
          "afterHooks": [],
          "tests": [
            {
              "title": "should return 400 and products array",
              "fullTitle": "API 9 – DELETE to /verifyLogin should fail should return 400 and products array",
              "timedOut": null,
              "duration": 318,
              "state": "passed",
              "speed": "fast",
              "pass": true,
              "fail": false,
              "pending": false,
              "context": null,
              "code": "cy.request({\n  method: 'delete',\n  url: 'https://automationexercise.com/api/verifyLogin',\n  failOnStatusCode: false\n}).then(res => {\n  expect(res.status).to.eq(200);\n  const body = JSON.parse(res.body);\n  expect(body).to.have.property('message');\n  expect(body.message).to.eq('This request method is not supported.');\n});",
              "err": {},
              "uuid": "9b9b413d-f06e-4d9b-8b2a-048027c9955b",
              "parentUUID": "6e996d9a-12b0-4ebc-b004-30ee56a661ca",
              "isHook": false,
              "skipped": false
            }
          ],
          "suites": [],
          "passes": [
            "9b9b413d-f06e-4d9b-8b2a-048027c9955b"
          ],
          "failures": [],
          "pending": [],
          "skipped": [],
          "duration": 318,
          "root": false,
          "rootEmpty": false,
          "_timeout": 2000
        }
      ],
      "passes": [],
      "failures": [],
      "pending": [],
      "skipped": [],
      "duration": 0,
      "root": true,
      "rootEmpty": true,
      "_timeout": 2000
    }
  ],
  "meta": {
    "mocha": {
      "version": "7.0.1"
    },
    "mochawesome": {
      "options": {
        "quiet": false,
        "reportFilename": "mochawesome",
        "saveHtml": false,
        "saveJson": true,
        "consoleReporter": "spec",
        "useInlineDiffs": false,
        "code": true
      },
      "version": "7.1.3"
    },
    "marge": {
      "options": {
        "reportDir": "cypress/reports/mochawesome",
        "overwrite": false,
        "html": false,
        "json": true
      },
      "version": "6.2.0"
    }
  }
}