{
  "stats": {
    "suites": 1,
    "tests": 1,
    "passes": 1,
    "pending": 0,
    "failures": 0,
    "start": "2025-08-06T16:12:04.512Z",
    "end": "2025-08-06T16:12:04.980Z",
    "duration": 468,
    "testsRegistered": 1,
    "passPercent": 100,
    "pendingPercent": 0,
    "other": 0,
    "hasOther": false,
    "skipped": 0,
    "hasSkipped": false
  },
  "results": [
    {
      "uuid": "62e96304-6d29-400f-b107-65618e4ae0c1",
      "title": "",
      "fullFile": "testapi/brands.spec.js",
      "file": "testapi/brands.spec.js",
      "beforeHooks": [],
      "afterHooks": [],
      "tests": [],
      "suites": [
        {
          "uuid": "62c614a8-1d15-4e46-8006-6d3b15eb89c3",
          "title": "API 3 – Get All brands List",
          "fullFile": "",
          "file": "",
          "beforeHooks": [],
          "afterHooks": [],
          "tests": [
            {
              "title": "should return 200 and a list of brands",
              "fullTitle": "API 3 – Get All brands List should return 200 and a list of brands",
              "timedOut": null,
              "duration": 425,
              "state": "passed",
              "speed": "fast",
              "pass": true,
              "fail": false,
              "pending": false,
              "context": null,
              "code": "cy.request('https://automationexercise.com/api/brandsList').then(res => {\n  expect(res.status).to.eq(200);\n  // ✅ Parse the string body to real JSON\n  const body = JSON.parse(res.body);\n  expect(body).to.have.property('brands');\n  expect(body.brands).to.be.an('array');\n  expect(body.brands.length).to.be.greaterThan(0);\n});",
              "err": {},
              "uuid": "f618b9ff-6265-4433-b48d-b3f0cbb2d698",
              "parentUUID": "62c614a8-1d15-4e46-8006-6d3b15eb89c3",
              "isHook": false,
              "skipped": false
            }
          ],
          "suites": [],
          "passes": [
            "f618b9ff-6265-4433-b48d-b3f0cbb2d698"
          ],
          "failures": [],
          "pending": [],
          "skipped": [],
          "duration": 425,
          "root": false,
          "rootEmpty": false,
          "_timeout": 2000
        }
      ],
      "passes": [],
      "failures": [],
      "pending": [],
      "skipped": [],
      "duration": 0,
      "root": true,
      "rootEmpty": true,
      "_timeout": 2000
    }
  ],
  "meta": {
    "mocha": {
      "version": "7.0.1"
    },
    "mochawesome": {
      "options": {
        "quiet": false,
        "reportFilename": "mochawesome",
        "saveHtml": false,
        "saveJson": true,
        "consoleReporter": "spec",
        "useInlineDiffs": false,
        "code": true
      },
      "version": "7.1.3"
    },
    "marge": {
      "options": {
        "reportDir": "cypress/reports/mochawesome",
        "overwrite": false,
        "html": false,
        "json": true
      },
      "version": "6.2.0"
    }
  }
}