{
  "stats": {
    "suites": 1,
    "tests": 1,
    "passes": 1,
    "pending": 0,
    "failures": 0,
    "start": "2025-08-06T16:04:44.696Z",
    "end": "2025-08-06T16:04:53.578Z",
    "duration": 8882,
    "testsRegistered": 1,
    "passPercent": 100,
    "pendingPercent": 0,
    "other": 0,
    "hasOther": false,
    "skipped": 0,
    "hasSkipped": false
  },
  "results": [
    {
      "uuid": "ea567eb5-9894-424c-970d-c09b9060f3cc",
      "title": "",
      "fullFile": "cypress/e2e/account/TC19_view_cart_brand_products.cy.js",
      "file": "cypress/e2e/account/TC19_view_cart_brand_products.cy.js",
      "beforeHooks": [],
      "afterHooks": [],
      "tests": [],
      "suites": [
        {
          "uuid": "da159a58-95d0-40bb-8e2c-093b84e24eab",
          "title": "Test Case 19  ",
          "fullFile": "",
          "file": "",
          "beforeHooks": [],
          "afterHooks": [],
          "tests": [
            {
              "title": "doit afficher les marques sur la page Produits",
              "fullTitle": "Test Case 19   doit afficher les marques sur la page Produits",
              "timedOut": null,
              "duration": 8796,
              "state": "passed",
              "speed": "medium",
              "pass": true,
              "fail": false,
              "pending": false,
              "context": null,
              "code": "cy.ouvrirProduitsEtVerifierMarques('Polo');",
              "err": {},
              "uuid": "15484dde-672e-4d59-ae0e-4d8fe2af3037",
              "parentUUID": "da159a58-95d0-40bb-8e2c-093b84e24eab",
              "isHook": false,
              "skipped": false
            }
          ],
          "suites": [],
          "passes": [
            "15484dde-672e-4d59-ae0e-4d8fe2af3037"
          ],
          "failures": [],
          "pending": [],
          "skipped": [],
          "duration": 8796,
          "root": false,
          "rootEmpty": false,
          "_timeout": 2000
        }
      ],
      "passes": [],
      "failures": [],
      "pending": [],
      "skipped": [],
      "duration": 0,
      "root": true,
      "rootEmpty": true,
      "_timeout": 2000
    }
  ],
  "meta": {
    "mocha": {
      "version": "7.0.1"
    },
    "mochawesome": {
      "options": {
        "quiet": false,
        "reportFilename": "mochawesome",
        "saveHtml": false,
        "saveJson": true,
        "consoleReporter": "spec",
        "useInlineDiffs": false,
        "code": true
      },
      "version": "7.1.3"
    },
    "marge": {
      "options": {
        "reportDir": "cypress/reports/mochawesome",
        "overwrite": false,
        "html": false,
        "json": true
      },
      "version": "6.2.0"
    }
  }
}