{
  "stats": {
    "suites": 1,
    "tests": 1,
    "passes": 1,
    "pending": 0,
    "failures": 0,
    "start": "2025-08-06T16:06:48.533Z",
    "end": "2025-08-06T16:07:21.891Z",
    "duration": 33358,
    "testsRegistered": 1,
    "passPercent": 100,
    "pendingPercent": 0,
    "other": 0,
    "hasOther": false,
    "skipped": 0,
    "hasSkipped": false
  },
  "results": [
    {
      "uuid": "9d1e92b0-d549-4b1d-bef1-eba488b69cfa",
      "title": "",
      "fullFile": "cypress/e2e/authentication/TC04_logout_user.cy.js",
      "file": "cypress/e2e/authentication/TC04_logout_user.cy.js",
      "beforeHooks": [],
      "afterHooks": [],
      "tests": [],
      "suites": [
        {
          "uuid": "d3117625-3d0e-4e67-bb16-6bac22883d60",
          "title": "Test Case 4: Logout User",
          "fullFile": "",
          "file": "",
          "beforeHooks": [],
          "afterHooks": [],
          "tests": [
            {
              "title": "doit se connecter puis se déconnecter avec succès",
              "fullTitle": "Test Case 4: Logout User doit se connecter puis se déconnecter avec succès",
              "timedOut": null,
              "duration": 33212,
              "state": "passed",
              "speed": "slow",
              "pass": true,
              "fail": false,
              "pending": false,
              "context": null,
              "code": "const user = (0, _utils.creerUserUnique)();\ncy.enregistrerUtilisateur();\ncy.wait(5000); // Attendre que l'utilisateur soit enregistré\n_selecteurs.selecteurs.boutonLogout().should('be.visible').click();\ncy.wait(2000); // Attendre que la déconnexion soit effectuée\ncy.seConnecter(user); // Assurez-vous que l'utilisateur est connecté",
              "err": {},
              "uuid": "ecc6b269-1116-4ed6-aeb3-570db7c37e82",
              "parentUUID": "d3117625-3d0e-4e67-bb16-6bac22883d60",
              "isHook": false,
              "skipped": false
            }
          ],
          "suites": [],
          "passes": [
            "ecc6b269-1116-4ed6-aeb3-570db7c37e82"
          ],
          "failures": [],
          "pending": [],
          "skipped": [],
          "duration": 33212,
          "root": false,
          "rootEmpty": false,
          "_timeout": 2000
        }
      ],
      "passes": [],
      "failures": [],
      "pending": [],
      "skipped": [],
      "duration": 0,
      "root": true,
      "rootEmpty": true,
      "_timeout": 2000
    }
  ],
  "meta": {
    "mocha": {
      "version": "7.0.1"
    },
    "mochawesome": {
      "options": {
        "quiet": false,
        "reportFilename": "mochawesome",
        "saveHtml": false,
        "saveJson": true,
        "consoleReporter": "spec",
        "useInlineDiffs": false,
        "code": true
      },
      "version": "7.1.3"
    },
    "marge": {
      "options": {
        "reportDir": "cypress/reports/mochawesome",
        "overwrite": false,
        "html": false,
        "json": true
      },
      "version": "6.2.0"
    }
  }
}