{
  "stats": {
    "suites": 1,
    "tests": 1,
    "passes": 0,
    "pending": 0,
    "failures": 1,
    "start": "2025-08-06T15:57:35.086Z",
    "end": "2025-08-06T15:59:34.900Z",
    "duration": 119814,
    "testsRegistered": 1,
    "passPercent": 0,
    "pendingPercent": 0,
    "other": 0,
    "hasOther": false,
    "skipped": 0,
    "hasSkipped": false
  },
  "results": [
    {
      "uuid": "83abfce9-7906-49e5-8236-97efe6d48f14",
      "title": "",
      "fullFile": "cypress/e2e/account/TC23_verify_address_details_review_order.cy.js",
      "file": "cypress/e2e/account/TC23_verify_address_details_review_order.cy.js",
      "beforeHooks": [],
      "afterHooks": [],
      "tests": [],
      "suites": [
        {
          "uuid": "c37bbaa7-35a0-456f-b6ba-115ecd5a25cb",
          "title": "Test Case 23: Verify address details in checkout page",
          "fullFile": "",
          "file": "",
          "beforeHooks": [],
          "afterHooks": [],
          "tests": [
            {
              "title": "doit vérifier que les détails d’adresse sont corrects dans le checkout",
              "fullTitle": "Test Case 23: Verify address details in checkout page doit vérifier que les détails d’adresse sont corrects dans le checkout",
              "timedOut": null,
              "duration": 119746,
              "state": "failed",
              "speed": null,
              "pass": false,
              "fail": true,
              "pending": false,
              "context": null,
              "code": "cy.verifierDetailsAdresseCheckout();",
              "err": {
                "message": "CypressError: Timed out after waiting `60000ms` for your remote page to load.\n\nYour page did not fire its `load` event within `60000ms`.\n\nYou can try increasing the `pageLoadTimeout` value in `cypress.config.js` to wait longer.\n\nBrowsers will not fire the `load` event until all stylesheets and scripts are done downloading.\n\nWhen this `load` event occurs, Cypress will continue running commands.",
                "estack": "CypressError: Timed out after waiting `60000ms` for your remote page to load.\n\nYour page did not fire its `load` event within `60000ms`.\n\nYou can try increasing the `pageLoadTimeout` value in `cypress.config.js` to wait longer.\n\nBrowsers will not fire the `load` event until all stylesheets and scripts are done downloading.\n\nWhen this `load` event occurs, Cypress will continue running commands.\n    at timedOutWaitingForPageLoad (https://automationexercise.com/__cypress/runner/cypress_runner.js:130639:64)\n    at <unknown> (https://automationexercise.com/__cypress/runner/cypress_runner.js:130955:16)\n    at tryCatcher (https://automationexercise.com/__cypress/runner/cypress_runner.js:1830:23)\n    at <unknown> (https://automationexercise.com/__cypress/runner/cypress_runner.js:4209:41)\n    at tryCatcher (https://automationexercise.com/__cypress/runner/cypress_runner.js:1830:23)\n    at Promise._settlePromiseFromHandler (https://automationexercise.com/__cypress/runner/cypress_runner.js:1542:31)\n    at Promise._settlePromise (https://automationexercise.com/__cypress/runner/cypress_runner.js:1599:18)\n    at Promise._settlePromise0 (https://automationexercise.com/__cypress/runner/cypress_runner.js:1644:10)\n    at Promise._settlePromises (https://automationexercise.com/__cypress/runner/cypress_runner.js:1720:18)\n    at _drainQueueStep (https://automationexercise.com/__cypress/runner/cypress_runner.js:2430:12)\n    at _drainQueue (https://automationexercise.com/__cypress/runner/cypress_runner.js:2423:9)\n    at Async._drainQueues (https://automationexercise.com/__cypress/runner/cypress_runner.js:2439:5)\n    at Async.drainQueues (https://automationexercise.com/__cypress/runner/cypress_runner.js:2309:14)",
                "diff": null
              },
              "uuid": "1917291a-066b-48c8-be35-c60a282d0128",
              "parentUUID": "c37bbaa7-35a0-456f-b6ba-115ecd5a25cb",
              "isHook": false,
              "skipped": false
            }
          ],
          "suites": [],
          "passes": [],
          "failures": [
            "1917291a-066b-48c8-be35-c60a282d0128"
          ],
          "pending": [],
          "skipped": [],
          "duration": 119746,
          "root": false,
          "rootEmpty": false,
          "_timeout": 2000
        }
      ],
      "passes": [],
      "failures": [],
      "pending": [],
      "skipped": [],
      "duration": 0,
      "root": true,
      "rootEmpty": true,
      "_timeout": 2000
    }
  ],
  "meta": {
    "mocha": {
      "version": "7.0.1"
    },
    "mochawesome": {
      "options": {
        "quiet": false,
        "reportFilename": "mochawesome",
        "saveHtml": false,
        "saveJson": true,
        "consoleReporter": "spec",
        "useInlineDiffs": false,
        "code": true
      },
      "version": "7.1.3"
    },
    "marge": {
      "options": {
        "reportDir": "cypress/reports/mochawesome",
        "overwrite": false,
        "html": false,
        "json": true
      },
      "version": "6.2.0"
    }
  }
}