{
  "stats": {
    "suites": 1,
    "tests": 1,
    "passes": 1,
    "pending": 0,
    "failures": 0,
    "start": "2025-08-06T16:26:29.063Z",
    "end": "2025-08-06T16:26:38.760Z",
    "duration": 9697,
    "testsRegistered": 1,
    "passPercent": 100,
    "pendingPercent": 0,
    "other": 0,
    "hasOther": false,
    "skipped": 0,
    "hasSkipped": false
  },
  "results": [
    {
      "uuid": "d810111b-d253-40f3-ba13-134cc673f4d3",
      "title": "",
      "fullFile": "cypress/e2e/products/TC06_contact_us.cy.js",
      "file": "cypress/e2e/products/TC06_contact_us.cy.js",
      "beforeHooks": [],
      "afterHooks": [],
      "tests": [],
      "suites": [
        {
          "uuid": "efd8d9fb-cb5c-4525-a64e-9270da5ab0e9",
          "title": "Test Case 6: Contact Us Form",
          "fullFile": "",
          "file": "",
          "beforeHooks": [],
          "afterHooks": [],
          "tests": [
            {
              "title": "devrait envoyer le formulaire Contact avec succès",
              "fullTitle": "Test Case 6: Contact Us Form devrait envoyer le formulaire Contact avec succès",
              "timedOut": null,
              "duration": 9562,
              "state": "passed",
              "speed": "medium",
              "pass": true,
              "fail": false,
              "pending": false,
              "context": null,
              "code": "cy.remplirFormulaireContact();",
              "err": {},
              "uuid": "4acf4e22-e670-40d2-94ae-032194cf2bc9",
              "parentUUID": "efd8d9fb-cb5c-4525-a64e-9270da5ab0e9",
              "isHook": false,
              "skipped": false
            }
          ],
          "suites": [],
          "passes": [
            "4acf4e22-e670-40d2-94ae-032194cf2bc9"
          ],
          "failures": [],
          "pending": [],
          "skipped": [],
          "duration": 9562,
          "root": false,
          "rootEmpty": false,
          "_timeout": 2000
        }
      ],
      "passes": [],
      "failures": [],
      "pending": [],
      "skipped": [],
      "duration": 0,
      "root": true,
      "rootEmpty": true,
      "_timeout": 2000
    }
  ],
  "meta": {
    "mocha": {
      "version": "7.0.1"
    },
    "mochawesome": {
      "options": {
        "quiet": false,
        "reportFilename": "mochawesome",
        "saveHtml": false,
        "saveJson": true,
        "consoleReporter": "spec",
        "useInlineDiffs": false,
        "code": true
      },
      "version": "7.1.3"
    },
    "marge": {
      "options": {
        "reportDir": "cypress/reports/mochawesome",
        "overwrite": false,
        "html": false,
        "json": true
      },
      "version": "6.2.0"
    }
  }
}