{
  "stats": {
    "suites": 1,
    "tests": 1,
    "passes": 1,
    "pending": 0,
    "failures": 0,
    "start": "2025-08-06T15:57:01.546Z",
    "end": "2025-08-06T15:57:09.941Z",
    "duration": 8395,
    "testsRegistered": 1,
    "passPercent": 100,
    "pendingPercent": 0,
    "other": 0,
    "hasOther": false,
    "skipped": 0,
    "hasSkipped": false
  },
  "results": [
    {
      "uuid": "3d52247c-5092-430c-8525-1aac17bee932",
      "title": "",
      "fullFile": "cypress/e2e/account/TC21_add_review_product.cy.js",
      "file": "cypress/e2e/account/TC21_add_review_product.cy.js",
      "beforeHooks": [],
      "afterHooks": [],
      "tests": [],
      "suites": [
        {
          "uuid": "5aea6ffa-30e9-4e67-9d5f-1298d134ba40",
          "title": "Test Case 21: Add review on product",
          "fullFile": "",
          "file": "",
          "beforeHooks": [],
          "afterHooks": [],
          "tests": [
            {
              "title": "doit permettre d’ajouter un avis sur un produit avec succès",
              "fullTitle": "Test Case 21: Add review on product doit permettre d’ajouter un avis sur un produit avec succès",
              "timedOut": null,
              "duration": 8302,
              "state": "passed",
              "speed": "medium",
              "pass": true,
              "fail": false,
              "pending": false,
              "context": null,
              "code": "cy.ajouterAvisProduit('Nassim Kahlaoui', 'nassim11kahlaoui@gmail.com', 'Excellent produit, je recommande vivement !');",
              "err": {},
              "uuid": "092fc554-deb1-4b81-9423-91e807369741",
              "parentUUID": "5aea6ffa-30e9-4e67-9d5f-1298d134ba40",
              "isHook": false,
              "skipped": false
            }
          ],
          "suites": [],
          "passes": [
            "092fc554-deb1-4b81-9423-91e807369741"
          ],
          "failures": [],
          "pending": [],
          "skipped": [],
          "duration": 8302,
          "root": false,
          "rootEmpty": false,
          "_timeout": 2000
        }
      ],
      "passes": [],
      "failures": [],
      "pending": [],
      "skipped": [],
      "duration": 0,
      "root": true,
      "rootEmpty": true,
      "_timeout": 2000
    }
  ],
  "meta": {
    "mocha": {
      "version": "7.0.1"
    },
    "mochawesome": {
      "options": {
        "quiet": false,
        "reportFilename": "mochawesome",
        "saveHtml": false,
        "saveJson": true,
        "consoleReporter": "spec",
        "useInlineDiffs": false,
        "code": true
      },
      "version": "7.1.3"
    },
    "marge": {
      "options": {
        "reportDir": "cypress/reports/mochawesome",
        "overwrite": false,
        "html": false,
        "json": true
      },
      "version": "6.2.0"
    }
  }
}