{
  "stats": {
    "suites": 1,
    "tests": 1,
    "passes": 1,
    "pending": 0,
    "failures": 0,
    "start": "2025-08-06T16:07:24.945Z",
    "end": "2025-08-06T16:07:31.126Z",
    "duration": 6181,
    "testsRegistered": 1,
    "passPercent": 100,
    "pendingPercent": 0,
    "other": 0,
    "hasOther": false,
    "skipped": 0,
    "hasSkipped": false
  },
  "results": [
    {
      "uuid": "7241f887-bb3f-4179-9f9e-23d5eb2adb85",
      "title": "",
      "fullFile": "cypress/e2e/authentication/TC05_register_existing_email.cy.js",
      "file": "cypress/e2e/authentication/TC05_register_existing_email.cy.js",
      "beforeHooks": [],
      "afterHooks": [],
      "tests": [],
      "suites": [
        {
          "uuid": "6a920a5c-79b0-4cf9-bd2d-4e708ba127bf",
          "title": "Test Case 5: Register avec un email déjà existant",
          "fullFile": "",
          "file": "",
          "beforeHooks": [],
          "afterHooks": [],
          "tests": [
            {
              "title": "doit afficher une erreur si email déjà utilisé",
              "fullTitle": "Test Case 5: Register avec un email déjà existant doit afficher une erreur si email déjà utilisé",
              "timedOut": null,
              "duration": 6025,
              "state": "passed",
              "speed": "medium",
              "pass": true,
              "fail": false,
              "pending": false,
              "context": null,
              "code": "cy.registerAvecEmailExistant();",
              "err": {},
              "uuid": "4cbc9a1e-9aa7-4785-b925-f7d35435bb23",
              "parentUUID": "6a920a5c-79b0-4cf9-bd2d-4e708ba127bf",
              "isHook": false,
              "skipped": false
            }
          ],
          "suites": [],
          "passes": [
            "4cbc9a1e-9aa7-4785-b925-f7d35435bb23"
          ],
          "failures": [],
          "pending": [],
          "skipped": [],
          "duration": 6025,
          "root": false,
          "rootEmpty": false,
          "_timeout": 2000
        }
      ],
      "passes": [],
      "failures": [],
      "pending": [],
      "skipped": [],
      "duration": 0,
      "root": true,
      "rootEmpty": true,
      "_timeout": 2000
    }
  ],
  "meta": {
    "mocha": {
      "version": "7.0.1"
    },
    "mochawesome": {
      "options": {
        "quiet": false,
        "reportFilename": "mochawesome",
        "saveHtml": false,
        "saveJson": true,
        "consoleReporter": "spec",
        "useInlineDiffs": false,
        "code": true
      },
      "version": "7.1.3"
    },
    "marge": {
      "options": {
        "reportDir": "cypress/reports/mochawesome",
        "overwrite": false,
        "html": false,
        "json": true
      },
      "version": "6.2.0"
    }
  }
}