{
  "stats": {
    "suites": 1,
    "tests": 1,
    "passes": 1,
    "pending": 0,
    "failures": 0,
    "start": "2025-08-06T16:26:59.624Z",
    "end": "2025-08-06T16:27:08.476Z",
    "duration": 8852,
    "testsRegistered": 1,
    "passPercent": 100,
    "pendingPercent": 0,
    "other": 0,
    "hasOther": false,
    "skipped": 0,
    "hasSkipped": false
  },
  "results": [
    {
      "uuid": "4f35a89f-dba7-4266-838b-ff952c4f7ea7",
      "title": "",
      "fullFile": "cypress/e2e/products/TC09_search_product.cy.js",
      "file": "cypress/e2e/products/TC09_search_product.cy.js",
      "beforeHooks": [],
      "afterHooks": [],
      "tests": [],
      "suites": [
        {
          "uuid": "fa8d0621-2dc4-4358-b965-0c4807c36ea1",
          "title": "Recherche produit",
          "fullFile": "",
          "file": "",
          "beforeHooks": [],
          "afterHooks": [],
          "tests": [
            {
              "title": "doit afficher les résultats pour un produit recherché",
              "fullTitle": "Recherche produit doit afficher les résultats pour un produit recherché",
              "timedOut": null,
              "duration": 8637,
              "state": "passed",
              "speed": "medium",
              "pass": true,
              "fail": false,
              "pending": false,
              "context": null,
              "code": "cy.rechercherProduit('Top');",
              "err": {},
              "uuid": "62b0669a-041e-4f2c-aa37-adc00c880cc7",
              "parentUUID": "fa8d0621-2dc4-4358-b965-0c4807c36ea1",
              "isHook": false,
              "skipped": false
            }
          ],
          "suites": [],
          "passes": [
            "62b0669a-041e-4f2c-aa37-adc00c880cc7"
          ],
          "failures": [],
          "pending": [],
          "skipped": [],
          "duration": 8637,
          "root": false,
          "rootEmpty": false,
          "_timeout": 2000
        }
      ],
      "passes": [],
      "failures": [],
      "pending": [],
      "skipped": [],
      "duration": 0,
      "root": true,
      "rootEmpty": true,
      "_timeout": 2000
    }
  ],
  "meta": {
    "mocha": {
      "version": "7.0.1"
    },
    "mochawesome": {
      "options": {
        "quiet": false,
        "reportFilename": "mochawesome",
        "saveHtml": false,
        "saveJson": true,
        "consoleReporter": "spec",
        "useInlineDiffs": false,
        "code": true
      },
      "version": "7.1.3"
    },
    "marge": {
      "options": {
        "reportDir": "cypress/reports/mochawesome",
        "overwrite": false,
        "html": false,
        "json": true
      },
      "version": "6.2.0"
    }
  }
}