{
  "stats": {
    "suites": 1,
    "tests": 1,
    "passes": 1,
    "pending": 0,
    "failures": 0,
    "start": "2025-08-06T16:28:03.992Z",
    "end": "2025-08-06T16:28:04.336Z",
    "duration": 344,
    "testsRegistered": 1,
    "passPercent": 100,
    "pendingPercent": 0,
    "other": 0,
    "hasOther": false,
    "skipped": 0,
    "hasSkipped": false
  },
  "results": [
    {
      "uuid": "fc1a603f-a136-42c4-9ebf-499171a90e78",
      "title": "",
      "fullFile": "testapi/products_post.spec.js",
      "file": "testapi/products_post.spec.js",
      "beforeHooks": [],
      "afterHooks": [],
      "tests": [],
      "suites": [
        {
          "uuid": "1277ec6d-1036-4621-8850-db6668b9935f",
          "title": "API 2 – POST to /productsList should fail",
          "fullFile": "",
          "file": "",
          "beforeHooks": [],
          "afterHooks": [],
          "tests": [
            {
              "title": "should return 405 Method Not Allowed",
              "fullTitle": "API 2 – POST to /productsList should fail should return 405 Method Not Allowed",
              "timedOut": null,
              "duration": 300,
              "state": "passed",
              "speed": "fast",
              "pass": true,
              "fail": false,
              "pending": false,
              "context": null,
              "code": "cy.request({\n  method: 'POST',\n  url: 'https://automationexercise.com/api/productsList',\n  failOnStatusCode: false\n}).then(res => {\n  expect(res.status).to.eq(200);\n  const body = JSON.parse(res.body);\n  expect(body).to.have.property('message');\n  expect(body.message).to.eq('This request method is not supported.');\n});",
              "err": {},
              "uuid": "9b73f9eb-dfc8-4629-8774-f28ed9171ab5",
              "parentUUID": "1277ec6d-1036-4621-8850-db6668b9935f",
              "isHook": false,
              "skipped": false
            }
          ],
          "suites": [],
          "passes": [
            "9b73f9eb-dfc8-4629-8774-f28ed9171ab5"
          ],
          "failures": [],
          "pending": [],
          "skipped": [],
          "duration": 300,
          "root": false,
          "rootEmpty": false,
          "_timeout": 2000
        }
      ],
      "passes": [],
      "failures": [],
      "pending": [],
      "skipped": [],
      "duration": 0,
      "root": true,
      "rootEmpty": true,
      "_timeout": 2000
    }
  ],
  "meta": {
    "mocha": {
      "version": "7.0.1"
    },
    "mochawesome": {
      "options": {
        "quiet": false,
        "reportFilename": "mochawesome",
        "saveHtml": false,
        "saveJson": true,
        "consoleReporter": "spec",
        "useInlineDiffs": false,
        "code": true
      },
      "version": "7.1.3"
    },
    "marge": {
      "options": {
        "reportDir": "cypress/reports/mochawesome",
        "overwrite": false,
        "html": false,
        "json": true
      },
      "version": "6.2.0"
    }
  }
}