{
  "stats": {
    "suites": 1,
    "tests": 1,
    "passes": 1,
    "pending": 0,
    "failures": 0,
    "start": "2025-11-24T10:35:05.829Z",
    "end": "2025-11-24T10:35:13.040Z",
    "duration": 7211,
    "testsRegistered": 1,
    "passPercent": 100,
    "pendingPercent": 0,
    "other": 0,
    "hasOther": false,
    "skipped": 0,
    "hasSkipped": false
  },
  "results": [
    {
      "uuid": "baff95e3-95b8-48cf-b106-522237834283",
      "title": "",
      "fullFile": "cypress/e2e/authentication/TC02_login_user_correct.cy.js",
      "file": "cypress/e2e/authentication/TC02_login_user_correct.cy.js",
      "beforeHooks": [],
      "afterHooks": [],
      "tests": [],
      "suites": [
        {
          "uuid": "a16bdbf1-d3d7-4cb6-af96-2dada31032f1",
          "title": "Test Case 2: Login and Delete Account",
          "fullFile": "",
          "file": "",
          "beforeHooks": [],
          "afterHooks": [],
          "tests": [
            {
              "title": "doit se connecter et supprimer le compte avec succès",
              "fullTitle": "Test Case 2: Login and Delete Account doit se connecter et supprimer le compte avec succès",
              "timedOut": null,
              "duration": 7156,
              "state": "passed",
              "speed": "medium",
              "pass": true,
              "fail": false,
              "pending": false,
              "context": null,
              "code": "cy.loginEtSupprimerCompte();",
              "err": {},
              "uuid": "a5e39abe-1480-408c-85f0-5a67491e1131",
              "parentUUID": "a16bdbf1-d3d7-4cb6-af96-2dada31032f1",
              "isHook": false,
              "skipped": false
            }
          ],
          "suites": [],
          "passes": [
            "a5e39abe-1480-408c-85f0-5a67491e1131"
          ],
          "failures": [],
          "pending": [],
          "skipped": [],
          "duration": 7156,
          "root": false,
          "rootEmpty": false,
          "_timeout": 2000
        }
      ],
      "passes": [],
      "failures": [],
      "pending": [],
      "skipped": [],
      "duration": 0,
      "root": true,
      "rootEmpty": true,
      "_timeout": 2000
    }
  ],
  "meta": {
    "mocha": {
      "version": "7.0.1"
    },
    "mochawesome": {
      "options": {
        "quiet": false,
        "reportFilename": "mochawesome",
        "saveHtml": false,
        "saveJson": true,
        "consoleReporter": "spec",
        "useInlineDiffs": false,
        "code": true
      },
      "version": "7.1.3"
    },
    "marge": {
      "options": {
        "reportDir": "cypress/results",
        "overwrite": false,
        "html": false,
        "json": true
      },
      "version": "6.2.0"
    }
  }
}