{
  "stats": {
    "suites": 1,
    "tests": 1,
    "passes": 1,
    "pending": 0,
    "failures": 0,
    "start": "2025-11-24T10:34:33.461Z",
    "end": "2025-11-24T10:34:40.058Z",
    "duration": 6597,
    "testsRegistered": 1,
    "passPercent": 100,
    "pendingPercent": 0,
    "other": 0,
    "hasOther": false,
    "skipped": 0,
    "hasSkipped": false
  },
  "results": [
    {
      "uuid": "d5af92d0-6124-48f8-becd-50796d766a00",
      "title": "",
      "fullFile": "cypress/e2e/cart/TC12_add_products_cart.cy.js",
      "file": "cypress/e2e/cart/TC12_add_products_cart.cy.js",
      "beforeHooks": [],
      "afterHooks": [],
      "tests": [],
      "suites": [
        {
          "uuid": "5623c5ff-f075-4782-8b3f-cbc25ef6611e",
          "title": "Test Case 12: Add Products in Cart",
          "fullFile": "",
          "file": "",
          "beforeHooks": [],
          "afterHooks": [],
          "tests": [
            {
              "title": "ajoute 2 produits et vérifie le panier",
              "fullTitle": "Test Case 12: Add Products in Cart ajoute 2 produits et vérifie le panier",
              "timedOut": null,
              "duration": 6435,
              "state": "passed",
              "speed": "medium",
              "pass": true,
              "fail": false,
              "pending": false,
              "context": null,
              "code": "cy.ajouterDeuxProduitsEtVerifierPanier();",
              "err": {},
              "uuid": "57048b60-0945-482b-b304-8ec2178d991d",
              "parentUUID": "5623c5ff-f075-4782-8b3f-cbc25ef6611e",
              "isHook": false,
              "skipped": false
            }
          ],
          "suites": [],
          "passes": [
            "57048b60-0945-482b-b304-8ec2178d991d"
          ],
          "failures": [],
          "pending": [],
          "skipped": [],
          "duration": 6435,
          "root": false,
          "rootEmpty": false,
          "_timeout": 2000
        }
      ],
      "passes": [],
      "failures": [],
      "pending": [],
      "skipped": [],
      "duration": 0,
      "root": true,
      "rootEmpty": true,
      "_timeout": 2000
    }
  ],
  "meta": {
    "mocha": {
      "version": "7.0.1"
    },
    "mochawesome": {
      "options": {
        "quiet": false,
        "reportFilename": "mochawesome",
        "saveHtml": false,
        "saveJson": true,
        "consoleReporter": "spec",
        "useInlineDiffs": false,
        "code": true
      },
      "version": "7.1.3"
    },
    "marge": {
      "options": {
        "reportDir": "cypress/results",
        "overwrite": false,
        "html": false,
        "json": true
      },
      "version": "6.2.0"
    }
  }
}