{
  "stats": {
    "suites": 1,
    "tests": 1,
    "passes": 1,
    "pending": 0,
    "failures": 0,
    "start": "2025-11-24T10:39:50.267Z",
    "end": "2025-11-24T10:39:50.745Z",
    "duration": 478,
    "testsRegistered": 1,
    "passPercent": 100,
    "pendingPercent": 0,
    "other": 0,
    "hasOther": false,
    "skipped": 0,
    "hasSkipped": false
  },
  "results": [
    {
      "uuid": "30a845f3-926a-457f-aef9-d1121a38597d",
      "title": "",
      "fullFile": "testapi/products.spec.js",
      "file": "testapi/products.spec.js",
      "beforeHooks": [],
      "afterHooks": [],
      "tests": [],
      "suites": [
        {
          "uuid": "c3577643-45d6-49b1-a3c6-c6f43e196160",
          "title": "API 1 – Get All Products List",
          "fullFile": "",
          "file": "",
          "beforeHooks": [],
          "afterHooks": [],
          "tests": [
            {
              "title": "should return 200 and a list of products",
              "fullTitle": "API 1 – Get All Products List should return 200 and a list of products",
              "timedOut": null,
              "duration": 411,
              "state": "passed",
              "speed": "fast",
              "pass": true,
              "fail": false,
              "pending": false,
              "context": null,
              "code": "cy.request('https://automationexercise.com/api/productsList').then(res => {\n  expect(res.status).to.eq(200);\n  // ✅ Parse the string body to real JSON\n  const body = JSON.parse(res.body);\n  expect(body).to.have.property('products');\n  expect(body.products).to.be.an('array');\n  expect(body.products.length).to.be.greaterThan(0);\n});",
              "err": {},
              "uuid": "9844966f-362a-4b31-ad12-afa3e388f561",
              "parentUUID": "c3577643-45d6-49b1-a3c6-c6f43e196160",
              "isHook": false,
              "skipped": false
            }
          ],
          "suites": [],
          "passes": [
            "9844966f-362a-4b31-ad12-afa3e388f561"
          ],
          "failures": [],
          "pending": [],
          "skipped": [],
          "duration": 411,
          "root": false,
          "rootEmpty": false,
          "_timeout": 2000
        }
      ],
      "passes": [],
      "failures": [],
      "pending": [],
      "skipped": [],
      "duration": 0,
      "root": true,
      "rootEmpty": true,
      "_timeout": 2000
    }
  ],
  "meta": {
    "mocha": {
      "version": "7.0.1"
    },
    "mochawesome": {
      "options": {
        "quiet": false,
        "reportFilename": "mochawesome",
        "saveHtml": false,
        "saveJson": true,
        "consoleReporter": "spec",
        "useInlineDiffs": false,
        "code": true
      },
      "version": "7.1.3"
    },
    "marge": {
      "options": {
        "reportDir": "cypress/results",
        "overwrite": false,
        "html": false,
        "json": true
      },
      "version": "6.2.0"
    }
  }
}