{
  "stats": {
    "suites": 1,
    "tests": 1,
    "passes": 1,
    "pending": 0,
    "failures": 0,
    "start": "2025-11-24T10:35:52.520Z",
    "end": "2025-11-24T10:35:56.856Z",
    "duration": 4336,
    "testsRegistered": 1,
    "passPercent": 100,
    "pendingPercent": 0,
    "other": 0,
    "hasOther": false,
    "skipped": 0,
    "hasSkipped": false
  },
  "results": [
    {
      "uuid": "8ac64723-0b2c-46ad-92b4-eed87925e780",
      "title": "",
      "fullFile": "cypress/e2e/authentication/TC05_register_existing_email.cy.js",
      "file": "cypress/e2e/authentication/TC05_register_existing_email.cy.js",
      "beforeHooks": [],
      "afterHooks": [],
      "tests": [],
      "suites": [
        {
          "uuid": "f8fbc0b9-ea1c-46bd-9116-c45f6bb0fdaf",
          "title": "Test Case 5: Register avec un email déjà existant",
          "fullFile": "",
          "file": "",
          "beforeHooks": [],
          "afterHooks": [],
          "tests": [
            {
              "title": "doit afficher une erreur si email déjà utilisé",
              "fullTitle": "Test Case 5: Register avec un email déjà existant doit afficher une erreur si email déjà utilisé",
              "timedOut": null,
              "duration": 4269,
              "state": "passed",
              "speed": "fast",
              "pass": true,
              "fail": false,
              "pending": false,
              "context": null,
              "code": "cy.registerAvecEmailExistant();",
              "err": {},
              "uuid": "837b8f26-7dc1-47a9-91ff-a1f3bcade651",
              "parentUUID": "f8fbc0b9-ea1c-46bd-9116-c45f6bb0fdaf",
              "isHook": false,
              "skipped": false
            }
          ],
          "suites": [],
          "passes": [
            "837b8f26-7dc1-47a9-91ff-a1f3bcade651"
          ],
          "failures": [],
          "pending": [],
          "skipped": [],
          "duration": 4269,
          "root": false,
          "rootEmpty": false,
          "_timeout": 2000
        }
      ],
      "passes": [],
      "failures": [],
      "pending": [],
      "skipped": [],
      "duration": 0,
      "root": true,
      "rootEmpty": true,
      "_timeout": 2000
    }
  ],
  "meta": {
    "mocha": {
      "version": "7.0.1"
    },
    "mochawesome": {
      "options": {
        "quiet": false,
        "reportFilename": "mochawesome",
        "saveHtml": false,
        "saveJson": true,
        "consoleReporter": "spec",
        "useInlineDiffs": false,
        "code": true
      },
      "version": "7.1.3"
    },
    "marge": {
      "options": {
        "reportDir": "cypress/results",
        "overwrite": false,
        "html": false,
        "json": true
      },
      "version": "6.2.0"
    }
  }
}