{
  "stats": {
    "suites": 1,
    "tests": 1,
    "passes": 1,
    "pending": 0,
    "failures": 0,
    "start": "2025-11-24T10:39:22.252Z",
    "end": "2025-11-24T10:39:22.861Z",
    "duration": 609,
    "testsRegistered": 1,
    "passPercent": 100,
    "pendingPercent": 0,
    "other": 0,
    "hasOther": false,
    "skipped": 0,
    "hasSkipped": false
  },
  "results": [
    {
      "uuid": "ed991723-cb8f-4d1e-aa7d-5f40d0b16d18",
      "title": "",
      "fullFile": "testapi/get_user_detail.spec.js",
      "file": "testapi/get_user_detail.spec.js",
      "beforeHooks": [],
      "afterHooks": [],
      "tests": [],
      "suites": [
        {
          "uuid": "95b45746-b473-42e3-884a-177b599b215e",
          "title": "API 14 – Get User Detail by Email",
          "fullFile": "",
          "file": "",
          "beforeHooks": [],
          "afterHooks": [],
          "tests": [
            {
              "title": "should create a user then retrieve its details",
              "fullTitle": "API 14 – Get User Detail by Email should create a user then retrieve its details",
              "timedOut": null,
              "duration": 576,
              "state": "passed",
              "speed": "fast",
              "pass": true,
              "fail": false,
              "pending": false,
              "context": null,
              "code": "const user = (0, _utils.creerUserUnique)();\n// 🔹 Étape 1 – Créer l’utilisateur\ncy.request({\n  method: 'POST',\n  url: 'https://automationexercise.com/api/createAccount',\n  form: true,\n  body: {\n    name: user.name,\n    email: user.email,\n    password: user.password,\n    title: 'Mr',\n    birth_date: '02',\n    birth_month: 'February',\n    birth_year: '2000',\n    firstname: 'Laila',\n    lastname: 'Chadli',\n    company: 'TestCorp',\n    address1: '2 Mars',\n    address2: 'Immeuble B',\n    country: 'Morocco',\n    zipcode: '20000',\n    state: 'Casa-Settat',\n    city: 'Casablanca',\n    mobile_number: '0600000000'\n  }\n}).then(res => {\n  expect(res.status).to.eq(200);\n  const body = JSON.parse(res.body);\n  expect(body.message).to.eq('User created!');\n  // 🔹 Étape 2 – Rechercher l’utilisateur par email\n  cy.request({\n    method: 'GET',\n    url: `https://automationexercise.com/api/getUserDetailByEmail?email=${user.email}`\n  }).then(res => {\n    expect(res.status).to.eq(200);\n    const body = JSON.parse(res.body);\n    expect(body).to.have.property('user');\n    expect(body.user).to.have.property('email', user.email);\n    expect(body.user).to.have.property('name', user.name);\n  });\n});",
              "err": {},
              "uuid": "093a9719-9ae0-4c76-a368-41bd8d1c2971",
              "parentUUID": "95b45746-b473-42e3-884a-177b599b215e",
              "isHook": false,
              "skipped": false
            }
          ],
          "suites": [],
          "passes": [
            "093a9719-9ae0-4c76-a368-41bd8d1c2971"
          ],
          "failures": [],
          "pending": [],
          "skipped": [],
          "duration": 576,
          "root": false,
          "rootEmpty": false,
          "_timeout": 2000
        }
      ],
      "passes": [],
      "failures": [],
      "pending": [],
      "skipped": [],
      "duration": 0,
      "root": true,
      "rootEmpty": true,
      "_timeout": 2000
    }
  ],
  "meta": {
    "mocha": {
      "version": "7.0.1"
    },
    "mochawesome": {
      "options": {
        "quiet": false,
        "reportFilename": "mochawesome",
        "saveHtml": false,
        "saveJson": true,
        "consoleReporter": "spec",
        "useInlineDiffs": false,
        "code": true
      },
      "version": "7.1.3"
    },
    "marge": {
      "options": {
        "reportDir": "cypress/results",
        "overwrite": false,
        "html": false,
        "json": true
      },
      "version": "6.2.0"
    }
  }
}