{
  "stats": {
    "suites": 1,
    "tests": 1,
    "passes": 1,
    "pending": 0,
    "failures": 0,
    "start": "2025-11-24T10:38:32.200Z",
    "end": "2025-11-24T10:38:39.899Z",
    "duration": 7699,
    "testsRegistered": 1,
    "passPercent": 100,
    "pendingPercent": 0,
    "other": 0,
    "hasOther": false,
    "skipped": 0,
    "hasSkipped": false
  },
  "results": [
    {
      "uuid": "791e372b-969b-493c-82aa-42f8fe58aea0",
      "title": "",
      "fullFile": "cypress/e2e/products/TC06_contact_us.cy.js",
      "file": "cypress/e2e/products/TC06_contact_us.cy.js",
      "beforeHooks": [],
      "afterHooks": [],
      "tests": [],
      "suites": [
        {
          "uuid": "28e736dd-d203-456f-ac27-0815dc3e6951",
          "title": "Test Case 6: Contact Us Form",
          "fullFile": "",
          "file": "",
          "beforeHooks": [],
          "afterHooks": [],
          "tests": [
            {
              "title": "devrait envoyer le formulaire Contact avec succès",
              "fullTitle": "Test Case 6: Contact Us Form devrait envoyer le formulaire Contact avec succès",
              "timedOut": null,
              "duration": 7641,
              "state": "passed",
              "speed": "medium",
              "pass": true,
              "fail": false,
              "pending": false,
              "context": null,
              "code": "cy.remplirFormulaireContact();",
              "err": {},
              "uuid": "4c090f36-6d0f-42d3-83e9-84d4110357ad",
              "parentUUID": "28e736dd-d203-456f-ac27-0815dc3e6951",
              "isHook": false,
              "skipped": false
            }
          ],
          "suites": [],
          "passes": [
            "4c090f36-6d0f-42d3-83e9-84d4110357ad"
          ],
          "failures": [],
          "pending": [],
          "skipped": [],
          "duration": 7641,
          "root": false,
          "rootEmpty": false,
          "_timeout": 2000
        }
      ],
      "passes": [],
      "failures": [],
      "pending": [],
      "skipped": [],
      "duration": 0,
      "root": true,
      "rootEmpty": true,
      "_timeout": 2000
    }
  ],
  "meta": {
    "mocha": {
      "version": "7.0.1"
    },
    "mochawesome": {
      "options": {
        "quiet": false,
        "reportFilename": "mochawesome",
        "saveHtml": false,
        "saveJson": true,
        "consoleReporter": "spec",
        "useInlineDiffs": false,
        "code": true
      },
      "version": "7.1.3"
    },
    "marge": {
      "options": {
        "reportDir": "cypress/results",
        "overwrite": false,
        "html": false,
        "json": true
      },
      "version": "6.2.0"
    }
  }
}