{
  "stats": {
    "suites": 1,
    "tests": 1,
    "passes": 1,
    "pending": 0,
    "failures": 0,
    "start": "2025-11-24T10:38:48.523Z",
    "end": "2025-11-24T10:38:54.306Z",
    "duration": 5783,
    "testsRegistered": 1,
    "passPercent": 100,
    "pendingPercent": 0,
    "other": 0,
    "hasOther": false,
    "skipped": 0,
    "hasSkipped": false
  },
  "results": [
    {
      "uuid": "6ba72a32-947d-4a29-a04c-81871813747f",
      "title": "",
      "fullFile": "cypress/e2e/products/TC08_all_products_and_details.cy.js",
      "file": "cypress/e2e/products/TC08_all_products_and_details.cy.js",
      "beforeHooks": [],
      "afterHooks": [],
      "tests": [],
      "suites": [
        {
          "uuid": "bcab8b6f-fb29-41e6-8aad-58a2d847b577",
          "title": "Test Case 8 - Produits et détails",
          "fullFile": "",
          "file": "",
          "beforeHooks": [],
          "afterHooks": [],
          "tests": [
            {
              "title": "vérifie la page produits et la page détail produit",
              "fullTitle": "Test Case 8 - Produits et détails vérifie la page produits et la page détail produit",
              "timedOut": null,
              "duration": 5603,
              "state": "passed",
              "speed": "medium",
              "pass": true,
              "fail": false,
              "pending": false,
              "context": null,
              "code": "cy.verifierProduitsEtDetails();",
              "err": {},
              "uuid": "b0377dae-aa95-4d43-a7f4-e160ad2022a2",
              "parentUUID": "bcab8b6f-fb29-41e6-8aad-58a2d847b577",
              "isHook": false,
              "skipped": false
            }
          ],
          "suites": [],
          "passes": [
            "b0377dae-aa95-4d43-a7f4-e160ad2022a2"
          ],
          "failures": [],
          "pending": [],
          "skipped": [],
          "duration": 5603,
          "root": false,
          "rootEmpty": false,
          "_timeout": 2000
        }
      ],
      "passes": [],
      "failures": [],
      "pending": [],
      "skipped": [],
      "duration": 0,
      "root": true,
      "rootEmpty": true,
      "_timeout": 2000
    }
  ],
  "meta": {
    "mocha": {
      "version": "7.0.1"
    },
    "mochawesome": {
      "options": {
        "quiet": false,
        "reportFilename": "mochawesome",
        "saveHtml": false,
        "saveJson": true,
        "consoleReporter": "spec",
        "useInlineDiffs": false,
        "code": true
      },
      "version": "7.1.3"
    },
    "marge": {
      "options": {
        "reportDir": "cypress/results",
        "overwrite": false,
        "html": false,
        "json": true
      },
      "version": "6.2.0"
    }
  }
}