<?xml version="1.0" encoding="UTF-8"?>
<testsuites name="Mocha Tests" time="25.790" tests="1" failures="1">
  <testsuite name="Root Suite" timestamp="2025-11-24T10:54:42" tests="0" file="cypress/e2e/download/TC24_download_invoice.cy.js" time="0.000" failures="0">
  </testsuite>
  <testsuite name="Test Case 24: Download Invoice after purchase order" timestamp="2025-11-24T10:54:42" tests="1" time="25.783" failures="1">
    <testcase name="Test Case 24: Download Invoice after purchase order doit permettre de télécharger la facture après la commande" time="0.000" classname="doit permettre de télécharger la facture après la commande">
      <failure message="Timed out retrying after 4000ms: Expected to find element: `:nth-child(7) &gt; .btn`, but never found it." type="AssertionError"><![CDATA[AssertionError: Timed out retrying after 4000ms: Expected to find element: `:nth-child(7) > .btn`, but never found it.
    at Object.boutonPlaceOrder (webpack://cypress-ecomerce/./cypress/fixtures/selecteurs.js:120:27)
    at Context.eval (webpack://cypress-ecomerce/./cypress/support/commands.js:397:13)]]></failure>
    </testcase>
  </testsuite>
</testsuites>