<?xml version="1.0" encoding="UTF-8"?>
<testsuites name="Mocha Tests" time="28.054" tests="1" failures="0">
  <testsuite name="Root Suite" timestamp="2025-11-24T11:07:32" tests="0" file="cypress/e2e/authentication/TC04_logout_user.cy.js" time="0.000" failures="0">
  </testsuite>
  <testsuite name="Test Case 4: Logout User" timestamp="2025-11-24T11:07:32" tests="1" time="28.048" failures="0">
    <testcase name="Test Case 4: Logout User doit se connecter puis se déconnecter avec succès" time="27.962" classname="doit se connecter puis se déconnecter avec succès">
    </testcase>
  </testsuite>
</testsuites>