<?xml version="1.0" encoding="UTF-8"?>
<testsuites name="Mocha Tests" time="6.476" tests="1" failures="0">
  <testsuite name="Root Suite" timestamp="2025-11-24T11:05:27" tests="0" file="cypress/e2e/account/TC18_view_category_products.cy.js" time="0.000" failures="0">
  </testsuite>
  <testsuite name="Test Case 18: View Category Products" timestamp="2025-11-24T11:05:27" tests="1" time="6.470" failures="0">
    <testcase name="Test Case 18: View Category Products doit afficher les produits des catégories sélectionnées" time="6.398" classname="doit afficher les produits des catégories sélectionnées">
    </testcase>
  </testsuite>
</testsuites>