<?xml version="1.0" encoding="UTF-8"?>
<testsuites name="Mocha Tests" time="7.432" tests="1" failures="0">
  <testsuite name="Root Suite" timestamp="2025-11-24T10:56:31" tests="0" file="cypress/e2e/cart/TC12_add_products_cart.cy.js" time="0.000" failures="0">
  </testsuite>
  <testsuite name="Test Case 12: Add Products in Cart" timestamp="2025-11-24T10:56:31" tests="1" time="7.390" failures="0">
    <testcase name="Test Case 12: Add Products in Cart ajoute 2 produits et vérifie le panier" time="7.226" classname="ajoute 2 produits et vérifie le panier">
    </testcase>
  </testsuite>
</testsuites>