<?xml version="1.0" encoding="UTF-8"?>
<testsuites name="Mocha Tests" time="4.589" tests="1" failures="0">
  <testsuite name="Root Suite" timestamp="2025-11-24T11:08:26" tests="0" file="cypress/e2e/cart/TC13_verify_cart_after_login.cy.js" time="0.000" failures="0">
  </testsuite>
  <testsuite name="Test Case 13: Vérifier quantité produit dans le panier" timestamp="2025-11-24T11:08:26" tests="1" time="4.585" failures="0">
    <testcase name="Test Case 13: Vérifier quantité produit dans le panier doit afficher la bonne quantité après ajout" time="4.531" classname="doit afficher la bonne quantité après ajout">
    </testcase>
  </testsuite>
</testsuites>