<?xml version="1.0" encoding="UTF-8"?>
<testsuites name="Mocha Tests" time="0.328" tests="1" failures="0">
  <testsuite name="Root Suite" timestamp="2025-11-24T10:59:53" tests="0" file="testapi/login_no_email.spec.js" time="0.000" failures="0">
  </testsuite>
  <testsuite name="API 8 – Login without email parameter" timestamp="2025-11-24T10:59:53" tests="1" time="0.290" failures="0">
    <testcase name="API 8 – Login without email parameter should return 400 and products array" time="0.264" classname="should return 400 and products array">
    </testcase>
  </testsuite>
</testsuites>