<?xml version="1.0" encoding="UTF-8"?>
<testsuites name="Mocha Tests" time="6.924" tests="1" failures="0">
  <testsuite name="Root Suite" timestamp="2025-11-24T11:11:35" tests="0" file="cypress/e2e/products/TC08_all_products_and_details.cy.js" time="0.000" failures="0">
  </testsuite>
  <testsuite name="Test Case 8 - Produits et détails" timestamp="2025-11-24T11:11:35" tests="1" time="6.921" failures="0">
    <testcase name="Test Case 8 - Produits et détails vérifie la page produits et la page détail produit" time="6.715" classname="vérifie la page produits et la page détail produit">
    </testcase>
  </testsuite>
</testsuites>