<?xml version="1.0" encoding="UTF-8"?>
<testsuites name="Mocha Tests" time="6.977" tests="1" failures="0">
  <testsuite name="Root Suite" timestamp="2025-11-24T11:07:15" tests="0" file="cypress/e2e/authentication/TC02_login_user_correct.cy.js" time="0.000" failures="0">
  </testsuite>
  <testsuite name="Test Case 2: Login and Delete Account" timestamp="2025-11-24T11:07:15" tests="1" time="6.972" failures="0">
    <testcase name="Test Case 2: Login and Delete Account doit se connecter et supprimer le compte avec succès" time="6.939" classname="doit se connecter et supprimer le compte avec succès">
    </testcase>
  </testsuite>
</testsuites>