<?xml version="1.0" encoding="UTF-8"?>
<testsuites name="Mocha Tests" time="0.504" tests="1" failures="0">
  <testsuite name="Root Suite" timestamp="2025-11-24T11:00:11" tests="0" file="testapi/products.spec.js" time="0.000" failures="0">
  </testsuite>
  <testsuite name="API 1 – Get All Products List" timestamp="2025-11-24T11:00:11" tests="1" time="0.500" failures="0">
    <testcase name="API 1 – Get All Products List should return 200 and a list of products" time="0.473" classname="should return 200 and a list of products">
    </testcase>
  </testsuite>
</testsuites>