<?xml version="1.0" encoding="UTF-8"?>
<testsuites name="Mocha Tests" time="33.526" tests="1" failures="0">
  <testsuite name="Root Suite" timestamp="2025-11-24T10:53:25" tests="0" file="cypress/e2e/account/TC20_search_products_and_verify_cart.cy.js" time="0.000" failures="0">
  </testsuite>
  <testsuite name="Test Case 20: Search Products and Verify Cart After Login" timestamp="2025-11-24T10:53:25" tests="1" time="33.521" failures="0">
    <testcase name="Test Case 20: Search Products and Verify Cart After Login doit rechercher un produit, l’ajouter au panier, se connecter et vérifier que le panier est conservé" time="33.386" classname="doit rechercher un produit, l’ajouter au panier, se connecter et vérifier que le panier est conservé">
    </testcase>
  </testsuite>
</testsuites>