<?xml version="1.0" encoding="UTF-8"?>
<testsuites name="Mocha Tests" time="5.859" tests="1" failures="0">
  <testsuite name="Root Suite" timestamp="2025-11-24T10:59:11" tests="0" file="cypress/e2e/products/TC08_all_products_and_details.cy.js" time="0.000" failures="0">
  </testsuite>
  <testsuite name="Test Case 8 - Produits et détails" timestamp="2025-11-24T10:59:11" tests="1" time="5.856" failures="0">
    <testcase name="Test Case 8 - Produits et détails vérifie la page produits et la page détail produit" time="5.685" classname="vérifie la page produits et la page détail produit">
    </testcase>
  </testsuite>
</testsuites>